This is pdfTeX, Version 3.141592653-2.6-1.40.23 (TeX Live 2021/W32TeX) (preloaded format=pdflatex 2021.10.19)  19 OCT 2021 23:34
entering extended mode
 restricted \write18 enabled.
 %&-line parsing enabled.
**DHM_analysis.tex
(./DHM_analysis.tex
LaTeX2e <2021-06-01> patch level 1
L3 programming layer <2021-10-17> (c:/Users/Sam/AppData/Roaming/TinyTeX/texmf-d
ist/tex/latex/base/article.cls
Document Class: article 2021/02/12 v1.4n Standard LaTeX document class
(c:/Users/Sam/AppData/Roaming/TinyTeX/texmf-dist/tex/latex/base/size10.clo
File: size10.clo 2021/02/12 v1.4n Standard LaTeX file (size option)
)
\c@part=\count182
\c@section=\count183
\c@subsection=\count184
\c@subsubsection=\count185
\c@paragraph=\count186
\c@subparagraph=\count187
\c@figure=\count188
\c@table=\count189
\abovecaptionskip=\skip47
\belowcaptionskip=\skip48
\bibindent=\dimen138
) (c:/Users/Sam/AppData/Roaming/TinyTeX/texmf-dist/tex/latex/lm/lmodern.sty
Package: lmodern 2015/05/01 v1.6.1 Latin Modern Fonts
LaTeX Font Info:    Overwriting symbol font `operators' in version `normal'
(Font)                  OT1/cmr/m/n --> OT1/lmr/m/n on input line 22.
LaTeX Font Info:    Overwriting symbol font `letters' in version `normal'
(Font)                  OML/cmm/m/it --> OML/lmm/m/it on input line 23.
LaTeX Font Info:    Overwriting symbol font `symbols' in version `normal'
(Font)                  OMS/cmsy/m/n --> OMS/lmsy/m/n on input line 24.
LaTeX Font Info:    Overwriting symbol font `largesymbols' in version `normal'
(Font)                  OMX/cmex/m/n --> OMX/lmex/m/n on input line 25.
LaTeX Font Info:    Overwriting symbol font `operators' in version `bold'
(Font)                  OT1/cmr/bx/n --> OT1/lmr/bx/n on input line 26.
LaTeX Font Info:    Overwriting symbol font `letters' in version `bold'
(Font)                  OML/cmm/b/it --> OML/lmm/b/it on input line 27.
LaTeX Font Info:    Overwriting symbol font `symbols' in version `bold'
(Font)                  OMS/cmsy/b/n --> OMS/lmsy/b/n on input line 28.
LaTeX Font Info:    Overwriting symbol font `largesymbols' in version `bold'
(Font)                  OMX/cmex/m/n --> OMX/lmex/m/n on input line 29.
LaTeX Font Info:    Overwriting math alphabet `\mathbf' in version `normal'
(Font)                  OT1/cmr/bx/n --> OT1/lmr/bx/n on input line 31.
LaTeX Font Info:    Overwriting math alphabet `\mathsf' in version `normal'
(Font)                  OT1/cmss/m/n --> OT1/lmss/m/n on input line 32.
LaTeX Font Info:    Overwriting math alphabet `\mathit' in version `normal'
(Font)                  OT1/cmr/m/it --> OT1/lmr/m/it on input line 33.
LaTeX Font Info:    Overwriting math alphabet `\mathtt' in version `normal'
(Font)                  OT1/cmtt/m/n --> OT1/lmtt/m/n on input line 34.
LaTeX Font Info:    Overwriting math alphabet `\mathbf' in version `bold'
(Font)                  OT1/cmr/bx/n --> OT1/lmr/bx/n on input line 35.
LaTeX Font Info:    Overwriting math alphabet `\mathsf' in version `bold'
(Font)                  OT1/cmss/bx/n --> OT1/lmss/bx/n on input line 36.
LaTeX Font Info:    Overwriting math alphabet `\mathit' in version `bold'
(Font)                  OT1/cmr/bx/it --> OT1/lmr/bx/it on input line 37.
LaTeX Font Info:    Overwriting math alphabet `\mathtt' in version `bold'
(Font)                  OT1/cmtt/m/n --> OT1/lmtt/m/n on input line 38.
)
(c:/Users/Sam/AppData/Roaming/TinyTeX/texmf-dist/tex/latex/amsfonts/amssymb.sty
Package: amssymb 2013/01/14 v3.01 AMS font symbols

(c:/Users/Sam/AppData/Roaming/TinyTeX/texmf-dist/tex/latex/amsfonts/amsfonts.st
y
Package: amsfonts 2013/01/14 v3.01 Basic AMSFonts support
\@emptytoks=\toks16
\symAMSa=\mathgroup4
\symAMSb=\mathgroup5
LaTeX Font Info:    Redeclaring math symbol \hbar on input line 98.
LaTeX Font Info:    Overwriting math alphabet `\mathfrak' in version `bold'
(Font)                  U/euf/m/n --> U/euf/b/n on input line 106.
)) (c:/Users/Sam/AppData/Roaming/TinyTeX/texmf-dist/tex/latex/amsmath/amsmath.s
ty
Package: amsmath 2021/04/20 v2.17j AMS math features
\@mathmargin=\skip49
For additional information on amsmath, use the `?' option.
(c:/Users/Sam/AppData/Roaming/TinyTeX/texmf-dist/tex/latex/amsmath/amstext.sty
Package: amstext 2000/06/29 v2.01 AMS text
(c:/Users/Sam/AppData/Roaming/TinyTeX/texmf-dist/tex/latex/amsmath/amsgen.sty
File: amsgen.sty 1999/11/30 v2.0 generic functions
\@emptytoks=\toks17
\ex@=\dimen139
)) (c:/Users/Sam/AppData/Roaming/TinyTeX/texmf-dist/tex/latex/amsmath/amsbsy.st
y
Package: amsbsy 1999/11/29 v1.2d Bold Symbols
\pmbraise@=\dimen140
) (c:/Users/Sam/AppData/Roaming/TinyTeX/texmf-dist/tex/latex/amsmath/amsopn.sty
Package: amsopn 2016/03/08 v2.02 operator names
)
\inf@bad=\count190
LaTeX Info: Redefining \frac on input line 234.
\uproot@=\count191
\leftroot@=\count192
LaTeX Info: Redefining \overline on input line 399.
\classnum@=\count193
\DOTSCASE@=\count194
LaTeX Info: Redefining \ldots on input line 496.
LaTeX Info: Redefining \dots on input line 499.
LaTeX Info: Redefining \cdots on input line 620.
\Mathstrutbox@=\box50
\strutbox@=\box51
\big@size=\dimen141
LaTeX Font Info:    Redeclaring font encoding OML on input line 743.
LaTeX Font Info:    Redeclaring font encoding OMS on input line 744.
\macc@depth=\count195
\c@MaxMatrixCols=\count196
\dotsspace@=\muskip16
\c@parentequation=\count197
\dspbrk@lvl=\count198
\tag@help=\toks18
\row@=\count199
\column@=\count266
\maxfields@=\count267
\andhelp@=\toks19
\eqnshift@=\dimen142
\alignsep@=\dimen143
\tagshift@=\dimen144
\tagwidth@=\dimen145
\totwidth@=\dimen146
\lineht@=\dimen147
\@envbody=\toks20
\multlinegap=\skip50
\multlinetaggap=\skip51
\mathdisplay@stack=\toks21
LaTeX Info: Redefining \[ on input line 2923.
LaTeX Info: Redefining \] on input line 2924.
) (c:/Users/Sam/AppData/Roaming/TinyTeX/texmf-dist/tex/generic/iftex/ifxetex.st
y
Package: ifxetex 2019/10/25 v0.7 ifxetex legacy package. Use iftex instead.
(c:/Users/Sam/AppData/Roaming/TinyTeX/texmf-dist/tex/generic/iftex/iftex.sty
Package: iftex 2020/03/06 v1.0d TeX engine tests
))
(c:/Users/Sam/AppData/Roaming/TinyTeX/texmf-dist/tex/generic/iftex/ifluatex.sty
Package: ifluatex 2019/10/25 v1.5 ifluatex legacy package. Use iftex instead.
) (c:/Users/Sam/AppData/Roaming/TinyTeX/texmf-dist/tex/latex/base/fontenc.sty
Package: fontenc 2021/04/29 v2.0v Standard LaTeX package
LaTeX Font Info:    Trying to load font information for T1+lmr on input line 11
2.
(c:/Users/Sam/AppData/Roaming/TinyTeX/texmf-dist/tex/latex/lm/t1lmr.fd
File: t1lmr.fd 2015/05/01 v1.6.1 Font defs for Latin Modern
)) (c:/Users/Sam/AppData/Roaming/TinyTeX/texmf-dist/tex/latex/base/inputenc.sty
Package: inputenc 2021/02/14 v1.3d Input encoding file
\inpenc@prehook=\toks22
\inpenc@posthook=\toks23
) (c:/Users/Sam/AppData/Roaming/TinyTeX/texmf-dist/tex/latex/base/textcomp.sty
Package: textcomp 2020/02/02 v2.0n Standard LaTeX package
) (c:/Users/Sam/AppData/Roaming/TinyTeX/texmf-dist/tex/latex/xcolor/xcolor.sty
Package: xcolor 2016/05/11 v2.12 LaTeX color extensions (UK)

(c:/Users/Sam/AppData/Roaming/TinyTeX/texmf-dist/tex/latex/graphics-cfg/color.c
fg
File: color.cfg 2016/01/02 v1.6 sample color configuration
)
Package xcolor Info: Driver file: pdftex.def on input line 225.

(c:/Users/Sam/AppData/Roaming/TinyTeX/texmf-dist/tex/latex/graphics-def/pdftex.
def
File: pdftex.def 2020/10/05 v1.2a Graphics/color driver for pdftex
)
Package xcolor Info: Model `cmy' substituted by `cmy0' on input line 1348.
Package xcolor Info: Model `hsb' substituted by `rgb' on input line 1352.
Package xcolor Info: Model `RGB' extended on input line 1364.
Package xcolor Info: Model `HTML' substituted by `rgb' on input line 1366.
Package xcolor Info: Model `Hsb' substituted by `hsb' on input line 1367.
Package xcolor Info: Model `tHsb' substituted by `hsb' on input line 1368.
Package xcolor Info: Model `HSB' substituted by `hsb' on input line 1369.
Package xcolor Info: Model `Gray' substituted by `gray' on input line 1370.
Package xcolor Info: Model `wave' substituted by `hsb' on input line 1371.
)
(c:/Users/Sam/AppData/Roaming/TinyTeX/texmf-dist/tex/latex/hyperref/hyperref.st
y
Package: hyperref 2021-06-07 v7.00m Hypertext links for LaTeX

(c:/Users/Sam/AppData/Roaming/TinyTeX/texmf-dist/tex/generic/ltxcmds/ltxcmds.st
y
Package: ltxcmds 2020-05-10 v1.25 LaTeX kernel commands for general use (HO)
)
(c:/Users/Sam/AppData/Roaming/TinyTeX/texmf-dist/tex/generic/pdftexcmds/pdftexc
mds.sty
Package: pdftexcmds 2020-06-27 v0.33 Utility functions of pdfTeX for LuaTeX (HO
)

(c:/Users/Sam/AppData/Roaming/TinyTeX/texmf-dist/tex/generic/infwarerr/infwarer
r.sty
Package: infwarerr 2019/12/03 v1.5 Providing info/warning/error messages (HO)
)
Package pdftexcmds Info: \pdf@primitive is available.
Package pdftexcmds Info: \pdf@ifprimitive is available.
Package pdftexcmds Info: \pdfdraftmode found.
) (c:/Users/Sam/AppData/Roaming/TinyTeX/texmf-dist/tex/latex/graphics/keyval.st
y
Package: keyval 2014/10/28 v1.15 key=value parser (DPC)
\KV@toks@=\toks24
)
(c:/Users/Sam/AppData/Roaming/TinyTeX/texmf-dist/tex/generic/kvsetkeys/kvsetkey
s.sty
Package: kvsetkeys 2019/12/15 v1.18 Key value parser (HO)
)
(c:/Users/Sam/AppData/Roaming/TinyTeX/texmf-dist/tex/generic/kvdefinekeys/kvdef
inekeys.sty
Package: kvdefinekeys 2019-12-19 v1.6 Define keys (HO)
)
(c:/Users/Sam/AppData/Roaming/TinyTeX/texmf-dist/tex/generic/pdfescape/pdfescap
e.sty
Package: pdfescape 2019/12/09 v1.15 Implements pdfTeX's escape features (HO)
) (c:/Users/Sam/AppData/Roaming/TinyTeX/texmf-dist/tex/latex/hycolor/hycolor.st
y
Package: hycolor 2020-01-27 v1.10 Color options for hyperref/bookmark (HO)
)
(c:/Users/Sam/AppData/Roaming/TinyTeX/texmf-dist/tex/latex/letltxmacro/letltxma
cro.sty
Package: letltxmacro 2019/12/03 v1.6 Let assignment for LaTeX macros (HO)
) (c:/Users/Sam/AppData/Roaming/TinyTeX/texmf-dist/tex/latex/auxhook/auxhook.st
y
Package: auxhook 2019-12-17 v1.6 Hooks for auxiliary files (HO)
)
(c:/Users/Sam/AppData/Roaming/TinyTeX/texmf-dist/tex/latex/kvoptions/kvoptions.
sty
Package: kvoptions 2020-10-07 v3.14 Key value format for package options (HO)
)
\@linkdim=\dimen148
\Hy@linkcounter=\count268
\Hy@pagecounter=\count269
(c:/Users/Sam/AppData/Roaming/TinyTeX/texmf-dist/tex/latex/hyperref/pd1enc.def
File: pd1enc.def 2021-06-07 v7.00m Hyperref: PDFDocEncoding definition (HO)
Now handling font encoding PD1 ...
... no UTF-8 mapping file for font encoding PD1
)
(c:/Users/Sam/AppData/Roaming/TinyTeX/texmf-dist/tex/latex/hyperref/hyperref-la
ngpatches.def
File: hyperref-langpatches.def 2021-06-07 v7.00m Hyperref: patches for babel la
nguages
)
(c:/Users/Sam/AppData/Roaming/TinyTeX/texmf-dist/tex/generic/intcalc/intcalc.st
y
Package: intcalc 2019/12/15 v1.3 Expandable calculations with integers (HO)
)
(c:/Users/Sam/AppData/Roaming/TinyTeX/texmf-dist/tex/generic/etexcmds/etexcmds.
sty
Package: etexcmds 2019/12/15 v1.7 Avoid name clashes with e-TeX commands (HO)
)
\Hy@SavedSpaceFactor=\count270
(c:/Users/Sam/AppData/Roaming/TinyTeX/texmf-dist/tex/latex/hyperref/puenc.def
File: puenc.def 2021-06-07 v7.00m Hyperref: PDF Unicode definition (HO)
Now handling font encoding PU ...
... no UTF-8 mapping file for font encoding PU
)
Package hyperref Info: Option `unicode' set `true' on input line 4073.
Package hyperref Info: Hyper figures OFF on input line 4192.
Package hyperref Info: Link nesting OFF on input line 4197.
Package hyperref Info: Hyper index ON on input line 4200.
Package hyperref Info: Plain pages OFF on input line 4207.
Package hyperref Info: Backreferencing OFF on input line 4212.
Package hyperref Info: Implicit mode ON; LaTeX internals redefined.
Package hyperref Info: Bookmarks ON on input line 4445.
\c@Hy@tempcnt=\count271
(c:/Users/Sam/AppData/Roaming/TinyTeX/texmf-dist/tex/latex/url/url.sty
\Urlmuskip=\muskip17
Package: url 2013/09/16  ver 3.4  Verb mode for urls, etc.
)
LaTeX Info: Redefining \url on input line 4804.
\XeTeXLinkMargin=\dimen149
(c:/Users/Sam/AppData/Roaming/TinyTeX/texmf-dist/tex/generic/bitset/bitset.sty
Package: bitset 2019/12/09 v1.3 Handle bit-vector datatype (HO)

(c:/Users/Sam/AppData/Roaming/TinyTeX/texmf-dist/tex/generic/bigintcalc/bigintc
alc.sty
Package: bigintcalc 2019/12/15 v1.5 Expandable calculations on big integers (HO
)
))
\Fld@menulength=\count272
\Field@Width=\dimen150
\Fld@charsize=\dimen151
Package hyperref Info: Hyper figures OFF on input line 6076.
Package hyperref Info: Link nesting OFF on input line 6081.
Package hyperref Info: Hyper index ON on input line 6084.
Package hyperref Info: backreferencing OFF on input line 6091.
Package hyperref Info: Link coloring OFF on input line 6096.
Package hyperref Info: Link coloring with OCG OFF on input line 6101.
Package hyperref Info: PDF/A mode OFF on input line 6106.
LaTeX Info: Redefining \ref on input line 6146.
LaTeX Info: Redefining \pageref on input line 6150.

(c:/Users/Sam/AppData/Roaming/TinyTeX/texmf-dist/tex/latex/base/atbegshi-ltx.st
y
Package: atbegshi-ltx 2021/01/10 v1.0c Emulation of the original atbegshi
package with kernel methods
)
\Hy@abspage=\count273
\c@Item=\count274
\c@Hfootnote=\count275
)
Package hyperref Info: Driver (autodetected): hpdftex.

(c:/Users/Sam/AppData/Roaming/TinyTeX/texmf-dist/tex/latex/hyperref/hpdftex.def
File: hpdftex.def 2021-06-07 v7.00m Hyperref driver for pdfTeX

(c:/Users/Sam/AppData/Roaming/TinyTeX/texmf-dist/tex/latex/base/atveryend-ltx.s
ty
Package: atveryend-ltx 2020/08/19 v1.0a Emulation of the original atvery packag
e
with kernel methods
)
\Fld@listcount=\count276
\c@bookmark@seq@number=\count277

(c:/Users/Sam/AppData/Roaming/TinyTeX/texmf-dist/tex/latex/rerunfilecheck/rerun
filecheck.sty
Package: rerunfilecheck 2019/12/05 v1.9 Rerun checks for auxiliary files (HO)

(c:/Users/Sam/AppData/Roaming/TinyTeX/texmf-dist/tex/generic/uniquecounter/uniq
uecounter.sty
Package: uniquecounter 2019/12/15 v1.4 Provide unlimited unique counter (HO)
)
Package uniquecounter Info: New unique counter `rerunfilecheck' on input line 2
86.
)
\Hy@SectionHShift=\skip52
)
(c:/Users/Sam/AppData/Roaming/TinyTeX/texmf-dist/tex/latex/geometry/geometry.st
y
Package: geometry 2020/01/02 v5.9 Page Geometry
(c:/Users/Sam/AppData/Roaming/TinyTeX/texmf-dist/tex/generic/iftex/ifvtex.sty
Package: ifvtex 2019/10/25 v1.7 ifvtex legacy package. Use iftex instead.
)
\Gm@cnth=\count278
\Gm@cntv=\count279
\c@Gm@tempcnt=\count280
\Gm@bindingoffset=\dimen152
\Gm@wd@mp=\dimen153
\Gm@odd@mp=\dimen154
\Gm@even@mp=\dimen155
\Gm@layoutwidth=\dimen156
\Gm@layoutheight=\dimen157
\Gm@layouthoffset=\dimen158
\Gm@layoutvoffset=\dimen159
\Gm@dimlist=\toks25
)
(c:/Users/Sam/AppData/Roaming/TinyTeX/texmf-dist/tex/latex/graphics/graphicx.st
y
Package: graphicx 2020/12/05 v1.2c Enhanced LaTeX Graphics (DPC,SPQR)

(c:/Users/Sam/AppData/Roaming/TinyTeX/texmf-dist/tex/latex/graphics/graphics.st
y
Package: graphics 2021/03/04 v1.4d Standard LaTeX Graphics (DPC,SPQR)
(c:/Users/Sam/AppData/Roaming/TinyTeX/texmf-dist/tex/latex/graphics/trig.sty
Package: trig 2016/01/03 v1.10 sin cos tan (DPC)
)
(c:/Users/Sam/AppData/Roaming/TinyTeX/texmf-dist/tex/latex/graphics-cfg/graphic
s.cfg
File: graphics.cfg 2016/06/04 v1.11 sample graphics configuration
)
Package graphics Info: Driver file: pdftex.def on input line 107.
)
\Gin@req@height=\dimen160
\Gin@req@width=\dimen161
) (c:/Users/Sam/AppData/Roaming/TinyTeX/texmf-dist/tex/latex/grffile/grffile.st
y
Package: grffile 2019/11/11 v2.1 Extended file name support for graphics (legac
y)
Package grffile Info: This package is an empty stub for compatibility on input 
line 40.
)
(c:/Users/Sam/AppData/Roaming/TinyTeX/texmf-dist/tex/latex/booktabs/booktabs.st
y
Package: booktabs 2020/01/12 v1.61803398 Publication quality tables
\heavyrulewidth=\dimen162
\lightrulewidth=\dimen163
\cmidrulewidth=\dimen164
\belowrulesep=\dimen165
\belowbottomsep=\dimen166
\aboverulesep=\dimen167
\abovetopsep=\dimen168
\cmidrulesep=\dimen169
\cmidrulekern=\dimen170
\defaultaddspace=\dimen171
\@cmidla=\count281
\@cmidlb=\count282
\@aboverulesep=\dimen172
\@belowrulesep=\dimen173
\@thisruleclass=\count283
\@lastruleclass=\count284
\@thisrulewidth=\dimen174
) (c:/Users/Sam/AppData/Roaming/TinyTeX/texmf-dist/tex/latex/tools/longtable.st
y
Package: longtable 2021-05-07 v4.16 Multi-page Table package (DPC)
\LTleft=\skip53
\LTright=\skip54
\LTpre=\skip55
\LTpost=\skip56
\LTchunksize=\count285
\LTcapwidth=\dimen175
\LT@head=\box52
\LT@firsthead=\box53
\LT@foot=\box54
\LT@lastfoot=\box55
\LT@gbox=\box56
\LT@cols=\count286
\LT@rows=\count287
\c@LT@tables=\count288
\c@LT@chunks=\count289
\LT@p@ftn=\toks26
) (c:/Users/Sam/AppData/Roaming/TinyTeX/texmf-dist/tex/latex/tools/array.sty
Package: array 2021/04/20 v2.5e Tabular extension package (FMi)
\col@sep=\dimen176
\ar@mcellbox=\box57
\extrarowheight=\dimen177
\NC@list=\toks27
\extratabsurround=\skip57
\backup@length=\skip58
\ar@cellbox=\box58
)
(c:/Users/Sam/AppData/Roaming/TinyTeX/texmf-dist/tex/latex/multirow/multirow.st
y
Package: multirow 2021/03/15 v2.8 Span multiple rows of a table
\multirow@colwidth=\skip59
\multirow@cntb=\count290
\multirow@dima=\skip60
\bigstrutjot=\dimen178
) (c:/Users/Sam/AppData/Roaming/TinyTeX/texmf-dist/tex/latex/wrapfig/wrapfig.st
y
\wrapoverhang=\dimen179
\WF@size=\dimen180
\c@WF@wrappedlines=\count291
\WF@box=\box59
\WF@everypar=\toks28
Package: wrapfig 2003/01/31  v 3.6
) (c:/Users/Sam/AppData/Roaming/TinyTeX/texmf-dist/tex/latex/float/float.sty
Package: float 2001/11/08 v1.3d Float enhancements (AL)
\c@float@type=\count292
\float@exts=\toks29
\float@box=\box60
\@float@everytoks=\toks30
\@floatcapt=\box61
)
(c:/Users/Sam/AppData/Roaming/TinyTeX/texmf-dist/tex/latex/colortbl/colortbl.st
y
Package: colortbl 2020/01/04 v1.0e Color table columns (DPC)
\everycr=\toks31
\minrowclearance=\skip61
)
(c:/Users/Sam/AppData/Roaming/TinyTeX/texmf-dist/tex/latex/pdflscape/pdflscape.
sty
Package: pdflscape 2019/12/05 v0.12 Display of landscape pages in PDF (HO)
(c:/Users/Sam/AppData/Roaming/TinyTeX/texmf-dist/tex/latex/graphics/lscape.sty
Package: lscape 2020/05/28 v3.02 Landscape Pages (DPC)
)
Package pdflscape Info: Auto-detected driver: pdftex on input line 81.
) (c:/Users/Sam/AppData/Roaming/TinyTeX/texmf-dist/tex/latex/tabu/tabu.sty
Package: tabu 2019/01/11 v2.9 - flexible LaTeX tabulars (FC+tabu-fixed)

(c:/Users/Sam/AppData/Roaming/TinyTeX/texmf-dist/tex/latex/varwidth/varwidth.st
y
Package: varwidth 2009/03/30 ver 0.92;  Variable-width minipages
\@vwid@box=\box62
\sift@deathcycles=\count293
\@vwid@loff=\dimen181
\@vwid@roff=\dimen182
)
\c@taburow=\count294
\tabu@nbcols=\count295
\tabu@cnt=\count296
\tabu@Xcol=\count297
\tabu@alloc=\count298
\tabu@nested=\count299
\tabu@target=\dimen183
\tabu@spreadtarget=\dimen184
\tabu@naturalX=\dimen185
\tabucolX=\dimen186
\tabu@Xsum=\dimen187
\extrarowdepth=\dimen188
\abovetabulinesep=\dimen189
\belowtabulinesep=\dimen190
\tabustrutrule=\dimen191
\tabu@thebody=\toks32
\tabu@footnotes=\toks33
\tabu@box=\box63
\tabu@arstrutbox=\box64
\tabu@hleads=\box65
\tabu@vleads=\box66
\tabu@cellskip=\skip62
)
(c:/Users/Sam/AppData/Roaming/TinyTeX/texmf-dist/tex/latex/threeparttable/three
parttable.sty
Package: threeparttable 2003/06/13  v 3.0
\@tempboxb=\box67
)
(c:/Users/Sam/AppData/Roaming/TinyTeX/texmf-dist/tex/latex/threeparttablex/thre
eparttablex.sty
Package: threeparttablex 2013/07/23 v0.3 by daleif
(c:/Users/Sam/AppData/Roaming/TinyTeX/texmf-dist/tex/latex/environ/environ.sty
Package: environ 2014/05/04 v0.3 A new way to define environments

(c:/Users/Sam/AppData/Roaming/TinyTeX/texmf-dist/tex/latex/trimspaces/trimspace
s.sty
Package: trimspaces 2009/09/17 v1.1 Trim spaces around a token list
))
\TPTL@width=\skip63
) (c:/Users/Sam/AppData/Roaming/TinyTeX/texmf-dist/tex/generic/ulem/ulem.sty
\UL@box=\box68
\UL@hyphenbox=\box69
\UL@skip=\skip64
\UL@hook=\toks34
\UL@height=\dimen192
\UL@pe=\count300
\UL@pixel=\dimen193
\ULC@box=\box70
Package: ulem 2019/11/18
\ULdepth=\dimen194
)
(c:/Users/Sam/AppData/Roaming/TinyTeX/texmf-dist/tex/latex/makecell/makecell.st
y
Package: makecell 2009/08/03 V0.1e Managing of Tab Column Heads and Cells
\rotheadsize=\dimen195
\c@nlinenum=\count301
\TeXr@lab=\toks35
)
(c:/Users/Sam/AppData/Roaming/TinyTeX/texmf-dist/tex/latex/l3backend/l3backend-
pdftex.def
File: l3backend-pdftex.def 2021-10-17 L3 backend support: PDF output (pdfTeX)
\l__color_backend_stack_int=\count302
\l__pdf_internal_box=\box71
) (./DHM_analysis.aux)
\openout1 = `DHM_analysis.aux'.

LaTeX Font Info:    Checking defaults for OML/cmm/m/it on input line 81.
LaTeX Font Info:    ... okay on input line 81.
LaTeX Font Info:    Checking defaults for OMS/cmsy/m/n on input line 81.
LaTeX Font Info:    ... okay on input line 81.
LaTeX Font Info:    Checking defaults for OT1/cmr/m/n on input line 81.
LaTeX Font Info:    ... okay on input line 81.
LaTeX Font Info:    Checking defaults for T1/cmr/m/n on input line 81.
LaTeX Font Info:    ... okay on input line 81.
LaTeX Font Info:    Checking defaults for TS1/cmr/m/n on input line 81.
LaTeX Font Info:    ... okay on input line 81.
LaTeX Font Info:    Checking defaults for OMX/cmex/m/n on input line 81.
LaTeX Font Info:    ... okay on input line 81.
LaTeX Font Info:    Checking defaults for U/cmr/m/n on input line 81.
LaTeX Font Info:    ... okay on input line 81.
LaTeX Font Info:    Checking defaults for PD1/pdf/m/n on input line 81.
LaTeX Font Info:    ... okay on input line 81.
LaTeX Font Info:    Checking defaults for PU/pdf/m/n on input line 81.
LaTeX Font Info:    ... okay on input line 81.

(c:/Users/Sam/AppData/Roaming/TinyTeX/texmf-dist/tex/latex/epstopdf-pkg/epstopd
f-base.sty
Package: epstopdf-base 2020-01-24 v2.11 Base part for package epstopdf
Package epstopdf-base Info: Redefining graphics rule for `.eps' on input line 4
85.

(c:/Users/Sam/AppData/Roaming/TinyTeX/texmf-dist/tex/latex/latexconfig/epstopdf
-sys.cfg
File: epstopdf-sys.cfg 2010/07/13 v1.3 Configuration of (r)epstopdf for TeX Liv
e
))
Package hyperref Info: Link coloring OFF on input line 81.

(c:/Users/Sam/AppData/Roaming/TinyTeX/texmf-dist/tex/latex/hyperref/nameref.sty
Package: nameref 2021-04-02 v2.47 Cross-referencing by name of section

(c:/Users/Sam/AppData/Roaming/TinyTeX/texmf-dist/tex/latex/refcount/refcount.st
y
Package: refcount 2019/12/15 v3.6 Data extraction from label references (HO)
)
(c:/Users/Sam/AppData/Roaming/TinyTeX/texmf-dist/tex/generic/gettitlestring/get
titlestring.sty
Package: gettitlestring 2019/12/15 v1.6 Cleanup title references (HO)
)
\c@section@level=\count303
)
LaTeX Info: Redefining \ref on input line 81.
LaTeX Info: Redefining \pageref on input line 81.
LaTeX Info: Redefining \nameref on input line 81.
(./DHM_analysis.out) (./DHM_analysis.out)
\@outlinefile=\write3
\openout3 = `DHM_analysis.out'.

*geometry* driver: auto-detecting
*geometry* detected driver: pdftex
*geometry* verbose mode - [ preamble ] result:
* driver: pdftex
* paper: <default>
* layout: <same size as paper>
* layoutoffset:(h,v)=(0.0pt,0.0pt)
* modes: 
* h-part:(L,W,R)=(72.26999pt, 469.75502pt, 72.26999pt)
* v-part:(T,H,B)=(72.26999pt, 650.43001pt, 72.26999pt)
* \paperwidth=614.295pt
* \paperheight=794.96999pt
* \textwidth=469.75502pt
* \textheight=650.43001pt
* \oddsidemargin=0.0pt
* \evensidemargin=0.0pt
* \topmargin=-37.0pt
* \headheight=12.0pt
* \headsep=25.0pt
* \topskip=10.0pt
* \footskip=30.0pt
* \marginparwidth=65.0pt
* \marginparsep=11.0pt
* \columnsep=10.0pt
* \skip\footins=9.0pt plus 4.0pt minus 2.0pt
* \hoffset=0.0pt
* \voffset=0.0pt
* \mag=1000
* \@twocolumnfalse
* \@twosidefalse
* \@mparswitchfalse
* \@reversemarginfalse
* (1in=72.27pt=25.4mm, 1cm=28.453pt)

LaTeX Font Info:    Trying to load font information for OT1+lmr on input line 8
3.
(c:/Users/Sam/AppData/Roaming/TinyTeX/texmf-dist/tex/latex/lm/ot1lmr.fd
File: ot1lmr.fd 2015/05/01 v1.6.1 Font defs for Latin Modern
)
LaTeX Font Info:    Trying to load font information for OML+lmm on input line 8
3.
(c:/Users/Sam/AppData/Roaming/TinyTeX/texmf-dist/tex/latex/lm/omllmm.fd
File: omllmm.fd 2015/05/01 v1.6.1 Font defs for Latin Modern
)
LaTeX Font Info:    Trying to load font information for OMS+lmsy on input line 
83.
(c:/Users/Sam/AppData/Roaming/TinyTeX/texmf-dist/tex/latex/lm/omslmsy.fd
File: omslmsy.fd 2015/05/01 v1.6.1 Font defs for Latin Modern
)
LaTeX Font Info:    Trying to load font information for OMX+lmex on input line 
83.
(c:/Users/Sam/AppData/Roaming/TinyTeX/texmf-dist/tex/latex/lm/omxlmex.fd
File: omxlmex.fd 2015/05/01 v1.6.1 Font defs for Latin Modern
)
LaTeX Font Info:    External font `lmex10' loaded for size
(Font)              <12> on input line 83.
LaTeX Font Info:    External font `lmex10' loaded for size
(Font)              <8> on input line 83.
LaTeX Font Info:    External font `lmex10' loaded for size
(Font)              <6> on input line 83.
LaTeX Font Info:    Trying to load font information for U+msa on input line 83.

(c:/Users/Sam/AppData/Roaming/TinyTeX/texmf-dist/tex/latex/amsfonts/umsa.fd
File: umsa.fd 2013/01/14 v3.01 AMS symbols A
)
LaTeX Font Info:    Trying to load font information for U+msb on input line 83.

(c:/Users/Sam/AppData/Roaming/TinyTeX/texmf-dist/tex/latex/amsfonts/umsb.fd
File: umsb.fd 2013/01/14 v3.01 AMS symbols B
)
LaTeX Font Info:    External font `lmex10' loaded for size
(Font)              <10> on input line 88.
LaTeX Font Info:    External font `lmex10' loaded for size
(Font)              <7> on input line 88.
LaTeX Font Info:    External font `lmex10' loaded for size
(Font)              <5> on input line 88.
<DHM_analysis_files/figure-latex/SST_Anomaly_TS-1.pdf, id=96, 469.755pt x 325.2
15pt>
File: DHM_analysis_files/figure-latex/SST_Anomaly_TS-1.pdf Graphic file (type p
df)
<use DHM_analysis_files/figure-latex/SST_Anomaly_TS-1.pdf>
Package pdftex.def Info: DHM_analysis_files/figure-latex/SST_Anomaly_TS-1.pdf  
used on input line 127.
(pdftex.def)             Requested size: 469.75386pt x 325.2142pt.
<DHM_analysis_files/figure-latex/SST_Anomaly_TS-2.pdf, id=97, 469.755pt x 325.2
15pt>
File: DHM_analysis_files/figure-latex/SST_Anomaly_TS-2.pdf Graphic file (type p
df)
<use DHM_analysis_files/figure-latex/SST_Anomaly_TS-2.pdf>
Package pdftex.def Info: DHM_analysis_files/figure-latex/SST_Anomaly_TS-2.pdf  
used on input line 128.
(pdftex.def)             Requested size: 469.75386pt x 325.2142pt.
<DHM_analysis_files/figure-latex/SST_Anomaly_TS-3.pdf, id=98, 469.755pt x 325.2
15pt>
File: DHM_analysis_files/figure-latex/SST_Anomaly_TS-3.pdf Graphic file (type p
df)
<use DHM_analysis_files/figure-latex/SST_Anomaly_TS-3.pdf>
Package pdftex.def Info: DHM_analysis_files/figure-latex/SST_Anomaly_TS-3.pdf  
used on input line 129.
(pdftex.def)             Requested size: 469.75386pt x 325.2142pt.
<DHM_analysis_files/figure-latex/SST_Anomaly_TS-4.pdf, id=99, 469.755pt x 325.2
15pt>
File: DHM_analysis_files/figure-latex/SST_Anomaly_TS-4.pdf Graphic file (type p
df)
<use DHM_analysis_files/figure-latex/SST_Anomaly_TS-4.pdf>
Package pdftex.def Info: DHM_analysis_files/figure-latex/SST_Anomaly_TS-4.pdf  
used on input line 130.
(pdftex.def)             Requested size: 469.75386pt x 325.2142pt.
<DHM_analysis_files/figure-latex/SST_Anomaly_TS-5.pdf, id=100, 469.755pt x 325.
215pt>
File: DHM_analysis_files/figure-latex/SST_Anomaly_TS-5.pdf Graphic file (type p
df)
<use DHM_analysis_files/figure-latex/SST_Anomaly_TS-5.pdf>
Package pdftex.def Info: DHM_analysis_files/figure-latex/SST_Anomaly_TS-5.pdf  
used on input line 131.
(pdftex.def)             Requested size: 469.75386pt x 325.2142pt.
<DHM_analysis_files/figure-latex/SST_Anomaly_TS-6.pdf, id=101, 469.755pt x 325.
215pt>
File: DHM_analysis_files/figure-latex/SST_Anomaly_TS-6.pdf Graphic file (type p
df)
<use DHM_analysis_files/figure-latex/SST_Anomaly_TS-6.pdf>
Package pdftex.def Info: DHM_analysis_files/figure-latex/SST_Anomaly_TS-6.pdf  
used on input line 132.
(pdftex.def)             Requested size: 469.75386pt x 325.2142pt.
<DHM_analysis_files/figure-latex/SST_Anomaly_TS-7.pdf, id=102, 469.755pt x 325.
215pt>
File: DHM_analysis_files/figure-latex/SST_Anomaly_TS-7.pdf Graphic file (type p
df)
<use DHM_analysis_files/figure-latex/SST_Anomaly_TS-7.pdf>
Package pdftex.def Info: DHM_analysis_files/figure-latex/SST_Anomaly_TS-7.pdf  
used on input line 133.
(pdftex.def)             Requested size: 469.75386pt x 325.2142pt.
<DHM_analysis_files/figure-latex/SST_Anomaly_TS-8.pdf, id=103, 469.755pt x 325.
215pt>
File: DHM_analysis_files/figure-latex/SST_Anomaly_TS-8.pdf Graphic file (type p
df)
<use DHM_analysis_files/figure-latex/SST_Anomaly_TS-8.pdf>
Package pdftex.def Info: DHM_analysis_files/figure-latex/SST_Anomaly_TS-8.pdf  
used on input line 134.
(pdftex.def)             Requested size: 469.75386pt x 325.2142pt.
<DHM_analysis_files/figure-latex/SST_Anomaly_TS-9.pdf, id=104, 469.755pt x 325.
215pt>
File: DHM_analysis_files/figure-latex/SST_Anomaly_TS-9.pdf Graphic file (type p
df)
<use DHM_analysis_files/figure-latex/SST_Anomaly_TS-9.pdf>
Package pdftex.def Info: DHM_analysis_files/figure-latex/SST_Anomaly_TS-9.pdf  
used on input line 135.
(pdftex.def)             Requested size: 469.75386pt x 325.2142pt.
<DHM_analysis_files/figure-latex/SST_Anomaly_TS-10.pdf, id=105, 469.755pt x 325
.215pt>
File: DHM_analysis_files/figure-latex/SST_Anomaly_TS-10.pdf Graphic file (type 
pdf)
<use DHM_analysis_files/figure-latex/SST_Anomaly_TS-10.pdf>
Package pdftex.def Info: DHM_analysis_files/figure-latex/SST_Anomaly_TS-10.pdf 
 used on input line 136.
(pdftex.def)             Requested size: 469.75386pt x 325.2142pt.
<DHM_analysis_files/figure-latex/SST_Anomaly_TS-11.pdf, id=106, 469.755pt x 325
.215pt>
File: DHM_analysis_files/figure-latex/SST_Anomaly_TS-11.pdf Graphic file (type 
pdf)
<use DHM_analysis_files/figure-latex/SST_Anomaly_TS-11.pdf>
Package pdftex.def Info: DHM_analysis_files/figure-latex/SST_Anomaly_TS-11.pdf 
 used on input line 137.
(pdftex.def)             Requested size: 469.75386pt x 325.2142pt.
<DHM_analysis_files/figure-latex/SST_Anomaly_TS-12.pdf, id=107, 469.755pt x 325
.215pt>
File: DHM_analysis_files/figure-latex/SST_Anomaly_TS-12.pdf Graphic file (type 
pdf)
<use DHM_analysis_files/figure-latex/SST_Anomaly_TS-12.pdf>
Package pdftex.def Info: DHM_analysis_files/figure-latex/SST_Anomaly_TS-12.pdf 
 used on input line 138.
(pdftex.def)             Requested size: 469.75386pt x 325.2142pt.
<DHM_analysis_files/figure-latex/SST_Anomaly_TS-13.pdf, id=108, 469.755pt x 325
.215pt>
File: DHM_analysis_files/figure-latex/SST_Anomaly_TS-13.pdf Graphic file (type 
pdf)
<use DHM_analysis_files/figure-latex/SST_Anomaly_TS-13.pdf>
Package pdftex.def Info: DHM_analysis_files/figure-latex/SST_Anomaly_TS-13.pdf 
 used on input line 139.
(pdftex.def)             Requested size: 469.75386pt x 325.2142pt.
<DHM_analysis_files/figure-latex/SST_Anomaly_TS-14.pdf, id=109, 469.755pt x 325
.215pt>
File: DHM_analysis_files/figure-latex/SST_Anomaly_TS-14.pdf Graphic file (type 
pdf)
<use DHM_analysis_files/figure-latex/SST_Anomaly_TS-14.pdf>
Package pdftex.def Info: DHM_analysis_files/figure-latex/SST_Anomaly_TS-14.pdf 
 used on input line 140.
(pdftex.def)             Requested size: 469.75386pt x 325.2142pt.
<DHM_analysis_files/figure-latex/SST_Anomaly_TS-15.pdf, id=110, 469.755pt x 325
.215pt>
File: DHM_analysis_files/figure-latex/SST_Anomaly_TS-15.pdf Graphic file (type 
pdf)
<use DHM_analysis_files/figure-latex/SST_Anomaly_TS-15.pdf>
Package pdftex.def Info: DHM_analysis_files/figure-latex/SST_Anomaly_TS-15.pdf 
 used on input line 141.
(pdftex.def)             Requested size: 469.75386pt x 325.2142pt.
<DHM_analysis_files/figure-latex/SST_Anomaly_TS-16.pdf, id=111, 469.755pt x 325
.215pt>
File: DHM_analysis_files/figure-latex/SST_Anomaly_TS-16.pdf Graphic file (type 
pdf)
<use DHM_analysis_files/figure-latex/SST_Anomaly_TS-16.pdf>
Package pdftex.def Info: DHM_analysis_files/figure-latex/SST_Anomaly_TS-16.pdf 
 used on input line 142.
(pdftex.def)             Requested size: 469.75386pt x 325.2142pt.
<DHM_analysis_files/figure-latex/SST_Anomaly_TS-17.pdf, id=112, 469.755pt x 325
.215pt>
File: DHM_analysis_files/figure-latex/SST_Anomaly_TS-17.pdf Graphic file (type 
pdf)
<use DHM_analysis_files/figure-latex/SST_Anomaly_TS-17.pdf>
Package pdftex.def Info: DHM_analysis_files/figure-latex/SST_Anomaly_TS-17.pdf 
 used on input line 143.
(pdftex.def)             Requested size: 469.75386pt x 325.2142pt.
<DHM_analysis_files/figure-latex/SST_Anomaly_TS-18.pdf, id=113, 469.755pt x 325
.215pt>
File: DHM_analysis_files/figure-latex/SST_Anomaly_TS-18.pdf Graphic file (type 
pdf)
<use DHM_analysis_files/figure-latex/SST_Anomaly_TS-18.pdf>
Package pdftex.def Info: DHM_analysis_files/figure-latex/SST_Anomaly_TS-18.pdf 
 used on input line 144.
(pdftex.def)             Requested size: 469.75386pt x 325.2142pt.
<DHM_analysis_files/figure-latex/SST_Anomaly_TS-19.pdf, id=114, 469.755pt x 325
.215pt>
File: DHM_analysis_files/figure-latex/SST_Anomaly_TS-19.pdf Graphic file (type 
pdf)
<use DHM_analysis_files/figure-latex/SST_Anomaly_TS-19.pdf>
Package pdftex.def Info: DHM_analysis_files/figure-latex/SST_Anomaly_TS-19.pdf 
 used on input line 145.
(pdftex.def)             Requested size: 469.75386pt x 325.2142pt.
<DHM_analysis_files/figure-latex/SST_Anomaly_TS-20.pdf, id=115, 469.755pt x 325
.215pt>
File: DHM_analysis_files/figure-latex/SST_Anomaly_TS-20.pdf Graphic file (type 
pdf)
<use DHM_analysis_files/figure-latex/SST_Anomaly_TS-20.pdf>
Package pdftex.def Info: DHM_analysis_files/figure-latex/SST_Anomaly_TS-20.pdf 
 used on input line 146.
(pdftex.def)             Requested size: 469.75386pt x 325.2142pt.
<DHM_analysis_files/figure-latex/SST_Anomaly_TS-21.pdf, id=116, 469.755pt x 325
.215pt>
File: DHM_analysis_files/figure-latex/SST_Anomaly_TS-21.pdf Graphic file (type 
pdf)
<use DHM_analysis_files/figure-latex/SST_Anomaly_TS-21.pdf>
Package pdftex.def Info: DHM_analysis_files/figure-latex/SST_Anomaly_TS-21.pdf 
 used on input line 147.
(pdftex.def)             Requested size: 469.75386pt x 325.2142pt.
<DHM_analysis_files/figure-latex/SST_Anomaly_TS-22.pdf, id=117, 469.755pt x 325
.215pt>
File: DHM_analysis_files/figure-latex/SST_Anomaly_TS-22.pdf Graphic file (type 
pdf)
<use DHM_analysis_files/figure-latex/SST_Anomaly_TS-22.pdf>
Package pdftex.def Info: DHM_analysis_files/figure-latex/SST_Anomaly_TS-22.pdf 
 used on input line 148.
(pdftex.def)             Requested size: 469.75386pt x 325.2142pt.

Underfull \hbox (badness 10000) in paragraph at lines 127--149
[]
 []


Underfull \hbox (badness 10000) in paragraph at lines 127--149
[]
 []


Underfull \hbox (badness 10000) in paragraph at lines 127--149
[]
 []


Underfull \hbox (badness 10000) in paragraph at lines 127--149
[]
 []


Underfull \hbox (badness 10000) in paragraph at lines 127--149
[]
 []


Underfull \hbox (badness 10000) in paragraph at lines 127--149
[]
 []


Underfull \hbox (badness 10000) in paragraph at lines 127--149
[]
 []


Underfull \hbox (badness 10000) in paragraph at lines 127--149
[]
 []


Underfull \hbox (badness 10000) in paragraph at lines 127--149
[]
 []


Underfull \hbox (badness 10000) in paragraph at lines 127--149
[]
 []


Underfull \hbox (badness 10000) in paragraph at lines 127--149
[]
 []


Underfull \hbox (badness 10000) in paragraph at lines 127--149
[]
 []


Underfull \hbox (badness 10000) in paragraph at lines 127--149
[]
 []


Underfull \hbox (badness 10000) in paragraph at lines 127--149
[]
 []


Underfull \hbox (badness 10000) in paragraph at lines 127--149
[]
 []


Underfull \hbox (badness 10000) in paragraph at lines 127--149
[]
 []


Underfull \hbox (badness 10000) in paragraph at lines 127--149
[]
 []


Underfull \hbox (badness 10000) in paragraph at lines 127--149
[]
 []


Underfull \hbox (badness 10000) in paragraph at lines 127--149
[]
 []


Underfull \hbox (badness 10000) in paragraph at lines 127--149
[]
 []


Underfull \hbox (badness 10000) in paragraph at lines 127--149
[]
 []

[1

{c:/Users/Sam/AppData/Roaming/TinyTeX/texmf-var/fonts/map/pdftex/updmap/pdftex.
map}]
Overfull \vbox (29.70103pt too high) has occurred while \output is active []

[2 <./DHM_analysis_files/figure-latex/SST_Anomaly_TS-1.pdf> <./DHM_analysis_fil
es/figure-latex/SST_Anomaly_TS-2.pdf>] [3 <./DHM_analysis_files/figure-latex/SS
T_Anomaly_TS-3.pdf>] [4 <./DHM_analysis_files/figure-latex/SST_Anomaly_TS-4.pdf
>] [5 <./DHM_analysis_files/figure-latex/SST_Anomaly_TS-5.pdf>] [6 <./DHM_analy
sis_files/figure-latex/SST_Anomaly_TS-6.pdf>] [7 <./DHM_analysis_files/figure-l
atex/SST_Anomaly_TS-7.pdf>] [8 <./DHM_analysis_files/figure-latex/SST_Anomaly_T
S-8.pdf>] [9 <./DHM_analysis_files/figure-latex/SST_Anomaly_TS-9.pdf>] [10 <./D
HM_analysis_files/figure-latex/SST_Anomaly_TS-10.pdf>] [11 <./DHM_analysis_file
s/figure-latex/SST_Anomaly_TS-11.pdf>] [12 <./DHM_analysis_files/figure-latex/S
ST_Anomaly_TS-12.pdf>] [13 <./DHM_analysis_files/figure-latex/SST_Anomaly_TS-13
.pdf>] [14 <./DHM_analysis_files/figure-latex/SST_Anomaly_TS-14.pdf>] [15 <./DH
M_analysis_files/figure-latex/SST_Anomaly_TS-15.pdf>] [16 <./DHM_analysis_files
/figure-latex/SST_Anomaly_TS-16.pdf>] [17 <./DHM_analysis_files/figure-latex/SS
T_Anomaly_TS-17.pdf>] [18 <./DHM_analysis_files/figure-latex/SST_Anomaly_TS-18.
pdf>] [19 <./DHM_analysis_files/figure-latex/SST_Anomaly_TS-19.pdf>] [20 <./DHM
_analysis_files/figure-latex/SST_Anomaly_TS-20.pdf>] [21 <./DHM_analysis_files/
figure-latex/SST_Anomaly_TS-21.pdf>] [22 <./DHM_analysis_files/figure-latex/SST
_Anomaly_TS-22.pdf>] [23]
<DHM_analysis_files/figure-latex/DHM_BRS05-1.pdf, id=422, 469.755pt x 325.215pt
>
File: DHM_analysis_files/figure-latex/DHM_BRS05-1.pdf Graphic file (type pdf)
<use DHM_analysis_files/figure-latex/DHM_BRS05-1.pdf>
Package pdftex.def Info: DHM_analysis_files/figure-latex/DHM_BRS05-1.pdf  used 
on input line 282.
(pdftex.def)             Requested size: 469.75386pt x 325.2142pt.
[24 <./DHM_analysis_files/figure-latex/DHM_BRS05-1.pdf>] [25]
<DHM_analysis_files/figure-latex/DHM_BRS07-1.pdf, id=446, 469.755pt x 325.215pt
>
File: DHM_analysis_files/figure-latex/DHM_BRS07-1.pdf Graphic file (type pdf)
<use DHM_analysis_files/figure-latex/DHM_BRS07-1.pdf>
Package pdftex.def Info: DHM_analysis_files/figure-latex/DHM_BRS07-1.pdf  used 
on input line 473.
(pdftex.def)             Requested size: 469.75386pt x 325.2142pt.
[26] [27 <./DHM_analysis_files/figure-latex/DHM_BRS07-1.pdf>]

LaTeX Warning: Float too large for page by 5244.2671pt on input line 2316.

<DHM_analysis_files/figure-latex/DHM_DAR3-1.pdf, id=465, 469.755pt x 325.215pt>

File: DHM_analysis_files/figure-latex/DHM_DAR3-1.pdf Graphic file (type pdf)
<use DHM_analysis_files/figure-latex/DHM_DAR3-1.pdf>
Package pdftex.def Info: DHM_analysis_files/figure-latex/DHM_DAR3-1.pdf  used o
n input line 2318.
(pdftex.def)             Requested size: 469.75386pt x 325.2142pt.
[28 <./DHM_analysis_files/figure-latex/DHM_DAR3-1.pdf>] [29pdfTeX warning (ext4
): destination with the same identifier (name{table.3}) has been already used, 
duplicate ignored
<argument> ...shipout:D \box_use:N \l_shipout_box 
                                                  \__shipout_drop_firstpage_...
l.2320 \newpage
               ] [30]
<DHM_analysis_files/figure-latex/DHM_DARL-1.pdf, id=492, 469.755pt x 325.215pt>

File: DHM_analysis_files/figure-latex/DHM_DARL-1.pdf Graphic file (type pdf)
<use DHM_analysis_files/figure-latex/DHM_DARL-1.pdf>
Package pdftex.def Info: DHM_analysis_files/figure-latex/DHM_DARL-1.pdf  used o
n input line 2483.
(pdftex.def)             Requested size: 469.75386pt x 325.2142pt.
[31] [32 <./DHM_analysis_files/figure-latex/DHM_DARL-1.pdf>] [33]
Overfull \vbox (5219.7671pt too high) has occurred while \output is active []

[34]
<DHM_analysis_files/figure-latex/DHM_SCOTT_RPO_1-1.pdf, id=521, 469.755pt x 325
.215pt>
File: DHM_analysis_files/figure-latex/DHM_SCOTT_RPO_1-1.pdf Graphic file (type 
pdf)
<use DHM_analysis_files/figure-latex/DHM_SCOTT_RPO_1-1.pdf>
Package pdftex.def Info: DHM_analysis_files/figure-latex/DHM_SCOTT_RPO_1-1.pdf 
 used on input line 4331.
(pdftex.def)             Requested size: 469.75386pt x 325.2142pt.
[35 <./DHM_analysis_files/figure-latex/DHM_SCOTT_RPO_1-1.pdf>] [36]
Overfull \vbox (5219.7671pt too high) has occurred while \output is active []

[37]
<DHM_analysis_files/figure-latex/DHM_SCOTT_SL4-1.pdf, id=546, 469.755pt x 325.2
15pt>
File: DHM_analysis_files/figure-latex/DHM_SCOTT_SL4-1.pdf Graphic file (type pd
f)
<use DHM_analysis_files/figure-latex/DHM_SCOTT_SL4-1.pdf>
Package pdftex.def Info: DHM_analysis_files/figure-latex/DHM_SCOTT_SL4-1.pdf  u
sed on input line 6178.
(pdftex.def)             Requested size: 469.75386pt x 325.2142pt.
[38 <./DHM_analysis_files/figure-latex/DHM_SCOTT_SL4-1.pdf>] [39]
Overfull \vbox (5219.7671pt too high) has occurred while \output is active []

[40]
<DHM_analysis_files/figure-latex/DHM_SCOTT_SS3-1.pdf, id=571, 469.755pt x 325.2
15pt>
File: DHM_analysis_files/figure-latex/DHM_SCOTT_SS3-1.pdf Graphic file (type pd
f)
<use DHM_analysis_files/figure-latex/DHM_SCOTT_SS3-1.pdf>
Package pdftex.def Info: DHM_analysis_files/figure-latex/DHM_SCOTT_SS3-1.pdf  u
sed on input line 8025.
(pdftex.def)             Requested size: 469.75386pt x 325.2142pt.
[41 <./DHM_analysis_files/figure-latex/DHM_SCOTT_SS3-1.pdf>]

LaTeX Warning: Float too large for page by 5244.2671pt on input line 9868.

<DHM_analysis_files/figure-latex/DHM_SCOTTNR1-1.pdf, id=586, 469.755pt x 325.21
5pt>
File: DHM_analysis_files/figure-latex/DHM_SCOTTNR1-1.pdf Graphic file (type pdf
)
<use DHM_analysis_files/figure-latex/DHM_SCOTTNR1-1.pdf>
Package pdftex.def Info: DHM_analysis_files/figure-latex/DHM_SCOTTNR1-1.pdf  us
ed on input line 9870.
(pdftex.def)             Requested size: 469.75386pt x 325.2142pt.
[42 <./DHM_analysis_files/figure-latex/DHM_SCOTTNR1-1.pdf>] [43pdfTeX warning (
ext4): destination with the same identifier (name{table.5}) has been already us
ed, duplicate ignored
<argument> ...shipout:D \box_use:N \l_shipout_box 
                                                  \__shipout_drop_firstpage_...
l.9872 \newpage
               ]

LaTeX Warning: Float too large for page by 5244.2671pt on input line 11713.

<DHM_analysis_files/figure-latex/DHM_SCOTTSL1-1.pdf, id=608, 469.755pt x 325.21
5pt>
File: DHM_analysis_files/figure-latex/DHM_SCOTTSL1-1.pdf Graphic file (type pdf
)
<use DHM_analysis_files/figure-latex/DHM_SCOTTSL1-1.pdf>
Package pdftex.def Info: DHM_analysis_files/figure-latex/DHM_SCOTTSL1-1.pdf  us
ed on input line 11715.
(pdftex.def)             Requested size: 469.75386pt x 325.2142pt.
[44 <./DHM_analysis_files/figure-latex/DHM_SCOTTSL1-1.pdf>] [45pdfTeX warning (
ext4): destination with the same identifier (name{table.6}) has been already us
ed, duplicate ignored
<argument> ...shipout:D \box_use:N \l_shipout_box 
                                                  \__shipout_drop_firstpage_...
l.11717 \newpage
                ]

LaTeX Warning: Float too large for page by 5244.2671pt on input line 13558.

<DHM_analysis_files/figure-latex/DHM_SCOTTSL2-1.pdf, id=629, 469.755pt x 325.21
5pt>
File: DHM_analysis_files/figure-latex/DHM_SCOTTSL2-1.pdf Graphic file (type pdf
)
<use DHM_analysis_files/figure-latex/DHM_SCOTTSL2-1.pdf>
Package pdftex.def Info: DHM_analysis_files/figure-latex/DHM_SCOTTSL2-1.pdf  us
ed on input line 13560.
(pdftex.def)             Requested size: 469.75386pt x 325.2142pt.
[46 <./DHM_analysis_files/figure-latex/DHM_SCOTTSL2-1.pdf>] [47pdfTeX warning (
ext4): destination with the same identifier (name{table.7}) has been already us
ed, duplicate ignored
<argument> ...shipout:D \box_use:N \l_shipout_box 
                                                  \__shipout_drop_firstpage_...
l.13562 \newpage
                ]

LaTeX Warning: Float too large for page by 5244.2671pt on input line 15403.

<DHM_analysis_files/figure-latex/DHM_SCOTTSL3-1.pdf, id=650, 469.755pt x 325.21
5pt>
File: DHM_analysis_files/figure-latex/DHM_SCOTTSL3-1.pdf Graphic file (type pdf
)
<use DHM_analysis_files/figure-latex/DHM_SCOTTSL3-1.pdf>
Package pdftex.def Info: DHM_analysis_files/figure-latex/DHM_SCOTTSL3-1.pdf  us
ed on input line 15405.
(pdftex.def)             Requested size: 469.75386pt x 325.2142pt.
[48 <./DHM_analysis_files/figure-latex/DHM_SCOTTSL3-1.pdf>] [49pdfTeX warning (
ext4): destination with the same identifier (name{table.8}) has been already us
ed, duplicate ignored
<argument> ...shipout:D \box_use:N \l_shipout_box 
                                                  \__shipout_drop_firstpage_...
l.15407 \newpage
                ]

LaTeX Warning: Float too large for page by 5244.2671pt on input line 17248.

<DHM_analysis_files/figure-latex/DHM_SCOTTSS1-1.pdf, id=673, 469.755pt x 325.21
5pt>
File: DHM_analysis_files/figure-latex/DHM_SCOTTSS1-1.pdf Graphic file (type pdf
)
<use DHM_analysis_files/figure-latex/DHM_SCOTTSS1-1.pdf>
Package pdftex.def Info: DHM_analysis_files/figure-latex/DHM_SCOTTSS1-1.pdf  us
ed on input line 17250.
(pdftex.def)             Requested size: 469.75386pt x 325.2142pt.
[50 <./DHM_analysis_files/figure-latex/DHM_SCOTTSS1-1.pdf>] [51pdfTeX warning (
ext4): destination with the same identifier (name{table.9}) has been already us
ed, duplicate ignored
<argument> ...shipout:D \box_use:N \l_shipout_box 
                                                  \__shipout_drop_firstpage_...
l.17252 \newpage
                ]

LaTeX Warning: Float too large for page by 5244.2671pt on input line 19093.

<DHM_analysis_files/figure-latex/DHM_SCOTTSS2-1.pdf, id=694, 469.755pt x 325.21
5pt>
File: DHM_analysis_files/figure-latex/DHM_SCOTTSS2-1.pdf Graphic file (type pdf
)
<use DHM_analysis_files/figure-latex/DHM_SCOTTSS2-1.pdf>
Package pdftex.def Info: DHM_analysis_files/figure-latex/DHM_SCOTTSS2-1.pdf  us
ed on input line 19095.
(pdftex.def)             Requested size: 469.75386pt x 325.2142pt.
[52 <./DHM_analysis_files/figure-latex/DHM_SCOTTSS2-1.pdf>] [53pdfTeX warning (
ext4): destination with the same identifier (name{table.10}) has been already u
sed, duplicate ignored
<argument> ...shipout:D \box_use:N \l_shipout_box 
                                                  \__shipout_drop_firstpage_...
l.19097 \newpage
                ]

LaTeX Warning: Float too large for page by 5244.2671pt on input line 20938.

<DHM_analysis_files/figure-latex/DHM_BUN05A-1.pdf, id=715, 469.755pt x 325.215p
t>
File: DHM_analysis_files/figure-latex/DHM_BUN05A-1.pdf Graphic file (type pdf)
<use DHM_analysis_files/figure-latex/DHM_BUN05A-1.pdf>
Package pdftex.def Info: DHM_analysis_files/figure-latex/DHM_BUN05A-1.pdf  used
 on input line 20940.
(pdftex.def)             Requested size: 469.75386pt x 325.2142pt.
[54 <./DHM_analysis_files/figure-latex/DHM_BUN05A-1.pdf>] [55pdfTeX warning (ex
t4): destination with the same identifier (name{table.11}) has been already use
d, duplicate ignored
<argument> ...shipout:D \box_use:N \l_shipout_box 
                                                  \__shipout_drop_firstpage_...
l.20942 \newpage
                ]

LaTeX Warning: Float too large for page by 5244.2671pt on input line 22783.

<DHM_analysis_files/figure-latex/DHM_Bundegi-1.pdf, id=737, 469.755pt x 325.215
pt>
File: DHM_analysis_files/figure-latex/DHM_Bundegi-1.pdf Graphic file (type pdf)

<use DHM_analysis_files/figure-latex/DHM_Bundegi-1.pdf>
Package pdftex.def Info: DHM_analysis_files/figure-latex/DHM_Bundegi-1.pdf  use
d on input line 22785.
(pdftex.def)             Requested size: 469.75386pt x 325.2142pt.
[56 <./DHM_analysis_files/figure-latex/DHM_Bundegi-1.pdf>] [57pdfTeX warning (e
xt4): destination with the same identifier (name{table.12}) has been already us
ed, duplicate ignored
<argument> ...shipout:D \box_use:N \l_shipout_box 
                                                  \__shipout_drop_firstpage_...
l.22787 \newpage
                ]
LaTeX Font Info:    Trying to load font information for T1+lmtt on input line 2
2794.
(c:/Users/Sam/AppData/Roaming/TinyTeX/texmf-dist/tex/latex/lm/t1lmtt.fd
File: t1lmtt.fd 2015/05/01 v1.6.1 Font defs for Latin Modern
)
<DHM_analysis_files/figure-latex/DHM_Tantabiddi_08TNT-1.pdf, id=758, 469.755pt 
x 325.215pt>
File: DHM_analysis_files/figure-latex/DHM_Tantabiddi_08TNT-1.pdf Graphic file (
type pdf)
<use DHM_analysis_files/figure-latex/DHM_Tantabiddi_08TNT-1.pdf>
Package pdftex.def Info: DHM_analysis_files/figure-latex/DHM_Tantabiddi_08TNT-1
.pdf  used on input line 22841.
(pdftex.def)             Requested size: 469.75386pt x 325.2142pt.
[58 <./DHM_analysis_files/figure-latex/DHM_Tantabiddi_08TNT-1.pdf>]
<DHM_analysis_files/figure-latex/DHM_Tantabiddi_13TNT-1.pdf, id=776, 469.755pt 
x 325.215pt>
File: DHM_analysis_files/figure-latex/DHM_Tantabiddi_13TNT-1.pdf Graphic file (
type pdf)
<use DHM_analysis_files/figure-latex/DHM_Tantabiddi_13TNT-1.pdf>
Package pdftex.def Info: DHM_analysis_files/figure-latex/DHM_Tantabiddi_13TNT-1
.pdf  used on input line 22893.
(pdftex.def)             Requested size: 469.75386pt x 325.2142pt.
[59 <./DHM_analysis_files/figure-latex/DHM_Tantabiddi_13TNT-1.pdf>]
<DHM_analysis_files/figure-latex/DHM_TNT-1.pdf, id=794, 469.755pt x 325.215pt>
File: DHM_analysis_files/figure-latex/DHM_TNT-1.pdf Graphic file (type pdf)
<use DHM_analysis_files/figure-latex/DHM_TNT-1.pdf>
Package pdftex.def Info: DHM_analysis_files/figure-latex/DHM_TNT-1.pdf  used on
 input line 22946.
(pdftex.def)             Requested size: 469.75386pt x 325.2142pt.
[60 <./DHM_analysis_files/figure-latex/DHM_TNT-1.pdf>]

LaTeX Warning: Float too large for page by 5244.2671pt on input line 24789.

<DHM_analysis_files/figure-latex/DHM_TNT07C-1.pdf, id=811, 469.755pt x 325.215p
t>
File: DHM_analysis_files/figure-latex/DHM_TNT07C-1.pdf Graphic file (type pdf)
<use DHM_analysis_files/figure-latex/DHM_TNT07C-1.pdf>
Package pdftex.def Info: DHM_analysis_files/figure-latex/DHM_TNT07C-1.pdf  used
 on input line 24791.
(pdftex.def)             Requested size: 469.75386pt x 325.2142pt.
[61 <./DHM_analysis_files/figure-latex/DHM_TNT07C-1.pdf>] [62pdfTeX warning (ex
t4): destination with the same identifier (name{table.16}) has been already use
d, duplicate ignored
<argument> ...shipout:D \box_use:N \l_shipout_box 
                                                  \__shipout_drop_firstpage_...
l.24793 \newpage
                ]
<DHM_analysis_files/figure-latex/DHM_Wallabi_Island-1.pdf, id=833, 469.755pt x 
325.215pt>
File: DHM_analysis_files/figure-latex/DHM_Wallabi_Island-1.pdf Graphic file (ty
pe pdf)
<use DHM_analysis_files/figure-latex/DHM_Wallabi_Island-1.pdf>
Package pdftex.def Info: DHM_analysis_files/figure-latex/DHM_Wallabi_Island-1.p
df  used on input line 24897.
(pdftex.def)             Requested size: 469.75386pt x 325.2142pt.
[63] [64 <./DHM_analysis_files/figure-latex/DHM_Wallabi_Island-1.pdf>]

LaTeX Warning: Float too large for page by 5244.2671pt on input line 26740.

<DHM_analysis_files/figure-latex/DHM_HAB05B-1.pdf, id=854, 469.755pt x 325.215p
t>
File: DHM_analysis_files/figure-latex/DHM_HAB05B-1.pdf Graphic file (type pdf)
<use DHM_analysis_files/figure-latex/DHM_HAB05B-1.pdf>
Package pdftex.def Info: DHM_analysis_files/figure-latex/DHM_HAB05B-1.pdf  used
 on input line 26742.
(pdftex.def)             Requested size: 469.75386pt x 325.2142pt.
[65 <./DHM_analysis_files/figure-latex/DHM_HAB05B-1.pdf>] [66pdfTeX warning (ex
t4): destination with the same identifier (name{table.18}) has been already use
d, duplicate ignored
<argument> ...shipout:D \box_use:N \l_shipout_box 
                                                  \__shipout_drop_firstpage_...
l.26744 \newpage
                ]

LaTeX Warning: Float too large for page by 5244.2671pt on input line 28585.

<DHM_analysis_files/figure-latex/DHM_HAB10A-1.pdf, id=875, 469.755pt x 325.215p
t>
File: DHM_analysis_files/figure-latex/DHM_HAB10A-1.pdf Graphic file (type pdf)
<use DHM_analysis_files/figure-latex/DHM_HAB10A-1.pdf>
Package pdftex.def Info: DHM_analysis_files/figure-latex/DHM_HAB10A-1.pdf  used
 on input line 28587.
(pdftex.def)             Requested size: 469.75386pt x 325.2142pt.
[67 <./DHM_analysis_files/figure-latex/DHM_HAB10A-1.pdf>] [68pdfTeX warning (ex
t4): destination with the same identifier (name{table.19}) has been already use
d, duplicate ignored
<argument> ...shipout:D \box_use:N \l_shipout_box 
                                                  \__shipout_drop_firstpage_...
l.28589 \end{document}
                      ] (./DHM_analysis.aux)
Package rerunfilecheck Info: File `DHM_analysis.out' has not changed.
(rerunfilecheck)             Checksum: 3A2131848922090C8C9A8B4FA20A1357;6282.
 ) 
Here is how much of TeX's memory you used:
 12124 strings out of 480559
 191250 string characters out of 5901947
 708998 words of memory out of 5000000
 29334 multiletter control sequences out of 15000+600000
 450405 words of font info for 67 fonts, out of 8000000 for 9000
 14 hyphenation exceptions out of 8191
 60i,9n,66p,363b,427s stack positions out of 5000i,500n,10000p,200000b,80000s
{c:/Users/Sam/AppData/Roaming/TinyTeX/texmf-dist/fonts/enc/dvips/lm/lm-ec.enc
}<c:/Users/Sam/AppData/Roaming/TinyTeX/texmf-dist/fonts/type1/public/lm/lmbx10.
pfb><c:/Users/Sam/AppData/Roaming/TinyTeX/texmf-dist/fonts/type1/public/lm/lmbx
12.pfb><c:/Users/Sam/AppData/Roaming/TinyTeX/texmf-dist/fonts/type1/public/lm/l
mr10.pfb><c:/Users/Sam/AppData/Roaming/TinyTeX/texmf-dist/fonts/type1/public/lm
/lmr12.pfb><c:/Users/Sam/AppData/Roaming/TinyTeX/texmf-dist/fonts/type1/public/
lm/lmr17.pfb><c:/Users/Sam/AppData/Roaming/TinyTeX/texmf-dist/fonts/type1/publi
c/lm/lmri10.pfb><c:/Users/Sam/AppData/Roaming/TinyTeX/texmf-dist/fonts/type1/pu
blic/lm/lmtt10.pfb>
Output written on DHM_analysis.pdf (68 pages, 952147 bytes).
PDF statistics:
 962 PDF objects out of 1000 (max. 8388607)
 782 compressed objects within 8 object streams
 134 named destinations out of 1000 (max. 500000)
 405 words of extra memory for PDF output out of 10000 (max. 10000000)

