This is pdfTeX, Version 3.141592653-2.6-1.40.23 (TeX Live 2021/W32TeX) (preloaded format=pdflatex 2021.9.12)  13 SEP 2021 22:49
entering extended mode
 restricted \write18 enabled.
 %&-line parsing enabled.
**DHW_analysis.tex
(./DHW_analysis.tex
LaTeX2e <2021-06-01> patch level 1
L3 programming layer <2021-08-27> (c:/Users/Sam/AppData/Roaming/TinyTeX/texmf-d
ist/tex/latex/base/article.cls
Document Class: article 2021/02/12 v1.4n Standard LaTeX document class
(c:/Users/Sam/AppData/Roaming/TinyTeX/texmf-dist/tex/latex/base/size10.clo
File: size10.clo 2021/02/12 v1.4n Standard LaTeX file (size option)
)
\c@part=\count182
\c@section=\count183
\c@subsection=\count184
\c@subsubsection=\count185
\c@paragraph=\count186
\c@subparagraph=\count187
\c@figure=\count188
\c@table=\count189
\abovecaptionskip=\skip47
\belowcaptionskip=\skip48
\bibindent=\dimen138
) (c:/Users/Sam/AppData/Roaming/TinyTeX/texmf-dist/tex/latex/lm/lmodern.sty
Package: lmodern 2015/05/01 v1.6.1 Latin Modern Fonts
LaTeX Font Info:    Overwriting symbol font `operators' in version `normal'
(Font)                  OT1/cmr/m/n --> OT1/lmr/m/n on input line 22.
LaTeX Font Info:    Overwriting symbol font `letters' in version `normal'
(Font)                  OML/cmm/m/it --> OML/lmm/m/it on input line 23.
LaTeX Font Info:    Overwriting symbol font `symbols' in version `normal'
(Font)                  OMS/cmsy/m/n --> OMS/lmsy/m/n on input line 24.
LaTeX Font Info:    Overwriting symbol font `largesymbols' in version `normal'
(Font)                  OMX/cmex/m/n --> OMX/lmex/m/n on input line 25.
LaTeX Font Info:    Overwriting symbol font `operators' in version `bold'
(Font)                  OT1/cmr/bx/n --> OT1/lmr/bx/n on input line 26.
LaTeX Font Info:    Overwriting symbol font `letters' in version `bold'
(Font)                  OML/cmm/b/it --> OML/lmm/b/it on input line 27.
LaTeX Font Info:    Overwriting symbol font `symbols' in version `bold'
(Font)                  OMS/cmsy/b/n --> OMS/lmsy/b/n on input line 28.
LaTeX Font Info:    Overwriting symbol font `largesymbols' in version `bold'
(Font)                  OMX/cmex/m/n --> OMX/lmex/m/n on input line 29.
LaTeX Font Info:    Overwriting math alphabet `\mathbf' in version `normal'
(Font)                  OT1/cmr/bx/n --> OT1/lmr/bx/n on input line 31.
LaTeX Font Info:    Overwriting math alphabet `\mathsf' in version `normal'
(Font)                  OT1/cmss/m/n --> OT1/lmss/m/n on input line 32.
LaTeX Font Info:    Overwriting math alphabet `\mathit' in version `normal'
(Font)                  OT1/cmr/m/it --> OT1/lmr/m/it on input line 33.
LaTeX Font Info:    Overwriting math alphabet `\mathtt' in version `normal'
(Font)                  OT1/cmtt/m/n --> OT1/lmtt/m/n on input line 34.
LaTeX Font Info:    Overwriting math alphabet `\mathbf' in version `bold'
(Font)                  OT1/cmr/bx/n --> OT1/lmr/bx/n on input line 35.
LaTeX Font Info:    Overwriting math alphabet `\mathsf' in version `bold'
(Font)                  OT1/cmss/bx/n --> OT1/lmss/bx/n on input line 36.
LaTeX Font Info:    Overwriting math alphabet `\mathit' in version `bold'
(Font)                  OT1/cmr/bx/it --> OT1/lmr/bx/it on input line 37.
LaTeX Font Info:    Overwriting math alphabet `\mathtt' in version `bold'
(Font)                  OT1/cmtt/m/n --> OT1/lmtt/m/n on input line 38.
)
(c:/Users/Sam/AppData/Roaming/TinyTeX/texmf-dist/tex/latex/amsfonts/amssymb.sty
Package: amssymb 2013/01/14 v3.01 AMS font symbols

(c:/Users/Sam/AppData/Roaming/TinyTeX/texmf-dist/tex/latex/amsfonts/amsfonts.st
y
Package: amsfonts 2013/01/14 v3.01 Basic AMSFonts support
\@emptytoks=\toks16
\symAMSa=\mathgroup4
\symAMSb=\mathgroup5
LaTeX Font Info:    Redeclaring math symbol \hbar on input line 98.
LaTeX Font Info:    Overwriting math alphabet `\mathfrak' in version `bold'
(Font)                  U/euf/m/n --> U/euf/b/n on input line 106.
)) (c:/Users/Sam/AppData/Roaming/TinyTeX/texmf-dist/tex/latex/amsmath/amsmath.s
ty
Package: amsmath 2021/04/20 v2.17j AMS math features
\@mathmargin=\skip49
For additional information on amsmath, use the `?' option.
(c:/Users/Sam/AppData/Roaming/TinyTeX/texmf-dist/tex/latex/amsmath/amstext.sty
Package: amstext 2000/06/29 v2.01 AMS text
(c:/Users/Sam/AppData/Roaming/TinyTeX/texmf-dist/tex/latex/amsmath/amsgen.sty
File: amsgen.sty 1999/11/30 v2.0 generic functions
\@emptytoks=\toks17
\ex@=\dimen139
)) (c:/Users/Sam/AppData/Roaming/TinyTeX/texmf-dist/tex/latex/amsmath/amsbsy.st
y
Package: amsbsy 1999/11/29 v1.2d Bold Symbols
\pmbraise@=\dimen140
) (c:/Users/Sam/AppData/Roaming/TinyTeX/texmf-dist/tex/latex/amsmath/amsopn.sty
Package: amsopn 2016/03/08 v2.02 operator names
)
\inf@bad=\count190
LaTeX Info: Redefining \frac on input line 234.
\uproot@=\count191
\leftroot@=\count192
LaTeX Info: Redefining \overline on input line 399.
\classnum@=\count193
\DOTSCASE@=\count194
LaTeX Info: Redefining \ldots on input line 496.
LaTeX Info: Redefining \dots on input line 499.
LaTeX Info: Redefining \cdots on input line 620.
\Mathstrutbox@=\box50
\strutbox@=\box51
\big@size=\dimen141
LaTeX Font Info:    Redeclaring font encoding OML on input line 743.
LaTeX Font Info:    Redeclaring font encoding OMS on input line 744.
\macc@depth=\count195
\c@MaxMatrixCols=\count196
\dotsspace@=\muskip16
\c@parentequation=\count197
\dspbrk@lvl=\count198
\tag@help=\toks18
\row@=\count199
\column@=\count266
\maxfields@=\count267
\andhelp@=\toks19
\eqnshift@=\dimen142
\alignsep@=\dimen143
\tagshift@=\dimen144
\tagwidth@=\dimen145
\totwidth@=\dimen146
\lineht@=\dimen147
\@envbody=\toks20
\multlinegap=\skip50
\multlinetaggap=\skip51
\mathdisplay@stack=\toks21
LaTeX Info: Redefining \[ on input line 2923.
LaTeX Info: Redefining \] on input line 2924.
) (c:/Users/Sam/AppData/Roaming/TinyTeX/texmf-dist/tex/generic/iftex/ifxetex.st
y
Package: ifxetex 2019/10/25 v0.7 ifxetex legacy package. Use iftex instead.
(c:/Users/Sam/AppData/Roaming/TinyTeX/texmf-dist/tex/generic/iftex/iftex.sty
Package: iftex 2020/03/06 v1.0d TeX engine tests
))
(c:/Users/Sam/AppData/Roaming/TinyTeX/texmf-dist/tex/generic/iftex/ifluatex.sty
Package: ifluatex 2019/10/25 v1.5 ifluatex legacy package. Use iftex instead.
) (c:/Users/Sam/AppData/Roaming/TinyTeX/texmf-dist/tex/latex/base/fontenc.sty
Package: fontenc 2021/04/29 v2.0v Standard LaTeX package
LaTeX Font Info:    Trying to load font information for T1+lmr on input line 11
2.
(c:/Users/Sam/AppData/Roaming/TinyTeX/texmf-dist/tex/latex/lm/t1lmr.fd
File: t1lmr.fd 2015/05/01 v1.6.1 Font defs for Latin Modern
)) (c:/Users/Sam/AppData/Roaming/TinyTeX/texmf-dist/tex/latex/base/inputenc.sty
Package: inputenc 2021/02/14 v1.3d Input encoding file
\inpenc@prehook=\toks22
\inpenc@posthook=\toks23
) (c:/Users/Sam/AppData/Roaming/TinyTeX/texmf-dist/tex/latex/base/textcomp.sty
Package: textcomp 2020/02/02 v2.0n Standard LaTeX package
) (c:/Users/Sam/AppData/Roaming/TinyTeX/texmf-dist/tex/latex/xcolor/xcolor.sty
Package: xcolor 2016/05/11 v2.12 LaTeX color extensions (UK)

(c:/Users/Sam/AppData/Roaming/TinyTeX/texmf-dist/tex/latex/graphics-cfg/color.c
fg
File: color.cfg 2016/01/02 v1.6 sample color configuration
)
Package xcolor Info: Driver file: pdftex.def on input line 225.

(c:/Users/Sam/AppData/Roaming/TinyTeX/texmf-dist/tex/latex/graphics-def/pdftex.
def
File: pdftex.def 2020/10/05 v1.2a Graphics/color driver for pdftex
)
Package xcolor Info: Model `cmy' substituted by `cmy0' on input line 1348.
Package xcolor Info: Model `hsb' substituted by `rgb' on input line 1352.
Package xcolor Info: Model `RGB' extended on input line 1364.
Package xcolor Info: Model `HTML' substituted by `rgb' on input line 1366.
Package xcolor Info: Model `Hsb' substituted by `hsb' on input line 1367.
Package xcolor Info: Model `tHsb' substituted by `hsb' on input line 1368.
Package xcolor Info: Model `HSB' substituted by `hsb' on input line 1369.
Package xcolor Info: Model `Gray' substituted by `gray' on input line 1370.
Package xcolor Info: Model `wave' substituted by `hsb' on input line 1371.
)
(c:/Users/Sam/AppData/Roaming/TinyTeX/texmf-dist/tex/latex/hyperref/hyperref.st
y
Package: hyperref 2021-06-07 v7.00m Hypertext links for LaTeX

(c:/Users/Sam/AppData/Roaming/TinyTeX/texmf-dist/tex/generic/ltxcmds/ltxcmds.st
y
Package: ltxcmds 2020-05-10 v1.25 LaTeX kernel commands for general use (HO)
)
(c:/Users/Sam/AppData/Roaming/TinyTeX/texmf-dist/tex/generic/pdftexcmds/pdftexc
mds.sty
Package: pdftexcmds 2020-06-27 v0.33 Utility functions of pdfTeX for LuaTeX (HO
)

(c:/Users/Sam/AppData/Roaming/TinyTeX/texmf-dist/tex/generic/infwarerr/infwarer
r.sty
Package: infwarerr 2019/12/03 v1.5 Providing info/warning/error messages (HO)
)
Package pdftexcmds Info: \pdf@primitive is available.
Package pdftexcmds Info: \pdf@ifprimitive is available.
Package pdftexcmds Info: \pdfdraftmode found.
) (c:/Users/Sam/AppData/Roaming/TinyTeX/texmf-dist/tex/latex/graphics/keyval.st
y
Package: keyval 2014/10/28 v1.15 key=value parser (DPC)
\KV@toks@=\toks24
)
(c:/Users/Sam/AppData/Roaming/TinyTeX/texmf-dist/tex/generic/kvsetkeys/kvsetkey
s.sty
Package: kvsetkeys 2019/12/15 v1.18 Key value parser (HO)
)
(c:/Users/Sam/AppData/Roaming/TinyTeX/texmf-dist/tex/generic/kvdefinekeys/kvdef
inekeys.sty
Package: kvdefinekeys 2019-12-19 v1.6 Define keys (HO)
)
(c:/Users/Sam/AppData/Roaming/TinyTeX/texmf-dist/tex/generic/pdfescape/pdfescap
e.sty
Package: pdfescape 2019/12/09 v1.15 Implements pdfTeX's escape features (HO)
) (c:/Users/Sam/AppData/Roaming/TinyTeX/texmf-dist/tex/latex/hycolor/hycolor.st
y
Package: hycolor 2020-01-27 v1.10 Color options for hyperref/bookmark (HO)
)
(c:/Users/Sam/AppData/Roaming/TinyTeX/texmf-dist/tex/latex/letltxmacro/letltxma
cro.sty
Package: letltxmacro 2019/12/03 v1.6 Let assignment for LaTeX macros (HO)
) (c:/Users/Sam/AppData/Roaming/TinyTeX/texmf-dist/tex/latex/auxhook/auxhook.st
y
Package: auxhook 2019-12-17 v1.6 Hooks for auxiliary files (HO)
)
(c:/Users/Sam/AppData/Roaming/TinyTeX/texmf-dist/tex/latex/kvoptions/kvoptions.
sty
Package: kvoptions 2020-10-07 v3.14 Key value format for package options (HO)
)
\@linkdim=\dimen148
\Hy@linkcounter=\count268
\Hy@pagecounter=\count269
(c:/Users/Sam/AppData/Roaming/TinyTeX/texmf-dist/tex/latex/hyperref/pd1enc.def
File: pd1enc.def 2021-06-07 v7.00m Hyperref: PDFDocEncoding definition (HO)
Now handling font encoding PD1 ...
... no UTF-8 mapping file for font encoding PD1
)
(c:/Users/Sam/AppData/Roaming/TinyTeX/texmf-dist/tex/latex/hyperref/hyperref-la
ngpatches.def
File: hyperref-langpatches.def 2021-06-07 v7.00m Hyperref: patches for babel la
nguages
)
(c:/Users/Sam/AppData/Roaming/TinyTeX/texmf-dist/tex/generic/intcalc/intcalc.st
y
Package: intcalc 2019/12/15 v1.3 Expandable calculations with integers (HO)
)
(c:/Users/Sam/AppData/Roaming/TinyTeX/texmf-dist/tex/generic/etexcmds/etexcmds.
sty
Package: etexcmds 2019/12/15 v1.7 Avoid name clashes with e-TeX commands (HO)
)
\Hy@SavedSpaceFactor=\count270
(c:/Users/Sam/AppData/Roaming/TinyTeX/texmf-dist/tex/latex/hyperref/puenc.def
File: puenc.def 2021-06-07 v7.00m Hyperref: PDF Unicode definition (HO)
Now handling font encoding PU ...
... no UTF-8 mapping file for font encoding PU
)
Package hyperref Info: Option `unicode' set `true' on input line 4073.
Package hyperref Info: Hyper figures OFF on input line 4192.
Package hyperref Info: Link nesting OFF on input line 4197.
Package hyperref Info: Hyper index ON on input line 4200.
Package hyperref Info: Plain pages OFF on input line 4207.
Package hyperref Info: Backreferencing OFF on input line 4212.
Package hyperref Info: Implicit mode ON; LaTeX internals redefined.
Package hyperref Info: Bookmarks ON on input line 4445.
\c@Hy@tempcnt=\count271
(c:/Users/Sam/AppData/Roaming/TinyTeX/texmf-dist/tex/latex/url/url.sty
\Urlmuskip=\muskip17
Package: url 2013/09/16  ver 3.4  Verb mode for urls, etc.
)
LaTeX Info: Redefining \url on input line 4804.
\XeTeXLinkMargin=\dimen149
(c:/Users/Sam/AppData/Roaming/TinyTeX/texmf-dist/tex/generic/bitset/bitset.sty
Package: bitset 2019/12/09 v1.3 Handle bit-vector datatype (HO)

(c:/Users/Sam/AppData/Roaming/TinyTeX/texmf-dist/tex/generic/bigintcalc/bigintc
alc.sty
Package: bigintcalc 2019/12/15 v1.5 Expandable calculations on big integers (HO
)
))
\Fld@menulength=\count272
\Field@Width=\dimen150
\Fld@charsize=\dimen151
Package hyperref Info: Hyper figures OFF on input line 6076.
Package hyperref Info: Link nesting OFF on input line 6081.
Package hyperref Info: Hyper index ON on input line 6084.
Package hyperref Info: backreferencing OFF on input line 6091.
Package hyperref Info: Link coloring OFF on input line 6096.
Package hyperref Info: Link coloring with OCG OFF on input line 6101.
Package hyperref Info: PDF/A mode OFF on input line 6106.
LaTeX Info: Redefining \ref on input line 6146.
LaTeX Info: Redefining \pageref on input line 6150.

(c:/Users/Sam/AppData/Roaming/TinyTeX/texmf-dist/tex/latex/base/atbegshi-ltx.st
y
Package: atbegshi-ltx 2021/01/10 v1.0c Emulation of the original atbegshi
package with kernel methods
)
\Hy@abspage=\count273
\c@Item=\count274
\c@Hfootnote=\count275
)
Package hyperref Info: Driver (autodetected): hpdftex.

(c:/Users/Sam/AppData/Roaming/TinyTeX/texmf-dist/tex/latex/hyperref/hpdftex.def
File: hpdftex.def 2021-06-07 v7.00m Hyperref driver for pdfTeX

(c:/Users/Sam/AppData/Roaming/TinyTeX/texmf-dist/tex/latex/base/atveryend-ltx.s
ty
Package: atveryend-ltx 2020/08/19 v1.0a Emulation of the original atvery packag
e
with kernel methods
)
\Fld@listcount=\count276
\c@bookmark@seq@number=\count277

(c:/Users/Sam/AppData/Roaming/TinyTeX/texmf-dist/tex/latex/rerunfilecheck/rerun
filecheck.sty
Package: rerunfilecheck 2019/12/05 v1.9 Rerun checks for auxiliary files (HO)

(c:/Users/Sam/AppData/Roaming/TinyTeX/texmf-dist/tex/generic/uniquecounter/uniq
uecounter.sty
Package: uniquecounter 2019/12/15 v1.4 Provide unlimited unique counter (HO)
)
Package uniquecounter Info: New unique counter `rerunfilecheck' on input line 2
86.
)
\Hy@SectionHShift=\skip52
)
(c:/Users/Sam/AppData/Roaming/TinyTeX/texmf-dist/tex/latex/geometry/geometry.st
y
Package: geometry 2020/01/02 v5.9 Page Geometry
(c:/Users/Sam/AppData/Roaming/TinyTeX/texmf-dist/tex/generic/iftex/ifvtex.sty
Package: ifvtex 2019/10/25 v1.7 ifvtex legacy package. Use iftex instead.
)
\Gm@cnth=\count278
\Gm@cntv=\count279
\c@Gm@tempcnt=\count280
\Gm@bindingoffset=\dimen152
\Gm@wd@mp=\dimen153
\Gm@odd@mp=\dimen154
\Gm@even@mp=\dimen155
\Gm@layoutwidth=\dimen156
\Gm@layoutheight=\dimen157
\Gm@layouthoffset=\dimen158
\Gm@layoutvoffset=\dimen159
\Gm@dimlist=\toks25
)
(c:/Users/Sam/AppData/Roaming/TinyTeX/texmf-dist/tex/latex/graphics/graphicx.st
y
Package: graphicx 2020/12/05 v1.2c Enhanced LaTeX Graphics (DPC,SPQR)

(c:/Users/Sam/AppData/Roaming/TinyTeX/texmf-dist/tex/latex/graphics/graphics.st
y
Package: graphics 2021/03/04 v1.4d Standard LaTeX Graphics (DPC,SPQR)
(c:/Users/Sam/AppData/Roaming/TinyTeX/texmf-dist/tex/latex/graphics/trig.sty
Package: trig 2016/01/03 v1.10 sin cos tan (DPC)
)
(c:/Users/Sam/AppData/Roaming/TinyTeX/texmf-dist/tex/latex/graphics-cfg/graphic
s.cfg
File: graphics.cfg 2016/06/04 v1.11 sample graphics configuration
)
Package graphics Info: Driver file: pdftex.def on input line 107.
)
\Gin@req@height=\dimen160
\Gin@req@width=\dimen161
) (c:/Users/Sam/AppData/Roaming/TinyTeX/texmf-dist/tex/latex/grffile/grffile.st
y
Package: grffile 2019/11/11 v2.1 Extended file name support for graphics (legac
y)
Package grffile Info: This package is an empty stub for compatibility on input 
line 40.
)
(c:/Users/Sam/AppData/Roaming/TinyTeX/texmf-dist/tex/latex/l3backend/l3backend-
pdftex.def
File: l3backend-pdftex.def 2021-08-04 L3 backend support: PDF output (pdfTeX)
\l__color_backend_stack_int=\count281
\l__pdf_internal_box=\box52
) (./DHW_analysis.aux

LaTeX Warning: Label `tab:DHW_Count_BRS05' multiply defined.


LaTeX Warning: Label `tab:DHW_Count_BRS07' multiply defined.


LaTeX Warning: Label `tab:DHW_Count_DAR3' multiply defined.


LaTeX Warning: Label `tab:DHW_Count_DARL' multiply defined.


LaTeX Warning: Label `tab:DHW_Count_SCOTT_RPO_1' multiply defined.


LaTeX Warning: Label `tab:DHW_Count_SCOTT_SL4' multiply defined.


LaTeX Warning: Label `tab:DHW_Count_SCOTT_SS3' multiply defined.


LaTeX Warning: Label `tab:DHW_Count_SCOTTNR1' multiply defined.


LaTeX Warning: Label `tab:DHW_Count_SCOTTSL1' multiply defined.


LaTeX Warning: Label `tab:DHW_Count_SCOTTSL2' multiply defined.


LaTeX Warning: Label `tab:DHW_Count_SCOTTSL3' multiply defined.


LaTeX Warning: Label `tab:DHW_Count_SCOTTSS1' multiply defined.


LaTeX Warning: Label `tab:DHW_Count_SCOTTSS2' multiply defined.


LaTeX Warning: Label `tab:DHW_Count_Tantabiddi' multiply defined.


LaTeX Warning: Label `tab:DHW_Count_TNT' multiply defined.


LaTeX Warning: Label `tab:DHW_Count_TNT07C' multiply defined.


LaTeX Warning: Label `tab:DHW_Count_Wallabi_Island' multiply defined.


LaTeX Warning: Label `tab:DHW_Count_HAB05B' multiply defined.


LaTeX Warning: Label `tab:DHW_Count_HAB10A' multiply defined.

)
\openout1 = `DHW_analysis.aux'.

LaTeX Font Info:    Checking defaults for OML/cmm/m/it on input line 67.
LaTeX Font Info:    ... okay on input line 67.
LaTeX Font Info:    Checking defaults for OMS/cmsy/m/n on input line 67.
LaTeX Font Info:    ... okay on input line 67.
LaTeX Font Info:    Checking defaults for OT1/cmr/m/n on input line 67.
LaTeX Font Info:    ... okay on input line 67.
LaTeX Font Info:    Checking defaults for T1/cmr/m/n on input line 67.
LaTeX Font Info:    ... okay on input line 67.
LaTeX Font Info:    Checking defaults for TS1/cmr/m/n on input line 67.
LaTeX Font Info:    ... okay on input line 67.
LaTeX Font Info:    Checking defaults for OMX/cmex/m/n on input line 67.
LaTeX Font Info:    ... okay on input line 67.
LaTeX Font Info:    Checking defaults for U/cmr/m/n on input line 67.
LaTeX Font Info:    ... okay on input line 67.
LaTeX Font Info:    Checking defaults for PD1/pdf/m/n on input line 67.
LaTeX Font Info:    ... okay on input line 67.
LaTeX Font Info:    Checking defaults for PU/pdf/m/n on input line 67.
LaTeX Font Info:    ... okay on input line 67.

(c:/Users/Sam/AppData/Roaming/TinyTeX/texmf-dist/tex/latex/epstopdf-pkg/epstopd
f-base.sty
Package: epstopdf-base 2020-01-24 v2.11 Base part for package epstopdf
Package epstopdf-base Info: Redefining graphics rule for `.eps' on input line 4
85.

(c:/Users/Sam/AppData/Roaming/TinyTeX/texmf-dist/tex/latex/latexconfig/epstopdf
-sys.cfg
File: epstopdf-sys.cfg 2010/07/13 v1.3 Configuration of (r)epstopdf for TeX Liv
e
))
Package hyperref Info: Link coloring OFF on input line 67.

(c:/Users/Sam/AppData/Roaming/TinyTeX/texmf-dist/tex/latex/hyperref/nameref.sty
Package: nameref 2021-04-02 v2.47 Cross-referencing by name of section

(c:/Users/Sam/AppData/Roaming/TinyTeX/texmf-dist/tex/latex/refcount/refcount.st
y
Package: refcount 2019/12/15 v3.6 Data extraction from label references (HO)
)
(c:/Users/Sam/AppData/Roaming/TinyTeX/texmf-dist/tex/generic/gettitlestring/get
titlestring.sty
Package: gettitlestring 2019/12/15 v1.6 Cleanup title references (HO)
)
\c@section@level=\count282
)
LaTeX Info: Redefining \ref on input line 67.
LaTeX Info: Redefining \pageref on input line 67.
LaTeX Info: Redefining \nameref on input line 67.
(./DHW_analysis.out) (./DHW_analysis.out)
\@outlinefile=\write3
\openout3 = `DHW_analysis.out'.

*geometry* driver: auto-detecting
*geometry* detected driver: pdftex
*geometry* verbose mode - [ preamble ] result:
* driver: pdftex
* paper: <default>
* layout: <same size as paper>
* layoutoffset:(h,v)=(0.0pt,0.0pt)
* modes: 
* h-part:(L,W,R)=(72.26999pt, 469.75502pt, 72.26999pt)
* v-part:(T,H,B)=(72.26999pt, 650.43001pt, 72.26999pt)
* \paperwidth=614.295pt
* \paperheight=794.96999pt
* \textwidth=469.75502pt
* \textheight=650.43001pt
* \oddsidemargin=0.0pt
* \evensidemargin=0.0pt
* \topmargin=-37.0pt
* \headheight=12.0pt
* \headsep=25.0pt
* \topskip=10.0pt
* \footskip=30.0pt
* \marginparwidth=65.0pt
* \marginparsep=11.0pt
* \columnsep=10.0pt
* \skip\footins=9.0pt plus 4.0pt minus 2.0pt
* \hoffset=0.0pt
* \voffset=0.0pt
* \mag=1000
* \@twocolumnfalse
* \@twosidefalse
* \@mparswitchfalse
* \@reversemarginfalse
* (1in=72.27pt=25.4mm, 1cm=28.453pt)

LaTeX Font Info:    Trying to load font information for OT1+lmr on input line 6
9.
(c:/Users/Sam/AppData/Roaming/TinyTeX/texmf-dist/tex/latex/lm/ot1lmr.fd
File: ot1lmr.fd 2015/05/01 v1.6.1 Font defs for Latin Modern
)
LaTeX Font Info:    Trying to load font information for OML+lmm on input line 6
9.
(c:/Users/Sam/AppData/Roaming/TinyTeX/texmf-dist/tex/latex/lm/omllmm.fd
File: omllmm.fd 2015/05/01 v1.6.1 Font defs for Latin Modern
)
LaTeX Font Info:    Trying to load font information for OMS+lmsy on input line 
69.
(c:/Users/Sam/AppData/Roaming/TinyTeX/texmf-dist/tex/latex/lm/omslmsy.fd
File: omslmsy.fd 2015/05/01 v1.6.1 Font defs for Latin Modern
)
LaTeX Font Info:    Trying to load font information for OMX+lmex on input line 
69.
(c:/Users/Sam/AppData/Roaming/TinyTeX/texmf-dist/tex/latex/lm/omxlmex.fd
File: omxlmex.fd 2015/05/01 v1.6.1 Font defs for Latin Modern
)
LaTeX Font Info:    External font `lmex10' loaded for size
(Font)              <12> on input line 69.
LaTeX Font Info:    External font `lmex10' loaded for size
(Font)              <8> on input line 69.
LaTeX Font Info:    External font `lmex10' loaded for size
(Font)              <6> on input line 69.
LaTeX Font Info:    Trying to load font information for U+msa on input line 69.

(c:/Users/Sam/AppData/Roaming/TinyTeX/texmf-dist/tex/latex/amsfonts/umsa.fd
File: umsa.fd 2013/01/14 v3.01 AMS symbols A
)
LaTeX Font Info:    Trying to load font information for U+msb on input line 69.

(c:/Users/Sam/AppData/Roaming/TinyTeX/texmf-dist/tex/latex/amsfonts/umsb.fd
File: umsb.fd 2013/01/14 v3.01 AMS symbols B
)
<DHW_analysis_files/figure-latex/DHW_TS-1.pdf, id=84, 469.755pt x 325.215pt>
File: DHW_analysis_files/figure-latex/DHW_TS-1.pdf Graphic file (type pdf)
<use DHW_analysis_files/figure-latex/DHW_TS-1.pdf>
Package pdftex.def Info: DHW_analysis_files/figure-latex/DHW_TS-1.pdf  used on 
input line 74.
(pdftex.def)             Requested size: 469.75386pt x 325.2142pt.
<DHW_analysis_files/figure-latex/DHW_TS-2.pdf, id=85, 469.755pt x 325.215pt>
File: DHW_analysis_files/figure-latex/DHW_TS-2.pdf Graphic file (type pdf)
<use DHW_analysis_files/figure-latex/DHW_TS-2.pdf>
Package pdftex.def Info: DHW_analysis_files/figure-latex/DHW_TS-2.pdf  used on 
input line 75.
(pdftex.def)             Requested size: 469.75386pt x 325.2142pt.
<DHW_analysis_files/figure-latex/DHW_TS-3.pdf, id=86, 469.755pt x 325.215pt>
File: DHW_analysis_files/figure-latex/DHW_TS-3.pdf Graphic file (type pdf)
<use DHW_analysis_files/figure-latex/DHW_TS-3.pdf>
Package pdftex.def Info: DHW_analysis_files/figure-latex/DHW_TS-3.pdf  used on 
input line 76.
(pdftex.def)             Requested size: 469.75386pt x 325.2142pt.
<DHW_analysis_files/figure-latex/DHW_TS-4.pdf, id=87, 469.755pt x 325.215pt>
File: DHW_analysis_files/figure-latex/DHW_TS-4.pdf Graphic file (type pdf)
<use DHW_analysis_files/figure-latex/DHW_TS-4.pdf>
Package pdftex.def Info: DHW_analysis_files/figure-latex/DHW_TS-4.pdf  used on 
input line 77.
(pdftex.def)             Requested size: 469.75386pt x 325.2142pt.
<DHW_analysis_files/figure-latex/DHW_TS-5.pdf, id=88, 469.755pt x 325.215pt>
File: DHW_analysis_files/figure-latex/DHW_TS-5.pdf Graphic file (type pdf)
<use DHW_analysis_files/figure-latex/DHW_TS-5.pdf>
Package pdftex.def Info: DHW_analysis_files/figure-latex/DHW_TS-5.pdf  used on 
input line 78.
(pdftex.def)             Requested size: 469.75386pt x 325.2142pt.
<DHW_analysis_files/figure-latex/DHW_TS-6.pdf, id=89, 469.755pt x 325.215pt>
File: DHW_analysis_files/figure-latex/DHW_TS-6.pdf Graphic file (type pdf)
<use DHW_analysis_files/figure-latex/DHW_TS-6.pdf>
Package pdftex.def Info: DHW_analysis_files/figure-latex/DHW_TS-6.pdf  used on 
input line 79.
(pdftex.def)             Requested size: 469.75386pt x 325.2142pt.
<DHW_analysis_files/figure-latex/DHW_TS-7.pdf, id=90, 469.755pt x 325.215pt>
File: DHW_analysis_files/figure-latex/DHW_TS-7.pdf Graphic file (type pdf)
<use DHW_analysis_files/figure-latex/DHW_TS-7.pdf>
Package pdftex.def Info: DHW_analysis_files/figure-latex/DHW_TS-7.pdf  used on 
input line 80.
(pdftex.def)             Requested size: 469.75386pt x 325.2142pt.
<DHW_analysis_files/figure-latex/DHW_TS-8.pdf, id=91, 469.755pt x 325.215pt>
File: DHW_analysis_files/figure-latex/DHW_TS-8.pdf Graphic file (type pdf)
<use DHW_analysis_files/figure-latex/DHW_TS-8.pdf>
Package pdftex.def Info: DHW_analysis_files/figure-latex/DHW_TS-8.pdf  used on 
input line 81.
(pdftex.def)             Requested size: 469.75386pt x 325.2142pt.
<DHW_analysis_files/figure-latex/DHW_TS-9.pdf, id=92, 469.755pt x 325.215pt>
File: DHW_analysis_files/figure-latex/DHW_TS-9.pdf Graphic file (type pdf)
<use DHW_analysis_files/figure-latex/DHW_TS-9.pdf>
Package pdftex.def Info: DHW_analysis_files/figure-latex/DHW_TS-9.pdf  used on 
input line 82.
(pdftex.def)             Requested size: 469.75386pt x 325.2142pt.
<DHW_analysis_files/figure-latex/DHW_TS-10.pdf, id=93, 469.755pt x 325.215pt>
File: DHW_analysis_files/figure-latex/DHW_TS-10.pdf Graphic file (type pdf)
<use DHW_analysis_files/figure-latex/DHW_TS-10.pdf>
Package pdftex.def Info: DHW_analysis_files/figure-latex/DHW_TS-10.pdf  used on
 input line 83.
(pdftex.def)             Requested size: 469.75386pt x 325.2142pt.
<DHW_analysis_files/figure-latex/DHW_TS-11.pdf, id=94, 469.755pt x 325.215pt>
File: DHW_analysis_files/figure-latex/DHW_TS-11.pdf Graphic file (type pdf)
<use DHW_analysis_files/figure-latex/DHW_TS-11.pdf>
Package pdftex.def Info: DHW_analysis_files/figure-latex/DHW_TS-11.pdf  used on
 input line 84.
(pdftex.def)             Requested size: 469.75386pt x 325.2142pt.
<DHW_analysis_files/figure-latex/DHW_TS-12.pdf, id=95, 469.755pt x 325.215pt>
File: DHW_analysis_files/figure-latex/DHW_TS-12.pdf Graphic file (type pdf)
<use DHW_analysis_files/figure-latex/DHW_TS-12.pdf>
Package pdftex.def Info: DHW_analysis_files/figure-latex/DHW_TS-12.pdf  used on
 input line 85.
(pdftex.def)             Requested size: 469.75386pt x 325.2142pt.
<DHW_analysis_files/figure-latex/DHW_TS-13.pdf, id=96, 469.755pt x 325.215pt>
File: DHW_analysis_files/figure-latex/DHW_TS-13.pdf Graphic file (type pdf)
<use DHW_analysis_files/figure-latex/DHW_TS-13.pdf>
Package pdftex.def Info: DHW_analysis_files/figure-latex/DHW_TS-13.pdf  used on
 input line 86.
(pdftex.def)             Requested size: 469.75386pt x 325.2142pt.
<DHW_analysis_files/figure-latex/DHW_TS-14.pdf, id=97, 469.755pt x 325.215pt>
File: DHW_analysis_files/figure-latex/DHW_TS-14.pdf Graphic file (type pdf)
<use DHW_analysis_files/figure-latex/DHW_TS-14.pdf>
Package pdftex.def Info: DHW_analysis_files/figure-latex/DHW_TS-14.pdf  used on
 input line 87.
(pdftex.def)             Requested size: 469.75386pt x 325.2142pt.
<DHW_analysis_files/figure-latex/DHW_TS-15.pdf, id=98, 469.755pt x 325.215pt>
File: DHW_analysis_files/figure-latex/DHW_TS-15.pdf Graphic file (type pdf)
<use DHW_analysis_files/figure-latex/DHW_TS-15.pdf>
Package pdftex.def Info: DHW_analysis_files/figure-latex/DHW_TS-15.pdf  used on
 input line 88.
(pdftex.def)             Requested size: 469.75386pt x 325.2142pt.
<DHW_analysis_files/figure-latex/DHW_TS-16.pdf, id=99, 469.755pt x 325.215pt>
File: DHW_analysis_files/figure-latex/DHW_TS-16.pdf Graphic file (type pdf)
<use DHW_analysis_files/figure-latex/DHW_TS-16.pdf>
Package pdftex.def Info: DHW_analysis_files/figure-latex/DHW_TS-16.pdf  used on
 input line 89.
(pdftex.def)             Requested size: 469.75386pt x 325.2142pt.
<DHW_analysis_files/figure-latex/DHW_TS-17.pdf, id=100, 469.755pt x 325.215pt>
File: DHW_analysis_files/figure-latex/DHW_TS-17.pdf Graphic file (type pdf)
<use DHW_analysis_files/figure-latex/DHW_TS-17.pdf>
Package pdftex.def Info: DHW_analysis_files/figure-latex/DHW_TS-17.pdf  used on
 input line 90.
(pdftex.def)             Requested size: 469.75386pt x 325.2142pt.
<DHW_analysis_files/figure-latex/DHW_TS-18.pdf, id=101, 469.755pt x 325.215pt>
File: DHW_analysis_files/figure-latex/DHW_TS-18.pdf Graphic file (type pdf)
<use DHW_analysis_files/figure-latex/DHW_TS-18.pdf>
Package pdftex.def Info: DHW_analysis_files/figure-latex/DHW_TS-18.pdf  used on
 input line 91.
(pdftex.def)             Requested size: 469.75386pt x 325.2142pt.
<DHW_analysis_files/figure-latex/DHW_TS-19.pdf, id=102, 469.755pt x 325.215pt>
File: DHW_analysis_files/figure-latex/DHW_TS-19.pdf Graphic file (type pdf)
<use DHW_analysis_files/figure-latex/DHW_TS-19.pdf>
Package pdftex.def Info: DHW_analysis_files/figure-latex/DHW_TS-19.pdf  used on
 input line 92.
(pdftex.def)             Requested size: 469.75386pt x 325.2142pt.
<DHW_analysis_files/figure-latex/DHW_TS-20.pdf, id=103, 469.755pt x 325.215pt>
File: DHW_analysis_files/figure-latex/DHW_TS-20.pdf Graphic file (type pdf)
<use DHW_analysis_files/figure-latex/DHW_TS-20.pdf>
Package pdftex.def Info: DHW_analysis_files/figure-latex/DHW_TS-20.pdf  used on
 input line 93.
(pdftex.def)             Requested size: 469.75386pt x 325.2142pt.
<DHW_analysis_files/figure-latex/DHW_TS-21.pdf, id=104, 469.755pt x 325.215pt>
File: DHW_analysis_files/figure-latex/DHW_TS-21.pdf Graphic file (type pdf)
<use DHW_analysis_files/figure-latex/DHW_TS-21.pdf>
Package pdftex.def Info: DHW_analysis_files/figure-latex/DHW_TS-21.pdf  used on
 input line 94.
(pdftex.def)             Requested size: 469.75386pt x 325.2142pt.

Underfull \hbox (badness 10000) in paragraph at lines 74--95
[]
 []


Underfull \hbox (badness 10000) in paragraph at lines 74--95
[]
 []


Underfull \hbox (badness 10000) in paragraph at lines 74--95
[]
 []


Underfull \hbox (badness 10000) in paragraph at lines 74--95
[]
 []


Underfull \hbox (badness 10000) in paragraph at lines 74--95
[]
 []


Underfull \hbox (badness 10000) in paragraph at lines 74--95
[]
 []


Underfull \hbox (badness 10000) in paragraph at lines 74--95
[]
 []


Underfull \hbox (badness 10000) in paragraph at lines 74--95
[]
 []


Underfull \hbox (badness 10000) in paragraph at lines 74--95
[]
 []


Underfull \hbox (badness 10000) in paragraph at lines 74--95
[]
 []


Underfull \hbox (badness 10000) in paragraph at lines 74--95
[]
 []


Underfull \hbox (badness 10000) in paragraph at lines 74--95
[]
 []


Underfull \hbox (badness 10000) in paragraph at lines 74--95
[]
 []


Underfull \hbox (badness 10000) in paragraph at lines 74--95
[]
 []


Underfull \hbox (badness 10000) in paragraph at lines 74--95
[]
 []


Underfull \hbox (badness 10000) in paragraph at lines 74--95
[]
 []


Underfull \hbox (badness 10000) in paragraph at lines 74--95
[]
 []


Underfull \hbox (badness 10000) in paragraph at lines 74--95
[]
 []


Underfull \hbox (badness 10000) in paragraph at lines 74--95
[]
 []


Underfull \hbox (badness 10000) in paragraph at lines 74--95
[]
 []

[1

{c:/Users/Sam/AppData/Roaming/TinyTeX/texmf-var/fonts/map/pdftex/updmap/pdftex.
map}]
Overfull \vbox (29.70103pt too high) has occurred while \output is active []

[2 <./DHW_analysis_files/figure-latex/DHW_TS-1.pdf> <./DHW_analysis_files/figur
e-latex/DHW_TS-2.pdf>] [3 <./DHW_analysis_files/figure-latex/DHW_TS-3.pdf>] [4 
<./DHW_analysis_files/figure-latex/DHW_TS-4.pdf>] [5 <./DHW_analysis_files/figu
re-latex/DHW_TS-5.pdf>] [6 <./DHW_analysis_files/figure-latex/DHW_TS-6.pdf>] [7
 <./DHW_analysis_files/figure-latex/DHW_TS-7.pdf>] [8 <./DHW_analysis_files/fig
ure-latex/DHW_TS-8.pdf>] [9 <./DHW_analysis_files/figure-latex/DHW_TS-9.pdf>] [
10 <./DHW_analysis_files/figure-latex/DHW_TS-10.pdf>] [11 <./DHW_analysis_files
/figure-latex/DHW_TS-11.pdf>] [12 <./DHW_analysis_files/figure-latex/DHW_TS-12.
pdf>] [13 <./DHW_analysis_files/figure-latex/DHW_TS-13.pdf>] [14 <./DHW_analysi
s_files/figure-latex/DHW_TS-14.pdf>] [15 <./DHW_analysis_files/figure-latex/DHW
_TS-15.pdf>] [16 <./DHW_analysis_files/figure-latex/DHW_TS-16.pdf>] [17 <./DHW_
analysis_files/figure-latex/DHW_TS-17.pdf>] [18 <./DHW_analysis_files/figure-la
tex/DHW_TS-18.pdf>] [19 <./DHW_analysis_files/figure-latex/DHW_TS-19.pdf>] [20 
<./DHW_analysis_files/figure-latex/DHW_TS-20.pdf>] [21 <./DHW_analysis_files/fi
gure-latex/DHW_TS-21.pdf>]
LaTeX Font Info:    External font `lmex10' loaded for size
(Font)              <10> on input line 107.
LaTeX Font Info:    External font `lmex10' loaded for size
(Font)              <7> on input line 107.
LaTeX Font Info:    External font `lmex10' loaded for size
(Font)              <5> on input line 107.
<DHW_analysis_files/figure-latex/DHW_Count_BRS05-1.pdf, id=389, 469.755pt x 325
.215pt>
File: DHW_analysis_files/figure-latex/DHW_Count_BRS05-1.pdf Graphic file (type 
pdf)
<use DHW_analysis_files/figure-latex/DHW_Count_BRS05-1.pdf>
Package pdftex.def Info: DHW_analysis_files/figure-latex/DHW_Count_BRS05-1.pdf 
 used on input line 465.
(pdftex.def)             Requested size: 469.75386pt x 325.2142pt.
[22 <./DHW_analysis_files/figure-latex/DHW_Count_BRS05-1.pdf>] [23] [24]
<DHW_analysis_files/figure-latex/DHW_Count_BRS07-1.pdf, id=410, 469.755pt x 325
.215pt>
File: DHW_analysis_files/figure-latex/DHW_Count_BRS07-1.pdf Graphic file (type 
pdf)
<use DHW_analysis_files/figure-latex/DHW_Count_BRS07-1.pdf>
Package pdftex.def Info: DHW_analysis_files/figure-latex/DHW_Count_BRS07-1.pdf 
 used on input line 836.
(pdftex.def)             Requested size: 469.75386pt x 325.2142pt.
[25 <./DHW_analysis_files/figure-latex/DHW_Count_BRS07-1.pdf>] [26] [27]
<DHW_analysis_files/figure-latex/DHW_Count_DAR3-1.pdf, id=433, 469.755pt x 325.
215pt>
File: DHW_analysis_files/figure-latex/DHW_Count_DAR3-1.pdf Graphic file (type p
df)
<use DHW_analysis_files/figure-latex/DHW_Count_DAR3-1.pdf>
Package pdftex.def Info: DHW_analysis_files/figure-latex/DHW_Count_DAR3-1.pdf  
used on input line 1207.
(pdftex.def)             Requested size: 469.75386pt x 325.2142pt.
[28 <./DHW_analysis_files/figure-latex/DHW_Count_DAR3-1.pdf>] [29] [30]
<DHW_analysis_files/figure-latex/DHW_Count_DARL-1.pdf, id=454, 469.755pt x 325.
215pt>
File: DHW_analysis_files/figure-latex/DHW_Count_DARL-1.pdf Graphic file (type p
df)
<use DHW_analysis_files/figure-latex/DHW_Count_DARL-1.pdf>
Package pdftex.def Info: DHW_analysis_files/figure-latex/DHW_Count_DARL-1.pdf  
used on input line 1578.
(pdftex.def)             Requested size: 469.75386pt x 325.2142pt.
[31 <./DHW_analysis_files/figure-latex/DHW_Count_DARL-1.pdf>] [32] [33]
<DHW_analysis_files/figure-latex/DHW_Count_SCOTT_RPO_1-1.pdf, id=476, 469.755pt
 x 325.215pt>
File: DHW_analysis_files/figure-latex/DHW_Count_SCOTT_RPO_1-1.pdf Graphic file 
(type pdf)
<use DHW_analysis_files/figure-latex/DHW_Count_SCOTT_RPO_1-1.pdf>
Package pdftex.def Info: DHW_analysis_files/figure-latex/DHW_Count_SCOTT_RPO_1-
1.pdf  used on input line 1949.
(pdftex.def)             Requested size: 469.75386pt x 325.2142pt.
[34 <./DHW_analysis_files/figure-latex/DHW_Count_SCOTT_RPO_1-1.pdf>] [35] [36]
<DHW_analysis_files/figure-latex/DHW_Count_SCOTT_SL4-1.pdf, id=497, 469.755pt x
 325.215pt>
File: DHW_analysis_files/figure-latex/DHW_Count_SCOTT_SL4-1.pdf Graphic file (t
ype pdf)
<use DHW_analysis_files/figure-latex/DHW_Count_SCOTT_SL4-1.pdf>
Package pdftex.def Info: DHW_analysis_files/figure-latex/DHW_Count_SCOTT_SL4-1.
pdf  used on input line 2320.
(pdftex.def)             Requested size: 469.75386pt x 325.2142pt.
[37 <./DHW_analysis_files/figure-latex/DHW_Count_SCOTT_SL4-1.pdf>] [38] [39]
<DHW_analysis_files/figure-latex/DHW_Count_SCOTT_SS3-1.pdf, id=519, 469.755pt x
 325.215pt>
File: DHW_analysis_files/figure-latex/DHW_Count_SCOTT_SS3-1.pdf Graphic file (t
ype pdf)
<use DHW_analysis_files/figure-latex/DHW_Count_SCOTT_SS3-1.pdf>
Package pdftex.def Info: DHW_analysis_files/figure-latex/DHW_Count_SCOTT_SS3-1.
pdf  used on input line 2691.
(pdftex.def)             Requested size: 469.75386pt x 325.2142pt.
[40 <./DHW_analysis_files/figure-latex/DHW_Count_SCOTT_SS3-1.pdf>] [41] [42]
<DHW_analysis_files/figure-latex/DHW_Count_SCOTTNR1-1.pdf, id=540, 469.755pt x 
325.215pt>
File: DHW_analysis_files/figure-latex/DHW_Count_SCOTTNR1-1.pdf Graphic file (ty
pe pdf)
<use DHW_analysis_files/figure-latex/DHW_Count_SCOTTNR1-1.pdf>
Package pdftex.def Info: DHW_analysis_files/figure-latex/DHW_Count_SCOTTNR1-1.p
df  used on input line 3062.
(pdftex.def)             Requested size: 469.75386pt x 325.2142pt.
[43 <./DHW_analysis_files/figure-latex/DHW_Count_SCOTTNR1-1.pdf>] [44] [45]
<DHW_analysis_files/figure-latex/DHW_Count_SCOTTSL1-1.pdf, id=563, 469.755pt x 
325.215pt>
File: DHW_analysis_files/figure-latex/DHW_Count_SCOTTSL1-1.pdf Graphic file (ty
pe pdf)
<use DHW_analysis_files/figure-latex/DHW_Count_SCOTTSL1-1.pdf>
Package pdftex.def Info: DHW_analysis_files/figure-latex/DHW_Count_SCOTTSL1-1.p
df  used on input line 3433.
(pdftex.def)             Requested size: 469.75386pt x 325.2142pt.
[46 <./DHW_analysis_files/figure-latex/DHW_Count_SCOTTSL1-1.pdf>] [47] [48]
<DHW_analysis_files/figure-latex/DHW_Count_SCOTTSL2-1.pdf, id=584, 469.755pt x 
325.215pt>
File: DHW_analysis_files/figure-latex/DHW_Count_SCOTTSL2-1.pdf Graphic file (ty
pe pdf)
<use DHW_analysis_files/figure-latex/DHW_Count_SCOTTSL2-1.pdf>
Package pdftex.def Info: DHW_analysis_files/figure-latex/DHW_Count_SCOTTSL2-1.p
df  used on input line 3804.
(pdftex.def)             Requested size: 469.75386pt x 325.2142pt.
[49 <./DHW_analysis_files/figure-latex/DHW_Count_SCOTTSL2-1.pdf>] [50] [51]
<DHW_analysis_files/figure-latex/DHW_Count_SCOTTSL3-1.pdf, id=606, 469.755pt x 
325.215pt>
File: DHW_analysis_files/figure-latex/DHW_Count_SCOTTSL3-1.pdf Graphic file (ty
pe pdf)
<use DHW_analysis_files/figure-latex/DHW_Count_SCOTTSL3-1.pdf>
Package pdftex.def Info: DHW_analysis_files/figure-latex/DHW_Count_SCOTTSL3-1.p
df  used on input line 4175.
(pdftex.def)             Requested size: 469.75386pt x 325.2142pt.
[52 <./DHW_analysis_files/figure-latex/DHW_Count_SCOTTSL3-1.pdf>] [53] [54]
<DHW_analysis_files/figure-latex/DHW_Count_SCOTTSS1-1.pdf, id=627, 469.755pt x 
325.215pt>
File: DHW_analysis_files/figure-latex/DHW_Count_SCOTTSS1-1.pdf Graphic file (ty
pe pdf)
<use DHW_analysis_files/figure-latex/DHW_Count_SCOTTSS1-1.pdf>
Package pdftex.def Info: DHW_analysis_files/figure-latex/DHW_Count_SCOTTSS1-1.p
df  used on input line 4546.
(pdftex.def)             Requested size: 469.75386pt x 325.2142pt.
[55 <./DHW_analysis_files/figure-latex/DHW_Count_SCOTTSS1-1.pdf>] [56] [57]
<DHW_analysis_files/figure-latex/DHW_Count_SCOTTSS2-1.pdf, id=649, 469.755pt x 
325.215pt>
File: DHW_analysis_files/figure-latex/DHW_Count_SCOTTSS2-1.pdf Graphic file (ty
pe pdf)
<use DHW_analysis_files/figure-latex/DHW_Count_SCOTTSS2-1.pdf>
Package pdftex.def Info: DHW_analysis_files/figure-latex/DHW_Count_SCOTTSS2-1.p
df  used on input line 4917.
(pdftex.def)             Requested size: 469.75386pt x 325.2142pt.
[58 <./DHW_analysis_files/figure-latex/DHW_Count_SCOTTSS2-1.pdf>] [59] [60]
<DHW_analysis_files/figure-latex/DHW_Count_Tantabiddi-1.pdf, id=670, 469.755pt 
x 325.215pt>
File: DHW_analysis_files/figure-latex/DHW_Count_Tantabiddi-1.pdf Graphic file (
type pdf)
<use DHW_analysis_files/figure-latex/DHW_Count_Tantabiddi-1.pdf>
Package pdftex.def Info: DHW_analysis_files/figure-latex/DHW_Count_Tantabiddi-1
.pdf  used on input line 5288.
(pdftex.def)             Requested size: 469.75386pt x 325.2142pt.
[61 <./DHW_analysis_files/figure-latex/DHW_Count_Tantabiddi-1.pdf>] [62] [63]
<DHW_analysis_files/figure-latex/DHW_Count_TNT-1.pdf, id=693, 469.755pt x 325.2
15pt>
File: DHW_analysis_files/figure-latex/DHW_Count_TNT-1.pdf Graphic file (type pd
f)
<use DHW_analysis_files/figure-latex/DHW_Count_TNT-1.pdf>
Package pdftex.def Info: DHW_analysis_files/figure-latex/DHW_Count_TNT-1.pdf  u
sed on input line 5659.
(pdftex.def)             Requested size: 469.75386pt x 325.2142pt.
[64 <./DHW_analysis_files/figure-latex/DHW_Count_TNT-1.pdf>] [65] [66]
<DHW_analysis_files/figure-latex/DHW_Count_TNT07C-1.pdf, id=714, 469.755pt x 32
5.215pt>
File: DHW_analysis_files/figure-latex/DHW_Count_TNT07C-1.pdf Graphic file (type
 pdf)
<use DHW_analysis_files/figure-latex/DHW_Count_TNT07C-1.pdf>
Package pdftex.def Info: DHW_analysis_files/figure-latex/DHW_Count_TNT07C-1.pdf
  used on input line 6030.
(pdftex.def)             Requested size: 469.75386pt x 325.2142pt.
[67 <./DHW_analysis_files/figure-latex/DHW_Count_TNT07C-1.pdf>] [68] [69]
<DHW_analysis_files/figure-latex/DHW_Count_Wallabi_Island-1.pdf, id=736, 469.75
5pt x 325.215pt>
File: DHW_analysis_files/figure-latex/DHW_Count_Wallabi_Island-1.pdf Graphic fi
le (type pdf)
<use DHW_analysis_files/figure-latex/DHW_Count_Wallabi_Island-1.pdf>
Package pdftex.def Info: DHW_analysis_files/figure-latex/DHW_Count_Wallabi_Isla
nd-1.pdf  used on input line 6401.
(pdftex.def)             Requested size: 469.75386pt x 325.2142pt.
[70 <./DHW_analysis_files/figure-latex/DHW_Count_Wallabi_Island-1.pdf>] [71] [7
2]
<DHW_analysis_files/figure-latex/DHW_Count_HAB05B-1.pdf, id=757, 469.755pt x 32
5.215pt>
File: DHW_analysis_files/figure-latex/DHW_Count_HAB05B-1.pdf Graphic file (type
 pdf)
<use DHW_analysis_files/figure-latex/DHW_Count_HAB05B-1.pdf>
Package pdftex.def Info: DHW_analysis_files/figure-latex/DHW_Count_HAB05B-1.pdf
  used on input line 6772.
(pdftex.def)             Requested size: 469.75386pt x 325.2142pt.
[73 <./DHW_analysis_files/figure-latex/DHW_Count_HAB05B-1.pdf>] [74] [75]
<DHW_analysis_files/figure-latex/DHW_Count_HAB10A-1.pdf, id=779, 469.755pt x 32
5.215pt>
File: DHW_analysis_files/figure-latex/DHW_Count_HAB10A-1.pdf Graphic file (type
 pdf)
<use DHW_analysis_files/figure-latex/DHW_Count_HAB10A-1.pdf>
Package pdftex.def Info: DHW_analysis_files/figure-latex/DHW_Count_HAB10A-1.pdf
  used on input line 7143.
(pdftex.def)             Requested size: 469.75386pt x 325.2142pt.
[76 <./DHW_analysis_files/figure-latex/DHW_Count_HAB10A-1.pdf>] [77] [78] (./DH
W_analysis.aux)

LaTeX Warning: There were multiply-defined labels.

Package rerunfilecheck Info: File `DHW_analysis.out' has not changed.
(rerunfilecheck)             Checksum: 43440A077AA560146EEEA7D1CD439FFD;8791.
 ) 
Here is how much of TeX's memory you used:
 10487 strings out of 480559
 166273 string characters out of 5901948
 477599 words of memory out of 5000000
 27749 multiletter control sequences out of 15000+600000
 442722 words of font info for 63 fonts, out of 8000000 for 9000
 14 hyphenation exceptions out of 8191
 60i,8n,66p,527b,332s stack positions out of 5000i,500n,10000p,200000b,80000s
{c:/Users/Sam/AppData/Roaming/TinyTeX/texmf-dist/fonts/enc/dvips/lm/lm-ec.enc
}<c:/Users/Sam/AppData/Roaming/TinyTeX/texmf-dist/fonts/type1/public/lm/lmbx12.
pfb><c:/Users/Sam/AppData/Roaming/TinyTeX/texmf-dist/fonts/type1/public/lm/lmr1
0.pfb><c:/Users/Sam/AppData/Roaming/TinyTeX/texmf-dist/fonts/type1/public/lm/lm
r12.pfb><c:/Users/Sam/AppData/Roaming/TinyTeX/texmf-dist/fonts/type1/public/lm/
lmr17.pfb>
Output written on DHW_analysis.pdf (78 pages, 2536981 bytes).
PDF statistics:
 859 PDF objects out of 1000 (max. 8388607)
 684 compressed objects within 7 object streams
 157 named destinations out of 1000 (max. 500000)
 361 words of extra memory for PDF output out of 10000 (max. 10000000)

