This is pdfTeX, Version 3.141592653-2.6-1.40.23 (TeX Live 2021/W32TeX) (preloaded format=pdflatex 2021.9.21)  30 SEP 2021 17:00
entering extended mode
 restricted \write18 enabled.
 %&-line parsing enabled.
**Frequency_Analysis.tex
(./Frequency_Analysis.tex
LaTeX2e <2021-06-01> patch level 1
L3 programming layer <2021-08-27>
(c:/Users/46217029/AppData/Roaming/TinyTeX/texmf-dist/tex/latex/base/article.cl
s
Document Class: article 2021/02/12 v1.4n Standard LaTeX document class

(c:/Users/46217029/AppData/Roaming/TinyTeX/texmf-dist/tex/latex/base/size10.clo
File: size10.clo 2021/02/12 v1.4n Standard LaTeX file (size option)
)
\c@part=\count182
\c@section=\count183
\c@subsection=\count184
\c@subsubsection=\count185
\c@paragraph=\count186
\c@subparagraph=\count187
\c@figure=\count188
\c@table=\count189
\abovecaptionskip=\skip47
\belowcaptionskip=\skip48
\bibindent=\dimen138
)
(c:/Users/46217029/AppData/Roaming/TinyTeX/texmf-dist/tex/latex/amsmath/amsmath
.sty
Package: amsmath 2021/04/20 v2.17j AMS math features
\@mathmargin=\skip49
For additional information on amsmath, use the `?' option.

(c:/Users/46217029/AppData/Roaming/TinyTeX/texmf-dist/tex/latex/amsmath/amstext
.sty
Package: amstext 2000/06/29 v2.01 AMS text

(c:/Users/46217029/AppData/Roaming/TinyTeX/texmf-dist/tex/latex/amsmath/amsgen.
sty
File: amsgen.sty 1999/11/30 v2.0 generic functions
\@emptytoks=\toks16
\ex@=\dimen139
))
(c:/Users/46217029/AppData/Roaming/TinyTeX/texmf-dist/tex/latex/amsmath/amsbsy.
sty
Package: amsbsy 1999/11/29 v1.2d Bold Symbols
\pmbraise@=\dimen140
)
(c:/Users/46217029/AppData/Roaming/TinyTeX/texmf-dist/tex/latex/amsmath/amsopn.
sty
Package: amsopn 2016/03/08 v2.02 operator names
)
\inf@bad=\count190
LaTeX Info: Redefining \frac on input line 234.
\uproot@=\count191
\leftroot@=\count192
LaTeX Info: Redefining \overline on input line 399.
\classnum@=\count193
\DOTSCASE@=\count194
LaTeX Info: Redefining \ldots on input line 496.
LaTeX Info: Redefining \dots on input line 499.
LaTeX Info: Redefining \cdots on input line 620.
\Mathstrutbox@=\box50
\strutbox@=\box51
\big@size=\dimen141
LaTeX Font Info:    Redeclaring font encoding OML on input line 743.
LaTeX Font Info:    Redeclaring font encoding OMS on input line 744.
\macc@depth=\count195
\c@MaxMatrixCols=\count196
\dotsspace@=\muskip16
\c@parentequation=\count197
\dspbrk@lvl=\count198
\tag@help=\toks17
\row@=\count199
\column@=\count266
\maxfields@=\count267
\andhelp@=\toks18
\eqnshift@=\dimen142
\alignsep@=\dimen143
\tagshift@=\dimen144
\tagwidth@=\dimen145
\totwidth@=\dimen146
\lineht@=\dimen147
\@envbody=\toks19
\multlinegap=\skip50
\multlinetaggap=\skip51
\mathdisplay@stack=\toks20
LaTeX Info: Redefining \[ on input line 2923.
LaTeX Info: Redefining \] on input line 2924.
)
(c:/Users/46217029/AppData/Roaming/TinyTeX/texmf-dist/tex/latex/amsfonts/amssym
b.sty
Package: amssymb 2013/01/14 v3.01 AMS font symbols

(c:/Users/46217029/AppData/Roaming/TinyTeX/texmf-dist/tex/latex/amsfonts/amsfon
ts.sty
Package: amsfonts 2013/01/14 v3.01 Basic AMSFonts support
\symAMSa=\mathgroup4
\symAMSb=\mathgroup5
LaTeX Font Info:    Redeclaring math symbol \hbar on input line 98.
LaTeX Font Info:    Overwriting math alphabet `\mathfrak' in version `bold'
(Font)                  U/euf/m/n --> U/euf/b/n on input line 106.
)) (c:/Users/46217029/AppData/Roaming/TinyTeX/texmf-dist/tex/latex/lm/lmodern.s
ty
Package: lmodern 2015/05/01 v1.6.1 Latin Modern Fonts
LaTeX Font Info:    Overwriting symbol font `operators' in version `normal'
(Font)                  OT1/cmr/m/n --> OT1/lmr/m/n on input line 22.
LaTeX Font Info:    Overwriting symbol font `letters' in version `normal'
(Font)                  OML/cmm/m/it --> OML/lmm/m/it on input line 23.
LaTeX Font Info:    Overwriting symbol font `symbols' in version `normal'
(Font)                  OMS/cmsy/m/n --> OMS/lmsy/m/n on input line 24.
LaTeX Font Info:    Overwriting symbol font `largesymbols' in version `normal'
(Font)                  OMX/cmex/m/n --> OMX/lmex/m/n on input line 25.
LaTeX Font Info:    Overwriting symbol font `operators' in version `bold'
(Font)                  OT1/cmr/bx/n --> OT1/lmr/bx/n on input line 26.
LaTeX Font Info:    Overwriting symbol font `letters' in version `bold'
(Font)                  OML/cmm/b/it --> OML/lmm/b/it on input line 27.
LaTeX Font Info:    Overwriting symbol font `symbols' in version `bold'
(Font)                  OMS/cmsy/b/n --> OMS/lmsy/b/n on input line 28.
LaTeX Font Info:    Overwriting symbol font `largesymbols' in version `bold'
(Font)                  OMX/cmex/m/n --> OMX/lmex/m/n on input line 29.
LaTeX Font Info:    Overwriting math alphabet `\mathbf' in version `normal'
(Font)                  OT1/cmr/bx/n --> OT1/lmr/bx/n on input line 31.
LaTeX Font Info:    Overwriting math alphabet `\mathsf' in version `normal'
(Font)                  OT1/cmss/m/n --> OT1/lmss/m/n on input line 32.
LaTeX Font Info:    Overwriting math alphabet `\mathit' in version `normal'
(Font)                  OT1/cmr/m/it --> OT1/lmr/m/it on input line 33.
LaTeX Font Info:    Overwriting math alphabet `\mathtt' in version `normal'
(Font)                  OT1/cmtt/m/n --> OT1/lmtt/m/n on input line 34.
LaTeX Font Info:    Overwriting math alphabet `\mathbf' in version `bold'
(Font)                  OT1/cmr/bx/n --> OT1/lmr/bx/n on input line 35.
LaTeX Font Info:    Overwriting math alphabet `\mathsf' in version `bold'
(Font)                  OT1/cmss/bx/n --> OT1/lmss/bx/n on input line 36.
LaTeX Font Info:    Overwriting math alphabet `\mathit' in version `bold'
(Font)                  OT1/cmr/bx/it --> OT1/lmr/bx/it on input line 37.
LaTeX Font Info:    Overwriting math alphabet `\mathtt' in version `bold'
(Font)                  OT1/cmtt/m/n --> OT1/lmtt/m/n on input line 38.
)
(c:/Users/46217029/AppData/Roaming/TinyTeX/texmf-dist/tex/generic/iftex/ifxetex
.sty
Package: ifxetex 2019/10/25 v0.7 ifxetex legacy package. Use iftex instead.

(c:/Users/46217029/AppData/Roaming/TinyTeX/texmf-dist/tex/generic/iftex/iftex.s
ty
Package: iftex 2020/03/06 v1.0d TeX engine tests
))
(c:/Users/46217029/AppData/Roaming/TinyTeX/texmf-dist/tex/generic/iftex/ifluate
x.sty
Package: ifluatex 2019/10/25 v1.5 ifluatex legacy package. Use iftex instead.
)
(c:/Users/46217029/AppData/Roaming/TinyTeX/texmf-dist/tex/latex/base/fontenc.st
y
Package: fontenc 2021/04/29 v2.0v Standard LaTeX package
LaTeX Font Info:    Trying to load font information for T1+lmr on input line 11
2.
(c:/Users/46217029/AppData/Roaming/TinyTeX/texmf-dist/tex/latex/lm/t1lmr.fd
File: t1lmr.fd 2015/05/01 v1.6.1 Font defs for Latin Modern
))
(c:/Users/46217029/AppData/Roaming/TinyTeX/texmf-dist/tex/latex/base/inputenc.s
ty
Package: inputenc 2021/02/14 v1.3d Input encoding file
\inpenc@prehook=\toks21
\inpenc@posthook=\toks22
)
(c:/Users/46217029/AppData/Roaming/TinyTeX/texmf-dist/tex/latex/base/textcomp.s
ty
Package: textcomp 2020/02/02 v2.0n Standard LaTeX package
)
(c:/Users/46217029/AppData/Roaming/TinyTeX/texmf-dist/tex/latex/xcolor/xcolor.s
ty
Package: xcolor 2016/05/11 v2.12 LaTeX color extensions (UK)

(c:/Users/46217029/AppData/Roaming/TinyTeX/texmf-dist/tex/latex/graphics-cfg/co
lor.cfg
File: color.cfg 2016/01/02 v1.6 sample color configuration
)
Package xcolor Info: Driver file: pdftex.def on input line 225.

(c:/Users/46217029/AppData/Roaming/TinyTeX/texmf-dist/tex/latex/graphics-def/pd
ftex.def
File: pdftex.def 2020/10/05 v1.2a Graphics/color driver for pdftex
)
Package xcolor Info: Model `cmy' substituted by `cmy0' on input line 1348.
Package xcolor Info: Model `hsb' substituted by `rgb' on input line 1352.
Package xcolor Info: Model `RGB' extended on input line 1364.
Package xcolor Info: Model `HTML' substituted by `rgb' on input line 1366.
Package xcolor Info: Model `Hsb' substituted by `hsb' on input line 1367.
Package xcolor Info: Model `tHsb' substituted by `hsb' on input line 1368.
Package xcolor Info: Model `HSB' substituted by `hsb' on input line 1369.
Package xcolor Info: Model `Gray' substituted by `gray' on input line 1370.
Package xcolor Info: Model `wave' substituted by `hsb' on input line 1371.
)
(c:/Users/46217029/AppData/Roaming/TinyTeX/texmf-dist/tex/latex/hyperref/hyperr
ef.sty
Package: hyperref 2021-06-07 v7.00m Hypertext links for LaTeX

(c:/Users/46217029/AppData/Roaming/TinyTeX/texmf-dist/tex/generic/ltxcmds/ltxcm
ds.sty
Package: ltxcmds 2020-05-10 v1.25 LaTeX kernel commands for general use (HO)
)
(c:/Users/46217029/AppData/Roaming/TinyTeX/texmf-dist/tex/generic/pdftexcmds/pd
ftexcmds.sty
Package: pdftexcmds 2020-06-27 v0.33 Utility functions of pdfTeX for LuaTeX (HO
)

(c:/Users/46217029/AppData/Roaming/TinyTeX/texmf-dist/tex/generic/infwarerr/inf
warerr.sty
Package: infwarerr 2019/12/03 v1.5 Providing info/warning/error messages (HO)
)
Package pdftexcmds Info: \pdf@primitive is available.
Package pdftexcmds Info: \pdf@ifprimitive is available.
Package pdftexcmds Info: \pdfdraftmode found.
)
(c:/Users/46217029/AppData/Roaming/TinyTeX/texmf-dist/tex/latex/graphics/keyval
.sty
Package: keyval 2014/10/28 v1.15 key=value parser (DPC)
\KV@toks@=\toks23
)
(c:/Users/46217029/AppData/Roaming/TinyTeX/texmf-dist/tex/generic/kvsetkeys/kvs
etkeys.sty
Package: kvsetkeys 2019/12/15 v1.18 Key value parser (HO)
)
(c:/Users/46217029/AppData/Roaming/TinyTeX/texmf-dist/tex/generic/kvdefinekeys/
kvdefinekeys.sty
Package: kvdefinekeys 2019-12-19 v1.6 Define keys (HO)
)
(c:/Users/46217029/AppData/Roaming/TinyTeX/texmf-dist/tex/generic/pdfescape/pdf
escape.sty
Package: pdfescape 2019/12/09 v1.15 Implements pdfTeX's escape features (HO)
)
(c:/Users/46217029/AppData/Roaming/TinyTeX/texmf-dist/tex/latex/hycolor/hycolor
.sty
Package: hycolor 2020-01-27 v1.10 Color options for hyperref/bookmark (HO)
)
(c:/Users/46217029/AppData/Roaming/TinyTeX/texmf-dist/tex/latex/letltxmacro/let
ltxmacro.sty
Package: letltxmacro 2019/12/03 v1.6 Let assignment for LaTeX macros (HO)
)
(c:/Users/46217029/AppData/Roaming/TinyTeX/texmf-dist/tex/latex/auxhook/auxhook
.sty
Package: auxhook 2019-12-17 v1.6 Hooks for auxiliary files (HO)
)
(c:/Users/46217029/AppData/Roaming/TinyTeX/texmf-dist/tex/latex/kvoptions/kvopt
ions.sty
Package: kvoptions 2020-10-07 v3.14 Key value format for package options (HO)
)
\@linkdim=\dimen148
\Hy@linkcounter=\count268
\Hy@pagecounter=\count269

(c:/Users/46217029/AppData/Roaming/TinyTeX/texmf-dist/tex/latex/hyperref/pd1enc
.def
File: pd1enc.def 2021-06-07 v7.00m Hyperref: PDFDocEncoding definition (HO)
Now handling font encoding PD1 ...
... no UTF-8 mapping file for font encoding PD1
)
(c:/Users/46217029/AppData/Roaming/TinyTeX/texmf-dist/tex/latex/hyperref/hyperr
ef-langpatches.def
File: hyperref-langpatches.def 2021-06-07 v7.00m Hyperref: patches for babel la
nguages
)
(c:/Users/46217029/AppData/Roaming/TinyTeX/texmf-dist/tex/generic/intcalc/intca
lc.sty
Package: intcalc 2019/12/15 v1.3 Expandable calculations with integers (HO)
)
(c:/Users/46217029/AppData/Roaming/TinyTeX/texmf-dist/tex/generic/etexcmds/etex
cmds.sty
Package: etexcmds 2019/12/15 v1.7 Avoid name clashes with e-TeX commands (HO)
)
\Hy@SavedSpaceFactor=\count270

(c:/Users/46217029/AppData/Roaming/TinyTeX/texmf-dist/tex/latex/hyperref/puenc.
def
File: puenc.def 2021-06-07 v7.00m Hyperref: PDF Unicode definition (HO)
Now handling font encoding PU ...
... no UTF-8 mapping file for font encoding PU
)
Package hyperref Info: Option `unicode' set `true' on input line 4073.
Package hyperref Info: Hyper figures OFF on input line 4192.
Package hyperref Info: Link nesting OFF on input line 4197.
Package hyperref Info: Hyper index ON on input line 4200.
Package hyperref Info: Plain pages OFF on input line 4207.
Package hyperref Info: Backreferencing OFF on input line 4212.
Package hyperref Info: Implicit mode ON; LaTeX internals redefined.
Package hyperref Info: Bookmarks ON on input line 4445.
\c@Hy@tempcnt=\count271
(c:/Users/46217029/AppData/Roaming/TinyTeX/texmf-dist/tex/latex/url/url.sty
\Urlmuskip=\muskip17
Package: url 2013/09/16  ver 3.4  Verb mode for urls, etc.
)
LaTeX Info: Redefining \url on input line 4804.
\XeTeXLinkMargin=\dimen149

(c:/Users/46217029/AppData/Roaming/TinyTeX/texmf-dist/tex/generic/bitset/bitset
.sty
Package: bitset 2019/12/09 v1.3 Handle bit-vector datatype (HO)

(c:/Users/46217029/AppData/Roaming/TinyTeX/texmf-dist/tex/generic/bigintcalc/bi
gintcalc.sty
Package: bigintcalc 2019/12/15 v1.5 Expandable calculations on big integers (HO
)
))
\Fld@menulength=\count272
\Field@Width=\dimen150
\Fld@charsize=\dimen151
Package hyperref Info: Hyper figures OFF on input line 6076.
Package hyperref Info: Link nesting OFF on input line 6081.
Package hyperref Info: Hyper index ON on input line 6084.
Package hyperref Info: backreferencing OFF on input line 6091.
Package hyperref Info: Link coloring OFF on input line 6096.
Package hyperref Info: Link coloring with OCG OFF on input line 6101.
Package hyperref Info: PDF/A mode OFF on input line 6106.
LaTeX Info: Redefining \ref on input line 6146.
LaTeX Info: Redefining \pageref on input line 6150.

(c:/Users/46217029/AppData/Roaming/TinyTeX/texmf-dist/tex/latex/base/atbegshi-l
tx.sty
Package: atbegshi-ltx 2021/01/10 v1.0c Emulation of the original atbegshi
package with kernel methods
)
\Hy@abspage=\count273
\c@Item=\count274
\c@Hfootnote=\count275
)
Package hyperref Info: Driver (autodetected): hpdftex.

(c:/Users/46217029/AppData/Roaming/TinyTeX/texmf-dist/tex/latex/hyperref/hpdfte
x.def
File: hpdftex.def 2021-06-07 v7.00m Hyperref driver for pdfTeX

(c:/Users/46217029/AppData/Roaming/TinyTeX/texmf-dist/tex/latex/base/atveryend-
ltx.sty
Package: atveryend-ltx 2020/08/19 v1.0a Emulation of the original atvery packag
e
with kernel methods
)
\Fld@listcount=\count276
\c@bookmark@seq@number=\count277

(c:/Users/46217029/AppData/Roaming/TinyTeX/texmf-dist/tex/latex/rerunfilecheck/
rerunfilecheck.sty
Package: rerunfilecheck 2019/12/05 v1.9 Rerun checks for auxiliary files (HO)

(c:/Users/46217029/AppData/Roaming/TinyTeX/texmf-dist/tex/generic/uniquecounter
/uniquecounter.sty
Package: uniquecounter 2019/12/15 v1.4 Provide unlimited unique counter (HO)
)
Package uniquecounter Info: New unique counter `rerunfilecheck' on input line 2
86.
)
\Hy@SectionHShift=\skip52
)
(c:/Users/46217029/AppData/Roaming/TinyTeX/texmf-dist/tex/latex/geometry/geomet
ry.sty
Package: geometry 2020/01/02 v5.9 Page Geometry

(c:/Users/46217029/AppData/Roaming/TinyTeX/texmf-dist/tex/generic/iftex/ifvtex.
sty
Package: ifvtex 2019/10/25 v1.7 ifvtex legacy package. Use iftex instead.
)
\Gm@cnth=\count278
\Gm@cntv=\count279
\c@Gm@tempcnt=\count280
\Gm@bindingoffset=\dimen152
\Gm@wd@mp=\dimen153
\Gm@odd@mp=\dimen154
\Gm@even@mp=\dimen155
\Gm@layoutwidth=\dimen156
\Gm@layoutheight=\dimen157
\Gm@layouthoffset=\dimen158
\Gm@layoutvoffset=\dimen159
\Gm@dimlist=\toks24
)
(c:/Users/46217029/AppData/Roaming/TinyTeX/texmf-dist/tex/latex/graphics/graphi
cx.sty
Package: graphicx 2020/12/05 v1.2c Enhanced LaTeX Graphics (DPC,SPQR)

(c:/Users/46217029/AppData/Roaming/TinyTeX/texmf-dist/tex/latex/graphics/graphi
cs.sty
Package: graphics 2021/03/04 v1.4d Standard LaTeX Graphics (DPC,SPQR)

(c:/Users/46217029/AppData/Roaming/TinyTeX/texmf-dist/tex/latex/graphics/trig.s
ty
Package: trig 2016/01/03 v1.10 sin cos tan (DPC)
)
(c:/Users/46217029/AppData/Roaming/TinyTeX/texmf-dist/tex/latex/graphics-cfg/gr
aphics.cfg
File: graphics.cfg 2016/06/04 v1.11 sample graphics configuration
)
Package graphics Info: Driver file: pdftex.def on input line 107.
)
\Gin@req@height=\dimen160
\Gin@req@width=\dimen161
)
(c:/Users/46217029/AppData/Roaming/TinyTeX/texmf-dist/tex/latex/booktabs/bookta
bs.sty
Package: booktabs 2020/01/12 v1.61803398 Publication quality tables
\heavyrulewidth=\dimen162
\lightrulewidth=\dimen163
\cmidrulewidth=\dimen164
\belowrulesep=\dimen165
\belowbottomsep=\dimen166
\aboverulesep=\dimen167
\abovetopsep=\dimen168
\cmidrulesep=\dimen169
\cmidrulekern=\dimen170
\defaultaddspace=\dimen171
\@cmidla=\count281
\@cmidlb=\count282
\@aboverulesep=\dimen172
\@belowrulesep=\dimen173
\@thisruleclass=\count283
\@lastruleclass=\count284
\@thisrulewidth=\dimen174
)
(c:/Users/46217029/AppData/Roaming/TinyTeX/texmf-dist/tex/latex/tools/longtable
.sty
Package: longtable 2021-05-07 v4.16 Multi-page Table package (DPC)
\LTleft=\skip53
\LTright=\skip54
\LTpre=\skip55
\LTpost=\skip56
\LTchunksize=\count285
\LTcapwidth=\dimen175
\LT@head=\box52
\LT@firsthead=\box53
\LT@foot=\box54
\LT@lastfoot=\box55
\LT@gbox=\box56
\LT@cols=\count286
\LT@rows=\count287
\c@LT@tables=\count288
\c@LT@chunks=\count289
\LT@p@ftn=\toks25
)
(c:/Users/46217029/AppData/Roaming/TinyTeX/texmf-dist/tex/latex/tools/array.sty
Package: array 2021/04/20 v2.5e Tabular extension package (FMi)
\col@sep=\dimen176
\ar@mcellbox=\box57
\extrarowheight=\dimen177
\NC@list=\toks26
\extratabsurround=\skip57
\backup@length=\skip58
\ar@cellbox=\box58
)
(c:/Users/46217029/AppData/Roaming/TinyTeX/texmf-dist/tex/latex/multirow/multir
ow.sty
Package: multirow 2021/03/15 v2.8 Span multiple rows of a table
\multirow@colwidth=\skip59
\multirow@cntb=\count290
\multirow@dima=\skip60
\bigstrutjot=\dimen178
)
(c:/Users/46217029/AppData/Roaming/TinyTeX/texmf-dist/tex/latex/wrapfig/wrapfig
.sty
\wrapoverhang=\dimen179
\WF@size=\dimen180
\c@WF@wrappedlines=\count291
\WF@box=\box59
\WF@everypar=\toks27
Package: wrapfig 2003/01/31  v 3.6
)
(c:/Users/46217029/AppData/Roaming/TinyTeX/texmf-dist/tex/latex/float/float.sty
Package: float 2001/11/08 v1.3d Float enhancements (AL)
\c@float@type=\count292
\float@exts=\toks28
\float@box=\box60
\@float@everytoks=\toks29
\@floatcapt=\box61
)
(c:/Users/46217029/AppData/Roaming/TinyTeX/texmf-dist/tex/latex/colortbl/colort
bl.sty
Package: colortbl 2020/01/04 v1.0e Color table columns (DPC)
\everycr=\toks30
\minrowclearance=\skip61
)
(c:/Users/46217029/AppData/Roaming/TinyTeX/texmf-dist/tex/latex/pdflscape/pdfls
cape.sty
Package: pdflscape 2019/12/05 v0.12 Display of landscape pages in PDF (HO)

(c:/Users/46217029/AppData/Roaming/TinyTeX/texmf-dist/tex/latex/graphics/lscape
.sty
Package: lscape 2020/05/28 v3.02 Landscape Pages (DPC)
)
Package pdflscape Info: Auto-detected driver: pdftex on input line 81.
) (c:/Users/46217029/AppData/Roaming/TinyTeX/texmf-dist/tex/latex/tabu/tabu.sty
Package: tabu 2019/01/11 v2.9 - flexible LaTeX tabulars (FC+tabu-fixed)

(c:/Users/46217029/AppData/Roaming/TinyTeX/texmf-dist/tex/latex/varwidth/varwid
th.sty
Package: varwidth 2009/03/30 ver 0.92;  Variable-width minipages
\@vwid@box=\box62
\sift@deathcycles=\count293
\@vwid@loff=\dimen181
\@vwid@roff=\dimen182
)
\c@taburow=\count294
\tabu@nbcols=\count295
\tabu@cnt=\count296
\tabu@Xcol=\count297
\tabu@alloc=\count298
\tabu@nested=\count299
\tabu@target=\dimen183
\tabu@spreadtarget=\dimen184
\tabu@naturalX=\dimen185
\tabucolX=\dimen186
\tabu@Xsum=\dimen187
\extrarowdepth=\dimen188
\abovetabulinesep=\dimen189
\belowtabulinesep=\dimen190
\tabustrutrule=\dimen191
\tabu@thebody=\toks31
\tabu@footnotes=\toks32
\tabu@box=\box63
\tabu@arstrutbox=\box64
\tabu@hleads=\box65
\tabu@vleads=\box66
\tabu@cellskip=\skip62
)
(c:/Users/46217029/AppData/Roaming/TinyTeX/texmf-dist/tex/latex/threeparttable/
threeparttable.sty
Package: threeparttable 2003/06/13  v 3.0
\@tempboxb=\box67
)
(c:/Users/46217029/AppData/Roaming/TinyTeX/texmf-dist/tex/latex/threeparttablex
/threeparttablex.sty
Package: threeparttablex 2013/07/23 v0.3 by daleif

(c:/Users/46217029/AppData/Roaming/TinyTeX/texmf-dist/tex/latex/environ/environ
.sty
Package: environ 2014/05/04 v0.3 A new way to define environments

(c:/Users/46217029/AppData/Roaming/TinyTeX/texmf-dist/tex/latex/trimspaces/trim
spaces.sty
Package: trimspaces 2009/09/17 v1.1 Trim spaces around a token list
))
\TPTL@width=\skip63
)
(c:/Users/46217029/AppData/Roaming/TinyTeX/texmf-dist/tex/generic/ulem/ulem.sty
\UL@box=\box68
\UL@hyphenbox=\box69
\UL@skip=\skip64
\UL@hook=\toks33
\UL@height=\dimen192
\UL@pe=\count300
\UL@pixel=\dimen193
\ULC@box=\box70
Package: ulem 2019/11/18
\ULdepth=\dimen194
)
(c:/Users/46217029/AppData/Roaming/TinyTeX/texmf-dist/tex/latex/makecell/makece
ll.sty
Package: makecell 2009/08/03 V0.1e Managing of Tab Column Heads and Cells
\rotheadsize=\dimen195
\c@nlinenum=\count301
\TeXr@lab=\toks34
)
(c:/Users/46217029/AppData/Roaming/TinyTeX/texmf-dist/tex/latex/siunitx/siunitx
.sty
Package: siunitx 2021-09-22 v3.0.31 A comprehensive (SI) units package
\l__siunitx_angle_tmp_dim=\dimen196
\l__siunitx_angle_marker_box=\box71
\l__siunitx_angle_unit_box=\box72
\l__siunitx_compound_count_int=\count302
\l__siunitx_number_exponent_fixed_int=\count303
\l__siunitx_number_min_decimal_int=\count304
\l__siunitx_number_min_integer_int=\count305
\l__siunitx_number_round_precision_int=\count306
\l__siunitx_number_group_minimum_int=\count307
\l__siunitx_table_tmp_box=\box73
\l__siunitx_table_tmp_dim=\dimen197
\l__siunitx_table_column_width_dim=\dimen198
\l__siunitx_table_integer_box=\box74
\l__siunitx_table_decimal_box=\box75
\l__siunitx_table_before_box=\box76
\l__siunitx_table_after_box=\box77
\l__siunitx_table_before_dim=\dimen199
\l__siunitx_table_carry_dim=\dimen256
\l__siunitx_unit_tmp_int=\count308
\l__siunitx_unit_position_int=\count309
\l__siunitx_unit_total_int=\count310

(c:/Users/46217029/AppData/Roaming/TinyTeX/texmf-dist/tex/latex/l3packages/l3ke
ys2e/l3keys2e.sty
(c:/Users/46217029/AppData/Roaming/TinyTeX/texmf-dist/tex/latex/l3kernel/expl3.
sty
Package: expl3 2021-08-27 L3 programming layer (loader) 

(c:/Users/46217029/AppData/Roaming/TinyTeX/texmf-dist/tex/latex/l3backend/l3bac
kend-pdftex.def
File: l3backend-pdftex.def 2021-08-04 L3 backend support: PDF output (pdfTeX)
\l__color_backend_stack_int=\count311
\l__pdf_internal_box=\box78
))
Package: l3keys2e 2021-08-27 LaTeX2e option processing using LaTeX3 keys
)) (./Frequency_Analysis.aux

LaTeX Warning: Label `tab:Tables' multiply defined.

)
\openout1 = `Frequency_Analysis.aux'.

LaTeX Font Info:    Checking defaults for OML/cmm/m/it on input line 86.
LaTeX Font Info:    ... okay on input line 86.
LaTeX Font Info:    Checking defaults for OMS/cmsy/m/n on input line 86.
LaTeX Font Info:    ... okay on input line 86.
LaTeX Font Info:    Checking defaults for OT1/cmr/m/n on input line 86.
LaTeX Font Info:    ... okay on input line 86.
LaTeX Font Info:    Checking defaults for T1/cmr/m/n on input line 86.
LaTeX Font Info:    ... okay on input line 86.
LaTeX Font Info:    Checking defaults for TS1/cmr/m/n on input line 86.
LaTeX Font Info:    ... okay on input line 86.
LaTeX Font Info:    Checking defaults for OMX/cmex/m/n on input line 86.
LaTeX Font Info:    ... okay on input line 86.
LaTeX Font Info:    Checking defaults for U/cmr/m/n on input line 86.
LaTeX Font Info:    ... okay on input line 86.
LaTeX Font Info:    Checking defaults for PD1/pdf/m/n on input line 86.
LaTeX Font Info:    ... okay on input line 86.
LaTeX Font Info:    Checking defaults for PU/pdf/m/n on input line 86.
LaTeX Font Info:    ... okay on input line 86.

(c:/Users/46217029/AppData/Roaming/TinyTeX/texmf-dist/tex/latex/epstopdf-pkg/ep
stopdf-base.sty
Package: epstopdf-base 2020-01-24 v2.11 Base part for package epstopdf
Package epstopdf-base Info: Redefining graphics rule for `.eps' on input line 4
85.

(c:/Users/46217029/AppData/Roaming/TinyTeX/texmf-dist/tex/latex/latexconfig/eps
topdf-sys.cfg
File: epstopdf-sys.cfg 2010/07/13 v1.3 Configuration of (r)epstopdf for TeX Liv
e
))
Package hyperref Info: Link coloring OFF on input line 86.

(c:/Users/46217029/AppData/Roaming/TinyTeX/texmf-dist/tex/latex/hyperref/namere
f.sty
Package: nameref 2021-04-02 v2.47 Cross-referencing by name of section

(c:/Users/46217029/AppData/Roaming/TinyTeX/texmf-dist/tex/latex/refcount/refcou
nt.sty
Package: refcount 2019/12/15 v3.6 Data extraction from label references (HO)
)
(c:/Users/46217029/AppData/Roaming/TinyTeX/texmf-dist/tex/generic/gettitlestrin
g/gettitlestring.sty
Package: gettitlestring 2019/12/15 v1.6 Cleanup title references (HO)
)
\c@section@level=\count312
)
LaTeX Info: Redefining \ref on input line 86.
LaTeX Info: Redefining \pageref on input line 86.
LaTeX Info: Redefining \nameref on input line 86.
(./Frequency_Analysis.out) (./Frequency_Analysis.out)
\@outlinefile=\write3
\openout3 = `Frequency_Analysis.out'.

*geometry* driver: auto-detecting
*geometry* detected driver: pdftex
*geometry* verbose mode - [ preamble ] result:
* driver: pdftex
* paper: <default>
* layout: <same size as paper>
* layoutoffset:(h,v)=(0.0pt,0.0pt)
* modes: 
* h-part:(L,W,R)=(72.26999pt, 469.75502pt, 72.26999pt)
* v-part:(T,H,B)=(72.26999pt, 650.43001pt, 72.26999pt)
* \paperwidth=614.295pt
* \paperheight=794.96999pt
* \textwidth=469.75502pt
* \textheight=650.43001pt
* \oddsidemargin=0.0pt
* \evensidemargin=0.0pt
* \topmargin=-37.0pt
* \headheight=12.0pt
* \headsep=25.0pt
* \topskip=10.0pt
* \footskip=30.0pt
* \marginparwidth=65.0pt
* \marginparsep=11.0pt
* \columnsep=10.0pt
* \skip\footins=9.0pt plus 4.0pt minus 2.0pt
* \hoffset=0.0pt
* \voffset=0.0pt
* \mag=1000
* \@twocolumnfalse
* \@twosidefalse
* \@mparswitchfalse
* \@reversemarginfalse
* (1in=72.27pt=25.4mm, 1cm=28.453pt)

LaTeX Font Info:    Trying to load font information for OT1+lmr on input line 8
8.
(c:/Users/46217029/AppData/Roaming/TinyTeX/texmf-dist/tex/latex/lm/ot1lmr.fd
File: ot1lmr.fd 2015/05/01 v1.6.1 Font defs for Latin Modern
)
LaTeX Font Info:    Trying to load font information for OML+lmm on input line 8
8.
(c:/Users/46217029/AppData/Roaming/TinyTeX/texmf-dist/tex/latex/lm/omllmm.fd
File: omllmm.fd 2015/05/01 v1.6.1 Font defs for Latin Modern
)
LaTeX Font Info:    Trying to load font information for OMS+lmsy on input line 
88.
(c:/Users/46217029/AppData/Roaming/TinyTeX/texmf-dist/tex/latex/lm/omslmsy.fd
File: omslmsy.fd 2015/05/01 v1.6.1 Font defs for Latin Modern
)
LaTeX Font Info:    Trying to load font information for OMX+lmex on input line 
88.
(c:/Users/46217029/AppData/Roaming/TinyTeX/texmf-dist/tex/latex/lm/omxlmex.fd
File: omxlmex.fd 2015/05/01 v1.6.1 Font defs for Latin Modern
)
LaTeX Font Info:    External font `lmex10' loaded for size
(Font)              <12> on input line 88.
LaTeX Font Info:    External font `lmex10' loaded for size
(Font)              <8> on input line 88.
LaTeX Font Info:    External font `lmex10' loaded for size
(Font)              <6> on input line 88.
LaTeX Font Info:    Trying to load font information for U+msa on input line 88.


(c:/Users/46217029/AppData/Roaming/TinyTeX/texmf-dist/tex/latex/amsfonts/umsa.f
d
File: umsa.fd 2013/01/14 v3.01 AMS symbols A
)
LaTeX Font Info:    Trying to load font information for U+msb on input line 88.


(c:/Users/46217029/AppData/Roaming/TinyTeX/texmf-dist/tex/latex/amsfonts/umsb.f
d
File: umsb.fd 2013/01/14 v3.01 AMS symbols B
) [1

{c:/Users/46217029/AppData/Roaming/TinyTeX/texmf-var/fonts/map/pdftex/updmap/pd
ftex.map}]
LaTeX Font Info:    Trying to load font information for TS1+lmr on input line 9
9.
(c:/Users/46217029/AppData/Roaming/TinyTeX/texmf-dist/tex/latex/lm/ts1lmr.fd
File: ts1lmr.fd 2015/05/01 v1.6.1 Font defs for Latin Modern
)
LaTeX Font Info:    Trying to load font information for T1+lmtt on input line 1
04.
(c:/Users/46217029/AppData/Roaming/TinyTeX/texmf-dist/tex/latex/lm/t1lmtt.fd
File: t1lmtt.fd 2015/05/01 v1.6.1 Font defs for Latin Modern
)
<Frequency_Analysis_files/figure-latex/Browse_Island-1.pdf, id=44, 469.755pt x 
325.215pt>
File: Frequency_Analysis_files/figure-latex/Browse_Island-1.pdf Graphic file (t
ype pdf)
<use Frequency_Analysis_files/figure-latex/Browse_Island-1.pdf>
Package pdftex.def Info: Frequency_Analysis_files/figure-latex/Browse_Island-1.
pdf  used on input line 108.
(pdftex.def)             Requested size: 469.75386pt x 325.2142pt.
<Frequency_Analysis_files/figure-latex/Browse_Island-2.pdf, id=45, 469.755pt x 
325.215pt>
File: Frequency_Analysis_files/figure-latex/Browse_Island-2.pdf Graphic file (t
ype pdf)
<use Frequency_Analysis_files/figure-latex/Browse_Island-2.pdf>
Package pdftex.def Info: Frequency_Analysis_files/figure-latex/Browse_Island-2.
pdf  used on input line 109.
(pdftex.def)             Requested size: 469.75386pt x 325.2142pt.

Underfull \hbox (badness 10000) in paragraph at lines 108--110
[][]
 []

LaTeX Font Info:    External font `lmex10' loaded for size
(Font)              <10> on input line 113.
LaTeX Font Info:    External font `lmex10' loaded for size
(Font)              <7> on input line 113.
LaTeX Font Info:    External font `lmex10' loaded for size
(Font)              <5> on input line 113.
[2 <./Frequency_Analysis_files/figure-latex/Browse_Island-1.pdf>]
<Frequency_Analysis_files/figure-latex/Browse_Island-3.pdf, id=59, 469.755pt x 
325.215pt>
File: Frequency_Analysis_files/figure-latex/Browse_Island-3.pdf Graphic file (t
ype pdf)
<use Frequency_Analysis_files/figure-latex/Browse_Island-3.pdf>
Package pdftex.def Info: Frequency_Analysis_files/figure-latex/Browse_Island-3.
pdf  used on input line 137.
(pdftex.def)             Requested size: 469.75386pt x 325.2142pt.
<Frequency_Analysis_files/figure-latex/Browse_Island-4.pdf, id=60, 469.755pt x 
325.215pt>
File: Frequency_Analysis_files/figure-latex/Browse_Island-4.pdf Graphic file (t
ype pdf)
<use Frequency_Analysis_files/figure-latex/Browse_Island-4.pdf>
Package pdftex.def Info: Frequency_Analysis_files/figure-latex/Browse_Island-4.
pdf  used on input line 138.
(pdftex.def)             Requested size: 469.75386pt x 325.2142pt.

Underfull \hbox (badness 10000) in paragraph at lines 137--139
[][]
 []

[3 <./Frequency_Analysis_files/figure-latex/Browse_Island-2.pdf>] [4 <./Frequen
cy_Analysis_files/figure-latex/Browse_Island-3.pdf>] [5 <./Frequency_Analysis_f
iles/figure-latex/Browse_Island-4.pdf>]
<Frequency_Analysis_files/figure-latex/Cocos_Keeling_Island-1.pdf, id=91, 469.7
55pt x 325.215pt>
File: Frequency_Analysis_files/figure-latex/Cocos_Keeling_Island-1.pdf Graphic 
file (type pdf)
<use Frequency_Analysis_files/figure-latex/Cocos_Keeling_Island-1.pdf>
Package pdftex.def Info: Frequency_Analysis_files/figure-latex/Cocos_Keeling_Is
land-1.pdf  used on input line 183.
(pdftex.def)             Requested size: 469.75386pt x 325.2142pt.
<Frequency_Analysis_files/figure-latex/Cocos_Keeling_Island-2.pdf, id=92, 469.7
55pt x 325.215pt>
File: Frequency_Analysis_files/figure-latex/Cocos_Keeling_Island-2.pdf Graphic 
file (type pdf)
<use Frequency_Analysis_files/figure-latex/Cocos_Keeling_Island-2.pdf>
Package pdftex.def Info: Frequency_Analysis_files/figure-latex/Cocos_Keeling_Is
land-2.pdf  used on input line 184.
(pdftex.def)             Requested size: 469.75386pt x 325.2142pt.

Underfull \hbox (badness 10000) in paragraph at lines 183--185
[][]
 []

[6 <./Frequency_Analysis_files/figure-latex/Cocos_Keeling_Island-1.pdf>]
<Frequency_Analysis_files/figure-latex/Cocos_Keeling_Island-3.pdf, id=103, 469.
755pt x 325.215pt>
File: Frequency_Analysis_files/figure-latex/Cocos_Keeling_Island-3.pdf Graphic 
file (type pdf)
<use Frequency_Analysis_files/figure-latex/Cocos_Keeling_Island-3.pdf>
Package pdftex.def Info: Frequency_Analysis_files/figure-latex/Cocos_Keeling_Is
land-3.pdf  used on input line 212.
(pdftex.def)             Requested size: 469.75386pt x 325.2142pt.
<Frequency_Analysis_files/figure-latex/Cocos_Keeling_Island-4.pdf, id=104, 469.
755pt x 325.215pt>
File: Frequency_Analysis_files/figure-latex/Cocos_Keeling_Island-4.pdf Graphic 
file (type pdf)
<use Frequency_Analysis_files/figure-latex/Cocos_Keeling_Island-4.pdf>
Package pdftex.def Info: Frequency_Analysis_files/figure-latex/Cocos_Keeling_Is
land-4.pdf  used on input line 213.
(pdftex.def)             Requested size: 469.75386pt x 325.2142pt.

Underfull \hbox (badness 10000) in paragraph at lines 212--214
[][]
 []

[7 <./Frequency_Analysis_files/figure-latex/Cocos_Keeling_Island-2.pdf>] [8 <./
Frequency_Analysis_files/figure-latex/Cocos_Keeling_Island-3.pdf>] [9 <./Freque
ncy_Analysis_files/figure-latex/Cocos_Keeling_Island-4.pdf>]
<Frequency_Analysis_files/figure-latex/Ningaloo_Reef-1.pdf, id=133, 469.755pt x
 325.215pt>
File: Frequency_Analysis_files/figure-latex/Ningaloo_Reef-1.pdf Graphic file (t
ype pdf)
<use Frequency_Analysis_files/figure-latex/Ningaloo_Reef-1.pdf>
Package pdftex.def Info: Frequency_Analysis_files/figure-latex/Ningaloo_Reef-1.
pdf  used on input line 262.
(pdftex.def)             Requested size: 469.75386pt x 325.2142pt.
<Frequency_Analysis_files/figure-latex/Ningaloo_Reef-2.pdf, id=134, 469.755pt x
 325.215pt>
File: Frequency_Analysis_files/figure-latex/Ningaloo_Reef-2.pdf Graphic file (t
ype pdf)
<use Frequency_Analysis_files/figure-latex/Ningaloo_Reef-2.pdf>
Package pdftex.def Info: Frequency_Analysis_files/figure-latex/Ningaloo_Reef-2.
pdf  used on input line 263.
(pdftex.def)             Requested size: 469.75386pt x 325.2142pt.

Underfull \hbox (badness 10000) in paragraph at lines 262--264
[][]
 []

[10 <./Frequency_Analysis_files/figure-latex/Ningaloo_Reef-1.pdf>]
<Frequency_Analysis_files/figure-latex/Ningaloo_Reef-3.pdf, id=145, 469.755pt x
 325.215pt>
File: Frequency_Analysis_files/figure-latex/Ningaloo_Reef-3.pdf Graphic file (t
ype pdf)
<use Frequency_Analysis_files/figure-latex/Ningaloo_Reef-3.pdf>
Package pdftex.def Info: Frequency_Analysis_files/figure-latex/Ningaloo_Reef-3.
pdf  used on input line 293.
(pdftex.def)             Requested size: 469.75386pt x 325.2142pt.
<Frequency_Analysis_files/figure-latex/Ningaloo_Reef-4.pdf, id=146, 469.755pt x
 325.215pt>
File: Frequency_Analysis_files/figure-latex/Ningaloo_Reef-4.pdf Graphic file (t
ype pdf)
<use Frequency_Analysis_files/figure-latex/Ningaloo_Reef-4.pdf>
Package pdftex.def Info: Frequency_Analysis_files/figure-latex/Ningaloo_Reef-4.
pdf  used on input line 294.
(pdftex.def)             Requested size: 469.75386pt x 325.2142pt.

Underfull \hbox (badness 10000) in paragraph at lines 293--295
[][]
 []

[11 <./Frequency_Analysis_files/figure-latex/Ningaloo_Reef-2.pdf>] [12 <./Frequ
ency_Analysis_files/figure-latex/Ningaloo_Reef-3.pdf>]
<Frequency_Analysis_files/figure-latex/Ningaloo_Reef-5.pdf, id=166, 469.755pt x
 325.215pt>
File: Frequency_Analysis_files/figure-latex/Ningaloo_Reef-5.pdf Graphic file (t
ype pdf)
<use Frequency_Analysis_files/figure-latex/Ningaloo_Reef-5.pdf>
Package pdftex.def Info: Frequency_Analysis_files/figure-latex/Ningaloo_Reef-5.
pdf  used on input line 322.
(pdftex.def)             Requested size: 469.75386pt x 325.2142pt.
<Frequency_Analysis_files/figure-latex/Ningaloo_Reef-6.pdf, id=167, 469.755pt x
 325.215pt>
File: Frequency_Analysis_files/figure-latex/Ningaloo_Reef-6.pdf Graphic file (t
ype pdf)
<use Frequency_Analysis_files/figure-latex/Ningaloo_Reef-6.pdf>
Package pdftex.def Info: Frequency_Analysis_files/figure-latex/Ningaloo_Reef-6.
pdf  used on input line 323.
(pdftex.def)             Requested size: 469.75386pt x 325.2142pt.

Underfull \hbox (badness 10000) in paragraph at lines 322--324
[][]
 []

[13 <./Frequency_Analysis_files/figure-latex/Ningaloo_Reef-4.pdf>] [14 <./Frequ
ency_Analysis_files/figure-latex/Ningaloo_Reef-5.pdf>]
<Frequency_Analysis_files/figure-latex/Ningaloo_Reef-7.pdf, id=187, 469.755pt x
 325.215pt>
File: Frequency_Analysis_files/figure-latex/Ningaloo_Reef-7.pdf Graphic file (t
ype pdf)
<use Frequency_Analysis_files/figure-latex/Ningaloo_Reef-7.pdf>
Package pdftex.def Info: Frequency_Analysis_files/figure-latex/Ningaloo_Reef-7.
pdf  used on input line 351.
(pdftex.def)             Requested size: 469.75386pt x 325.2142pt.
<Frequency_Analysis_files/figure-latex/Ningaloo_Reef-8.pdf, id=188, 469.755pt x
 325.215pt>
File: Frequency_Analysis_files/figure-latex/Ningaloo_Reef-8.pdf Graphic file (t
ype pdf)
<use Frequency_Analysis_files/figure-latex/Ningaloo_Reef-8.pdf>
Package pdftex.def Info: Frequency_Analysis_files/figure-latex/Ningaloo_Reef-8.
pdf  used on input line 352.
(pdftex.def)             Requested size: 469.75386pt x 325.2142pt.

Underfull \hbox (badness 10000) in paragraph at lines 351--353
[][]
 []

[15 <./Frequency_Analysis_files/figure-latex/Ningaloo_Reef-6.pdf>] [16 <./Frequ
ency_Analysis_files/figure-latex/Ningaloo_Reef-7.pdf>]
<Frequency_Analysis_files/figure-latex/Ningaloo_Reef-9.pdf, id=207, 469.755pt x
 325.215pt>
File: Frequency_Analysis_files/figure-latex/Ningaloo_Reef-9.pdf Graphic file (t
ype pdf)
<use Frequency_Analysis_files/figure-latex/Ningaloo_Reef-9.pdf>
Package pdftex.def Info: Frequency_Analysis_files/figure-latex/Ningaloo_Reef-9.
pdf  used on input line 382.
(pdftex.def)             Requested size: 469.75386pt x 325.2142pt.
<Frequency_Analysis_files/figure-latex/Ningaloo_Reef-10.pdf, id=208, 469.755pt 
x 325.215pt>
File: Frequency_Analysis_files/figure-latex/Ningaloo_Reef-10.pdf Graphic file (
type pdf)
<use Frequency_Analysis_files/figure-latex/Ningaloo_Reef-10.pdf>
Package pdftex.def Info: Frequency_Analysis_files/figure-latex/Ningaloo_Reef-10
.pdf  used on input line 383.
(pdftex.def)             Requested size: 469.75386pt x 325.2142pt.

Underfull \hbox (badness 10000) in paragraph at lines 382--384
[][]
 []

[17 <./Frequency_Analysis_files/figure-latex/Ningaloo_Reef-8.pdf>] [18 <./Frequ
ency_Analysis_files/figure-latex/Ningaloo_Reef-9.pdf>]
<Frequency_Analysis_files/figure-latex/Ningaloo_Reef-11.pdf, id=227, 469.755pt 
x 325.215pt>
File: Frequency_Analysis_files/figure-latex/Ningaloo_Reef-11.pdf Graphic file (
type pdf)
<use Frequency_Analysis_files/figure-latex/Ningaloo_Reef-11.pdf>
Package pdftex.def Info: Frequency_Analysis_files/figure-latex/Ningaloo_Reef-11
.pdf  used on input line 411.
(pdftex.def)             Requested size: 469.75386pt x 325.2142pt.
<Frequency_Analysis_files/figure-latex/Ningaloo_Reef-12.pdf, id=228, 469.755pt 
x 325.215pt>
File: Frequency_Analysis_files/figure-latex/Ningaloo_Reef-12.pdf Graphic file (
type pdf)
<use Frequency_Analysis_files/figure-latex/Ningaloo_Reef-12.pdf>
Package pdftex.def Info: Frequency_Analysis_files/figure-latex/Ningaloo_Reef-12
.pdf  used on input line 412.
(pdftex.def)             Requested size: 469.75386pt x 325.2142pt.

Underfull \hbox (badness 10000) in paragraph at lines 411--413
[][]
 []

[19 <./Frequency_Analysis_files/figure-latex/Ningaloo_Reef-10.pdf>] [20 <./Freq
uency_Analysis_files/figure-latex/Ningaloo_Reef-11.pdf>]
<Frequency_Analysis_files/figure-latex/Ningaloo_Reef-13.pdf, id=248, 469.755pt 
x 325.215pt>
File: Frequency_Analysis_files/figure-latex/Ningaloo_Reef-13.pdf Graphic file (
type pdf)
<use Frequency_Analysis_files/figure-latex/Ningaloo_Reef-13.pdf>
Package pdftex.def Info: Frequency_Analysis_files/figure-latex/Ningaloo_Reef-13
.pdf  used on input line 440.
(pdftex.def)             Requested size: 469.75386pt x 325.2142pt.
<Frequency_Analysis_files/figure-latex/Ningaloo_Reef-14.pdf, id=249, 469.755pt 
x 325.215pt>
File: Frequency_Analysis_files/figure-latex/Ningaloo_Reef-14.pdf Graphic file (
type pdf)
<use Frequency_Analysis_files/figure-latex/Ningaloo_Reef-14.pdf>
Package pdftex.def Info: Frequency_Analysis_files/figure-latex/Ningaloo_Reef-14
.pdf  used on input line 441.
(pdftex.def)             Requested size: 469.75386pt x 325.2142pt.

Underfull \hbox (badness 10000) in paragraph at lines 440--442
[][]
 []

[21 <./Frequency_Analysis_files/figure-latex/Ningaloo_Reef-12.pdf>] [22 <./Freq
uency_Analysis_files/figure-latex/Ningaloo_Reef-13.pdf>] [23 <./Frequency_Analy
sis_files/figure-latex/Ningaloo_Reef-14.pdf>]
<Frequency_Analysis_files/figure-latex/Houtman_Abrolhos_Islands-1.pdf, id=277, 
469.755pt x 325.215pt>
File: Frequency_Analysis_files/figure-latex/Houtman_Abrolhos_Islands-1.pdf Grap
hic file (type pdf)
<use Frequency_Analysis_files/figure-latex/Houtman_Abrolhos_Islands-1.pdf>
Package pdftex.def Info: Frequency_Analysis_files/figure-latex/Houtman_Abrolhos
_Islands-1.pdf  used on input line 486.
(pdftex.def)             Requested size: 469.75386pt x 325.2142pt.
<Frequency_Analysis_files/figure-latex/Houtman_Abrolhos_Islands-2.pdf, id=278, 
469.755pt x 325.215pt>
File: Frequency_Analysis_files/figure-latex/Houtman_Abrolhos_Islands-2.pdf Grap
hic file (type pdf)
<use Frequency_Analysis_files/figure-latex/Houtman_Abrolhos_Islands-2.pdf>
Package pdftex.def Info: Frequency_Analysis_files/figure-latex/Houtman_Abrolhos
_Islands-2.pdf  used on input line 487.
(pdftex.def)             Requested size: 469.75386pt x 325.2142pt.

Underfull \hbox (badness 10000) in paragraph at lines 486--488
[][]
 []

[24 <./Frequency_Analysis_files/figure-latex/Houtman_Abrolhos_Islands-1.pdf>]
<Frequency_Analysis_files/figure-latex/Houtman_Abrolhos_Islands-3.pdf, id=289, 
469.755pt x 325.215pt>
File: Frequency_Analysis_files/figure-latex/Houtman_Abrolhos_Islands-3.pdf Grap
hic file (type pdf)
<use Frequency_Analysis_files/figure-latex/Houtman_Abrolhos_Islands-3.pdf>
Package pdftex.def Info: Frequency_Analysis_files/figure-latex/Houtman_Abrolhos
_Islands-3.pdf  used on input line 517.
(pdftex.def)             Requested size: 469.75386pt x 325.2142pt.
<Frequency_Analysis_files/figure-latex/Houtman_Abrolhos_Islands-4.pdf, id=290, 
469.755pt x 325.215pt>
File: Frequency_Analysis_files/figure-latex/Houtman_Abrolhos_Islands-4.pdf Grap
hic file (type pdf)
<use Frequency_Analysis_files/figure-latex/Houtman_Abrolhos_Islands-4.pdf>
Package pdftex.def Info: Frequency_Analysis_files/figure-latex/Houtman_Abrolhos
_Islands-4.pdf  used on input line 518.
(pdftex.def)             Requested size: 469.75386pt x 325.2142pt.

Underfull \hbox (badness 10000) in paragraph at lines 517--519
[][]
 []

[25 <./Frequency_Analysis_files/figure-latex/Houtman_Abrolhos_Islands-2.pdf>] [
26 <./Frequency_Analysis_files/figure-latex/Houtman_Abrolhos_Islands-3.pdf>]
<Frequency_Analysis_files/figure-latex/Houtman_Abrolhos_Islands-5.pdf, id=311, 
469.755pt x 325.215pt>
File: Frequency_Analysis_files/figure-latex/Houtman_Abrolhos_Islands-5.pdf Grap
hic file (type pdf)
<use Frequency_Analysis_files/figure-latex/Houtman_Abrolhos_Islands-5.pdf>
Package pdftex.def Info: Frequency_Analysis_files/figure-latex/Houtman_Abrolhos
_Islands-5.pdf  used on input line 550.
(pdftex.def)             Requested size: 469.75386pt x 325.2142pt.
[27 <./Frequency_Analysis_files/figure-latex/Houtman_Abrolhos_Islands-4.pdf>] [
28 <./Frequency_Analysis_files/figure-latex/Houtman_Abrolhos_Islands-5.pdf>] [2
9]
<Frequency_Analysis_files/figure-latex/Browse_island_Plots_Table-1.pdf, id=338,
 469.755pt x 325.215pt>
File: Frequency_Analysis_files/figure-latex/Browse_island_Plots_Table-1.pdf Gra
phic file (type pdf)
<use Frequency_Analysis_files/figure-latex/Browse_island_Plots_Table-1.pdf>
Package pdftex.def Info: Frequency_Analysis_files/figure-latex/Browse_island_Pl
ots_Table-1.pdf  used on input line 597.
(pdftex.def)             Requested size: 469.75386pt x 325.2142pt.
<Frequency_Analysis_files/figure-latex/Browse_island_Plots_Table-2.pdf, id=339,
 469.755pt x 325.215pt>
File: Frequency_Analysis_files/figure-latex/Browse_island_Plots_Table-2.pdf Gra
phic file (type pdf)
<use Frequency_Analysis_files/figure-latex/Browse_island_Plots_Table-2.pdf>
Package pdftex.def Info: Frequency_Analysis_files/figure-latex/Browse_island_Pl
ots_Table-2.pdf  used on input line 598.
(pdftex.def)             Requested size: 469.75386pt x 325.2142pt.

Underfull \hbox (badness 10000) in paragraph at lines 597--599
[][]
 []

[30 <./Frequency_Analysis_files/figure-latex/Browse_island_Plots_Table-1.pdf>] 
[31 <./Frequency_Analysis_files/figure-latex/Browse_island_Plots_Table-2.pdf>]
<Frequency_Analysis_files/figure-latex/Cocos_Keeling_Plots_Table-1.pdf, id=365,
 469.755pt x 325.215pt>
File: Frequency_Analysis_files/figure-latex/Cocos_Keeling_Plots_Table-1.pdf Gra
phic file (type pdf)
<use Frequency_Analysis_files/figure-latex/Cocos_Keeling_Plots_Table-1.pdf>
Package pdftex.def Info: Frequency_Analysis_files/figure-latex/Cocos_Keeling_Pl
ots_Table-1.pdf  used on input line 601.
(pdftex.def)             Requested size: 469.75386pt x 325.2142pt.
<Frequency_Analysis_files/figure-latex/Cocos_Keeling_Plots_Table-2.pdf, id=366,
 469.755pt x 325.215pt>
File: Frequency_Analysis_files/figure-latex/Cocos_Keeling_Plots_Table-2.pdf Gra
phic file (type pdf)
<use Frequency_Analysis_files/figure-latex/Cocos_Keeling_Plots_Table-2.pdf>
Package pdftex.def Info: Frequency_Analysis_files/figure-latex/Cocos_Keeling_Pl
ots_Table-2.pdf  used on input line 602.
(pdftex.def)             Requested size: 469.75386pt x 325.2142pt.

Underfull \hbox (badness 10000) in paragraph at lines 601--603
[][]
 []

[32 <./Frequency_Analysis_files/figure-latex/Cocos_Keeling_Plots_Table-1.pdf>] 
[33 <./Frequency_Analysis_files/figure-latex/Cocos_Keeling_Plots_Table-2.pdf>]
<Frequency_Analysis_files/figure-latex/Ningaloo_Plots_Table-1.pdf, id=391, 469.
755pt x 325.215pt>
File: Frequency_Analysis_files/figure-latex/Ningaloo_Plots_Table-1.pdf Graphic 
file (type pdf)
<use Frequency_Analysis_files/figure-latex/Ningaloo_Plots_Table-1.pdf>
Package pdftex.def Info: Frequency_Analysis_files/figure-latex/Ningaloo_Plots_T
able-1.pdf  used on input line 604.
(pdftex.def)             Requested size: 469.75386pt x 325.2142pt.
<Frequency_Analysis_files/figure-latex/Ningaloo_Plots_Table-2.pdf, id=392, 469.
755pt x 325.215pt>
File: Frequency_Analysis_files/figure-latex/Ningaloo_Plots_Table-2.pdf Graphic 
file (type pdf)
<use Frequency_Analysis_files/figure-latex/Ningaloo_Plots_Table-2.pdf>
Package pdftex.def Info: Frequency_Analysis_files/figure-latex/Ningaloo_Plots_T
able-2.pdf  used on input line 605.
(pdftex.def)             Requested size: 469.75386pt x 325.2142pt.
<Frequency_Analysis_files/figure-latex/Ningaloo_Plots_Table-3.pdf, id=393, 469.
755pt x 325.215pt>
File: Frequency_Analysis_files/figure-latex/Ningaloo_Plots_Table-3.pdf Graphic 
file (type pdf)
<use Frequency_Analysis_files/figure-latex/Ningaloo_Plots_Table-3.pdf>
Package pdftex.def Info: Frequency_Analysis_files/figure-latex/Ningaloo_Plots_T
able-3.pdf  used on input line 606.
(pdftex.def)             Requested size: 469.75386pt x 325.2142pt.
<Frequency_Analysis_files/figure-latex/Ningaloo_Plots_Table-4.pdf, id=394, 469.
755pt x 325.215pt>
File: Frequency_Analysis_files/figure-latex/Ningaloo_Plots_Table-4.pdf Graphic 
file (type pdf)
<use Frequency_Analysis_files/figure-latex/Ningaloo_Plots_Table-4.pdf>
Package pdftex.def Info: Frequency_Analysis_files/figure-latex/Ningaloo_Plots_T
able-4.pdf  used on input line 607.
(pdftex.def)             Requested size: 469.75386pt x 325.2142pt.
<Frequency_Analysis_files/figure-latex/Ningaloo_Plots_Table-5.pdf, id=395, 469.
755pt x 325.215pt>
File: Frequency_Analysis_files/figure-latex/Ningaloo_Plots_Table-5.pdf Graphic 
file (type pdf)
<use Frequency_Analysis_files/figure-latex/Ningaloo_Plots_Table-5.pdf>
Package pdftex.def Info: Frequency_Analysis_files/figure-latex/Ningaloo_Plots_T
able-5.pdf  used on input line 608.
(pdftex.def)             Requested size: 469.75386pt x 325.2142pt.
<Frequency_Analysis_files/figure-latex/Ningaloo_Plots_Table-6.pdf, id=396, 469.
755pt x 325.215pt>
File: Frequency_Analysis_files/figure-latex/Ningaloo_Plots_Table-6.pdf Graphic 
file (type pdf)
<use Frequency_Analysis_files/figure-latex/Ningaloo_Plots_Table-6.pdf>
Package pdftex.def Info: Frequency_Analysis_files/figure-latex/Ningaloo_Plots_T
able-6.pdf  used on input line 609.
(pdftex.def)             Requested size: 469.75386pt x 325.2142pt.
<Frequency_Analysis_files/figure-latex/Ningaloo_Plots_Table-7.pdf, id=397, 469.
755pt x 325.215pt>
File: Frequency_Analysis_files/figure-latex/Ningaloo_Plots_Table-7.pdf Graphic 
file (type pdf)
<use Frequency_Analysis_files/figure-latex/Ningaloo_Plots_Table-7.pdf>
Package pdftex.def Info: Frequency_Analysis_files/figure-latex/Ningaloo_Plots_T
able-7.pdf  used on input line 610.
(pdftex.def)             Requested size: 469.75386pt x 325.2142pt.

Underfull \hbox (badness 10000) in paragraph at lines 604--611
[][]
 []


Underfull \hbox (badness 10000) in paragraph at lines 604--611
[]
 []


Underfull \hbox (badness 10000) in paragraph at lines 604--611
[]
 []


Underfull \hbox (badness 10000) in paragraph at lines 604--611
[]
 []


Underfull \hbox (badness 10000) in paragraph at lines 604--611
[]
 []


Underfull \hbox (badness 10000) in paragraph at lines 604--611
[]
 []

[34 <./Frequency_Analysis_files/figure-latex/Ningaloo_Plots_Table-1.pdf>] [35 <
./Frequency_Analysis_files/figure-latex/Ningaloo_Plots_Table-2.pdf>] [36 <./Fre
quency_Analysis_files/figure-latex/Ningaloo_Plots_Table-3.pdf>] [37 <./Frequenc
y_Analysis_files/figure-latex/Ningaloo_Plots_Table-4.pdf>] [38 <./Frequency_Ana
lysis_files/figure-latex/Ningaloo_Plots_Table-5.pdf>] [39 <./Frequency_Analysis
_files/figure-latex/Ningaloo_Plots_Table-6.pdf>] [40 <./Frequency_Analysis_file
s/figure-latex/Ningaloo_Plots_Table-7.pdf>]
<Frequency_Analysis_files/figure-latex/Houtman_Abrolhos_Plots_Table-1.pdf, id=4
84, 469.755pt x 325.215pt>
File: Frequency_Analysis_files/figure-latex/Houtman_Abrolhos_Plots_Table-1.pdf 
Graphic file (type pdf)
<use Frequency_Analysis_files/figure-latex/Houtman_Abrolhos_Plots_Table-1.pdf>
Package pdftex.def Info: Frequency_Analysis_files/figure-latex/Houtman_Abrolhos
_Plots_Table-1.pdf  used on input line 612.
(pdftex.def)             Requested size: 469.75386pt x 325.2142pt.
<Frequency_Analysis_files/figure-latex/Houtman_Abrolhos_Plots_Table-2.pdf, id=4
85, 469.755pt x 325.215pt>
File: Frequency_Analysis_files/figure-latex/Houtman_Abrolhos_Plots_Table-2.pdf 
Graphic file (type pdf)
<use Frequency_Analysis_files/figure-latex/Houtman_Abrolhos_Plots_Table-2.pdf>
Package pdftex.def Info: Frequency_Analysis_files/figure-latex/Houtman_Abrolhos
_Plots_Table-2.pdf  used on input line 613.
(pdftex.def)             Requested size: 469.75386pt x 325.2142pt.
<Frequency_Analysis_files/figure-latex/Houtman_Abrolhos_Plots_Table-3.pdf, id=4
86, 469.755pt x 325.215pt>
File: Frequency_Analysis_files/figure-latex/Houtman_Abrolhos_Plots_Table-3.pdf 
Graphic file (type pdf)
<use Frequency_Analysis_files/figure-latex/Houtman_Abrolhos_Plots_Table-3.pdf>
Package pdftex.def Info: Frequency_Analysis_files/figure-latex/Houtman_Abrolhos
_Plots_Table-3.pdf  used on input line 614.
(pdftex.def)             Requested size: 469.75386pt x 325.2142pt.

Underfull \hbox (badness 10000) in paragraph at lines 612--615
[][]
 []


Underfull \hbox (badness 10000) in paragraph at lines 612--615
[]
 []

[41 <./Frequency_Analysis_files/figure-latex/Houtman_Abrolhos_Plots_Table-1.pdf
>] [42 <./Frequency_Analysis_files/figure-latex/Houtman_Abrolhos_Plots_Table-2.
pdf>] [43 <./Frequency_Analysis_files/figure-latex/Houtman_Abrolhos_Plots_Table
-3.pdf>]
Overfull \hbox (6.22267pt too wide) in paragraph at lines 646--646
 []\T1/lmr/m/n/10 TNT07C| 
 []


Overfull \hbox (6.63966pt too wide) in paragraph at lines 646--646
 []\T1/lmr/m/n/10 BUN05A| 
 []


Overfull \hbox (6.63966pt too wide) in paragraph at lines 646--646
 []\T1/lmr/m/n/10 HAB10A 
 []


Overfull \hbox (2.61226pt too wide) in paragraph at lines 646--646
 []$\OMS/lmsy/m/n/10 ^^@\OT1/lmr/m/n/10 15\OML/lmm/m/it/10 :\OT1/lmr/m/n/10 892
$| 
 []


Overfull \hbox (2.61226pt too wide) in paragraph at lines 646--646
 []$\OMS/lmsy/m/n/10 ^^@\OT1/lmr/m/n/10 18\OML/lmm/m/it/10 :\OT1/lmr/m/n/10 394
$| 
 []


Overfull \hbox (7.61226pt too wide) in paragraph at lines 646--646
 []$\OMS/lmsy/m/n/10 ^^@\OT1/lmr/m/n/10 344\OML/lmm/m/it/10 :\OT1/lmr/m/n/10 02
1$| 
 []


Overfull \hbox (2.61226pt too wide) in paragraph at lines 646--646
 []$\OMS/lmsy/m/n/10 ^^@\OT1/lmr/m/n/10 13\OML/lmm/m/it/10 :\OT1/lmr/m/n/10 498
$| 
 []


Overfull \hbox (2.61226pt too wide) in paragraph at lines 646--646
 []$\OMS/lmsy/m/n/10 ^^@\OT1/lmr/m/n/10 15\OML/lmm/m/it/10 :\OT1/lmr/m/n/10 825
$| 
 []


Overfull \hbox (2.61226pt too wide) in paragraph at lines 646--646
 []$\OMS/lmsy/m/n/10 ^^@\OT1/lmr/m/n/10 12\OML/lmm/m/it/10 :\OT1/lmr/m/n/10 655
$| 
 []


Overfull \hbox (7.61226pt too wide) in paragraph at lines 646--646
 []$\OMS/lmsy/m/n/10 ^^@\OT1/lmr/m/n/10 502\OML/lmm/m/it/10 :\OT1/lmr/m/n/10 39
8$| 
 []


Overfull \hbox (2.61226pt too wide) in paragraph at lines 646--646
 []$\OMS/lmsy/m/n/10 ^^@\OT1/lmr/m/n/10 12\OML/lmm/m/it/10 :\OT1/lmr/m/n/10 498
$| 
 []


Overfull \hbox (7.61247pt too wide) in paragraph at lines 646--646
 []\T1/lmr/m/n/10 ($\OT1/lmr/m/n/10 129\OML/lmm/m/it/10 :\OT1/lmr/m/n/10 197$\T
1/lmr/m/n/10 )| 
 []


Overfull \hbox (2.61247pt too wide) in paragraph at lines 646--646
 []\T1/lmr/m/n/10 ($\OT1/lmr/m/n/10 68\OML/lmm/m/it/10 :\OT1/lmr/m/n/10 200$\T1
/lmr/m/n/10 )| 
 []


Overfull \hbox (2.61226pt too wide) in paragraph at lines 646--646
 []$\OMS/lmsy/m/n/10 ^^@\OT1/lmr/m/n/10 40\OML/lmm/m/it/10 :\OT1/lmr/m/n/10 056
$| 
 []


Overfull \hbox (5.52963pt too wide) in paragraph at lines 622--647
 [][] 
 []


Overfull \hbox (2.2109pt too wide) in paragraph at lines 679--679
 []\T1/lmr/m/n/10 13TNT| 
 []


Overfull \hbox (2.2109pt too wide) in paragraph at lines 679--679
 []\T1/lmr/m/n/10 08TNT| 
 []


Overfull \hbox (9.4329pt too wide) in paragraph at lines 679--679
 []\T1/lmr/m/n/10 TNT07C| 
 []


Overfull \hbox (2.4889pt too wide) in paragraph at lines 679--679
 []\T1/lmr/m/n/10 13BND| 
 []


Overfull \hbox (2.4889pt too wide) in paragraph at lines 679--679
 []\T1/lmr/m/n/10 08BND| 
 []


Overfull \hbox (9.8499pt too wide) in paragraph at lines 679--679
 []\T1/lmr/m/n/10 BUN05A| 
 []


Overfull \hbox (3.60031pt too wide) in paragraph at lines 679--679
 []\T1/lmr/m/n/10 Wallabi 
 []


Overfull \hbox (9.8499pt too wide) in paragraph at lines 679--679
 []\T1/lmr/m/n/10 HAB10A 
 []


Overfull \hbox (9.43289pt too wide) in paragraph at lines 679--679
 []\T1/lmr/m/n/10 HAB05B 
 []


Overfull \hbox (5.8225pt too wide) in paragraph at lines 679--679
 []$\OMS/lmsy/m/n/10 ^^@\OT1/lmr/m/n/10 16\OML/lmm/m/it/10 :\OT1/lmr/m/n/10 577
$| 
 []


Overfull \hbox (3.0447pt too wide) in paragraph at lines 679--679
 []$\OT1/lmr/m/n/10 531\OML/lmm/m/it/10 :\OT1/lmr/m/n/10 158$| 
 []


Overfull \hbox (0.82271pt too wide) in paragraph at lines 679--679
 []\T1/lmr/m/n/10 ($\OT1/lmr/m/n/10 0\OML/lmm/m/it/10 :\OT1/lmr/m/n/10 875$\T1/
lmr/m/n/10 )| 
 []


Overfull \hbox (10.82271pt too wide) in paragraph at lines 679--679
 []\T1/lmr/m/n/10 ($\OT1/lmr/m/n/10 247\OML/lmm/m/it/10 :\OT1/lmr/m/n/10 970$\T
1/lmr/m/n/10 )| 
 []


Overfull \hbox (5.8225pt too wide) in paragraph at lines 679--679
 []$\OMS/lmsy/m/n/10 ^^@\OT1/lmr/m/n/10 31\OML/lmm/m/it/10 :\OT1/lmr/m/n/10 095
$| 
 []


Overfull \hbox (5.82271pt too wide) in paragraph at lines 679--679
 []\T1/lmr/m/n/10 ($\OT1/lmr/m/n/10 14\OML/lmm/m/it/10 :\OT1/lmr/m/n/10 024$\T1
/lmr/m/n/10 )| 
 []


Overfull \hbox (0.8225pt too wide) in paragraph at lines 679--679
 []$\OMS/lmsy/m/n/10 ^^@\OT1/lmr/m/n/10 8\OML/lmm/m/it/10 :\OT1/lmr/m/n/10 096$
| 
 []


Overfull \hbox (0.8225pt too wide) in paragraph at lines 679--679
 []$\OMS/lmsy/m/n/10 ^^@\OT1/lmr/m/n/10 8\OML/lmm/m/it/10 :\OT1/lmr/m/n/10 096$
| 
 []


Overfull \hbox (0.82271pt too wide) in paragraph at lines 679--679
 []\T1/lmr/m/n/10 ($\OT1/lmr/m/n/10 0\OML/lmm/m/it/10 :\OT1/lmr/m/n/10 890$\T1/
lmr/m/n/10 )| 
 []


Overfull \hbox (0.82271pt too wide) in paragraph at lines 679--679
 []\T1/lmr/m/n/10 ($\OT1/lmr/m/n/10 0\OML/lmm/m/it/10 :\OT1/lmr/m/n/10 890$\T1/
lmr/m/n/10 )| 
 []


Overfull \hbox (10.8225pt too wide) in paragraph at lines 679--679
 []$\OMS/lmsy/m/n/10 ^^@\OT1/lmr/m/n/10 435\OML/lmm/m/it/10 :\OT1/lmr/m/n/10 07
6$| 
 []


Overfull \hbox (5.8225pt too wide) in paragraph at lines 679--679
 []$\OMS/lmsy/m/n/10 ^^@\OT1/lmr/m/n/10 13\OML/lmm/m/it/10 :\OT1/lmr/m/n/10 400
$| 
 []


Overfull \hbox (0.8225pt too wide) in paragraph at lines 679--679
 []$\OMS/lmsy/m/n/10 ^^@\OT1/lmr/m/n/10 6\OML/lmm/m/it/10 :\OT1/lmr/m/n/10 812$
| 
 []


Overfull \hbox (5.8225pt too wide) in paragraph at lines 679--679
 []$\OMS/lmsy/m/n/10 ^^@\OT1/lmr/m/n/10 15\OML/lmm/m/it/10 :\OT1/lmr/m/n/10 918
$| 
 []


Overfull \hbox (0.8225pt too wide) in paragraph at lines 679--679
 []$\OMS/lmsy/m/n/10 ^^@\OT1/lmr/m/n/10 3\OML/lmm/m/it/10 :\OT1/lmr/m/n/10 654$
| 
 []


Overfull \hbox (10.8225pt too wide) in paragraph at lines 679--679
 []$\OMS/lmsy/m/n/10 ^^@\OT1/lmr/m/n/10 185\OML/lmm/m/it/10 :\OT1/lmr/m/n/10 80
7$| 
 []


Overfull \hbox (5.8225pt too wide) in paragraph at lines 679--679
 []$\OMS/lmsy/m/n/10 ^^@\OT1/lmr/m/n/10 19\OML/lmm/m/it/10 :\OT1/lmr/m/n/10 640
$| 
 []


Overfull \hbox (10.82271pt too wide) in paragraph at lines 679--679
 []\T1/lmr/m/n/10 ($\OT1/lmr/m/n/10 131\OML/lmm/m/it/10 :\OT1/lmr/m/n/10 135$\T
1/lmr/m/n/10 )| 
 []


Overfull \hbox (0.82271pt too wide) in paragraph at lines 679--679
 []\T1/lmr/m/n/10 ($\OT1/lmr/m/n/10 0\OML/lmm/m/it/10 :\OT1/lmr/m/n/10 815$\T1/
lmr/m/n/10 )| 
 []


Overfull \hbox (0.82271pt too wide) in paragraph at lines 679--679
 []\T1/lmr/m/n/10 ($\OT1/lmr/m/n/10 0\OML/lmm/m/it/10 :\OT1/lmr/m/n/10 383$\T1/
lmr/m/n/10 )| 
 []


Overfull \hbox (0.82271pt too wide) in paragraph at lines 679--679
 []\T1/lmr/m/n/10 ($\OT1/lmr/m/n/10 4\OML/lmm/m/it/10 :\OT1/lmr/m/n/10 844$\T1/
lmr/m/n/10 )| 
 []


Overfull \hbox (0.82271pt too wide) in paragraph at lines 679--679
 []\T1/lmr/m/n/10 ($\OT1/lmr/m/n/10 0\OML/lmm/m/it/10 :\OT1/lmr/m/n/10 682$\T1/
lmr/m/n/10 )| 
 []


Overfull \hbox (5.82271pt too wide) in paragraph at lines 679--679
 []\T1/lmr/m/n/10 ($\OT1/lmr/m/n/10 49\OML/lmm/m/it/10 :\OT1/lmr/m/n/10 633$\T1
/lmr/m/n/10 )| 
 []


Overfull \hbox (0.82271pt too wide) in paragraph at lines 679--679
 []\T1/lmr/m/n/10 ($\OT1/lmr/m/n/10 6\OML/lmm/m/it/10 :\OT1/lmr/m/n/10 485$\T1/
lmr/m/n/10 )| 
 []


Overfull \hbox (0.82271pt too wide) in paragraph at lines 679--679
 []\T1/lmr/m/n/10 ($\OT1/lmr/m/n/10 7\OML/lmm/m/it/10 :\OT1/lmr/m/n/10 203$\T1/
lmr/m/n/10 )| 
 []


Overfull \hbox (0.82271pt too wide) in paragraph at lines 679--679
 []\T1/lmr/m/n/10 ($\OT1/lmr/m/n/10 2\OML/lmm/m/it/10 :\OT1/lmr/m/n/10 723$\T1/
lmr/m/n/10 )| 
 []


Overfull \hbox (5.8225pt too wide) in paragraph at lines 679--679
 []$\OMS/lmsy/m/n/10 ^^@\OT1/lmr/m/n/10 36\OML/lmm/m/it/10 :\OT1/lmr/m/n/10 775
$| 
 []


Overfull \hbox (0.8225pt too wide) in paragraph at lines 679--679
 []$\OMS/lmsy/m/n/10 ^^@\OT1/lmr/m/n/10 2\OML/lmm/m/it/10 :\OT1/lmr/m/n/10 363$
| 
 []


Overfull \hbox (5.8225pt too wide) in paragraph at lines 679--679
 []$\OMS/lmsy/m/n/10 ^^@\OT1/lmr/m/n/10 10\OML/lmm/m/it/10 :\OT1/lmr/m/n/10 912
$| 
 []


Overfull \hbox (0.82271pt too wide) in paragraph at lines 679--679
 []\T1/lmr/m/n/10 ($\OT1/lmr/m/n/10 7\OML/lmm/m/it/10 :\OT1/lmr/m/n/10 852$\T1/
lmr/m/n/10 )| 
 []


Overfull \hbox (0.82271pt too wide) in paragraph at lines 679--679
 []\T1/lmr/m/n/10 ($\OT1/lmr/m/n/10 1\OML/lmm/m/it/10 :\OT1/lmr/m/n/10 115$\T1/
lmr/m/n/10 )| 
 []


Overfull \hbox (0.82271pt too wide) in paragraph at lines 679--679
 []\T1/lmr/m/n/10 ($\OT1/lmr/m/n/10 4\OML/lmm/m/it/10 :\OT1/lmr/m/n/10 886$\T1/
lmr/m/n/10 )| 
 []


Overfull \hbox (0.8225pt too wide) in paragraph at lines 679--679
 []$\OMS/lmsy/m/n/10 ^^@\OT1/lmr/m/n/10 4\OML/lmm/m/it/10 :\OT1/lmr/m/n/10 124$
| 
 []


Overfull \hbox (0.82271pt too wide) in paragraph at lines 679--679
 []\T1/lmr/m/n/10 ($\OT1/lmr/m/n/10 0\OML/lmm/m/it/10 :\OT1/lmr/m/n/10 943$\T1/
lmr/m/n/10 )| 
 []

[44pdfTeX warning (ext4): destination with the same identifier (name{table.1}) 
has been already used, duplicate ignored
<argument> ...shipout:D \box_use:N \l_shipout_box 
                                                  \__shipout_drop_firstpage_...
l.681 \end{landscape}
                     ] [45pdfTeX warning (ext4): destination with the same iden
tifier (name{table.2}) has been already used, duplicate ignored
<argument> ...shipout:D \box_use:N \l_shipout_box 
                                                  \__shipout_drop_firstpage_...
l.681 \end{landscape}
                     ] (./Frequency_Analysis.aux)

LaTeX Warning: There were multiply-defined labels.

Package rerunfilecheck Info: File `Frequency_Analysis.out' has not changed.
(rerunfilecheck)             Checksum: F0C3B018FF2083FF815C21E2652F16F2;4098.
 ) 
Here is how much of TeX's memory you used:
 14413 strings out of 480559
 266513 string characters out of 5901528
 598658 words of memory out of 5000000
 31685 multiletter control sequences out of 15000+600000
 446510 words of font info for 67 fonts, out of 8000000 for 9000
 14 hyphenation exceptions out of 8191
 70i,16n,81p,883b,786s stack positions out of 5000i,500n,10000p,200000b,80000s
{c:/Users/46217029/AppData/Roaming/TinyTeX/texmf-dist/fonts/enc/dvips/lm/lm-m
athsy.enc}{c:/Users/46217029/AppData/Roaming/TinyTeX/texmf-dist/fonts/enc/dvips
/lm/lm-mathit.enc}{c:/Users/46217029/AppData/Roaming/TinyTeX/texmf-dist/fonts/e
nc/dvips/lm/lm-rm.enc}{c:/Users/46217029/AppData/Roaming/TinyTeX/texmf-dist/fon
ts/enc/dvips/lm/lm-ec.enc}{c:/Users/46217029/AppData/Roaming/TinyTeX/texmf-dist
/fonts/enc/dvips/lm/lm-ts1.enc}<c:/Users/46217029/AppData/Roaming/TinyTeX/texmf
-dist/fonts/type1/public/lm/lmbx12.pfb><c:/Users/46217029/AppData/Roaming/TinyT
eX/texmf-dist/fonts/type1/public/lm/lmmi10.pfb><c:/Users/46217029/AppData/Roami
ng/TinyTeX/texmf-dist/fonts/type1/public/lm/lmr10.pfb><c:/Users/46217029/AppDat
a/Roaming/TinyTeX/texmf-dist/fonts/type1/public/lm/lmr12.pfb><c:/Users/46217029
/AppData/Roaming/TinyTeX/texmf-dist/fonts/type1/public/lm/lmr17.pfb><c:/Users/4
6217029/AppData/Roaming/TinyTeX/texmf-dist/fonts/type1/public/lm/lmsy10.pfb><c:
/Users/46217029/AppData/Roaming/TinyTeX/texmf-dist/fonts/type1/public/lm/lmtt10
.pfb>
Output written on Frequency_Analysis.pdf (45 pages, 910989 bytes).
PDF statistics:
 593 PDF objects out of 1000 (max. 8388607)
 443 compressed objects within 5 object streams
 64 named destinations out of 1000 (max. 500000)
 270 words of extra memory for PDF output out of 10000 (max. 10000000)

